2023-04-20 03:14:23.737 [info] Log level: Info
2023-04-20 03:14:23.737 [info] Validating found git in: "git"
2023-04-20 03:14:23.737 [info] Using git "2.17.1" from "git"
2023-04-20 03:14:23.737 [info] > git rev-parse --show-toplevel [22ms]
2023-04-20 03:14:23.754 [info] > git rev-parse --git-dir --git-common-dir [9ms]
2023-04-20 03:14:23.768 [info] Open repository: /home/devinlclarke/converter_project/currency_converter_project
2023-04-20 03:14:23.833 [info] > git rev-parse --show-toplevel [55ms]
2023-04-20 03:14:23.855 [info] > git rev-parse --show-toplevel [14ms]
2023-04-20 03:14:23.866 [info] > git config --get commit.template [33ms]
2023-04-20 03:14:23.900 [info] > git rev-parse --show-toplevel [36ms]
2023-04-20 03:14:23.929 [info] > git rev-parse --show-toplevel [19ms]
2023-04-20 03:14:23.933 [info] > git for-each-ref --format=%(refname)%00%(upstream:short)%00%(objectname)%00%(upstream:track)%00%(upstream:remotename)%00%(upstream:remoteref) refs/heads/main refs/remotes/main [10ms]
2023-04-20 03:14:23.952 [info] > git status -z -uall [6ms]
2023-04-20 03:14:23.973 [info] > git config --get commit.template [4ms]
2023-04-20 03:14:23.983 [info] > git for-each-ref --format=%(refname)%00%(upstream:short)%00%(objectname)%00%(upstream:track)%00%(upstream:remotename)%00%(upstream:remoteref) refs/heads/main refs/remotes/main [2ms]
2023-04-20 03:14:23.991 [info] > git status -z -uall [1ms]
2023-04-20 03:14:24.218 [info] > git show --textconv :src/App.js [7ms]
2023-04-20 03:14:24.219 [info] > git ls-files --stage -- /home/devinlclarke/converter_project/currency_converter_project/src/App.js [1ms]
2023-04-20 03:14:24.226 [info] > git cat-file -s 16e38bd669e07d67bf3ab764e1f0093ee8481777 [2ms]
2023-04-20 03:14:24.355 [info] > git check-ignore -v -z --stdin [1ms]
2023-04-20 03:14:36.583 [info] > git show --textconv :package.json [19ms]
2023-04-20 03:14:36.584 [info] > git ls-files --stage -- /home/devinlclarke/converter_project/currency_converter_project/package.json [15ms]
2023-04-20 03:14:36.589 [info] > git cat-file -s 96303325374b5693374ea8aad889e03ae13b7375 [1ms]
2023-04-20 03:14:56.174 [info] > git config --get commit.template [1ms]
2023-04-20 03:14:56.182 [info] > git for-each-ref --format=%(refname)%00%(upstream:short)%00%(objectname)%00%(upstream:track)%00%(upstream:remotename)%00%(upstream:remoteref) refs/heads/main refs/remotes/main [1ms]
2023-04-20 03:14:56.187 [info] > git status -z -uall [1ms]
2023-04-20 03:15:17.189 [info] > git add -A -- . [4ms]
2023-04-20 03:15:17.585 [info] > git show --textconv :.git/COMMIT_EDITMSG [9ms]
2023-04-20 03:15:17.586 [info] > git ls-files --stage -- /home/devinlclarke/converter_project/currency_converter_project/.git/COMMIT_EDITMSG [2ms]
2023-04-20 03:15:17.871 [info] > git check-ignore -v -z --stdin [2ms]
2023-04-20 03:15:18.433 [info] > git ls-files --stage -- /home/devinlclarke/converter_project/currency_converter_project/.git/COMMIT_EDITMSG [1ms]
2023-04-20 03:15:18.435 [info] > git ls-files --stage -- /home/devinlclarke/converter_project/currency_converter_project/package.json [6ms]
2023-04-20 03:15:18.440 [info] > git ls-files --stage -- /home/devinlclarke/converter_project/currency_converter_project/src/App.js [14ms]
2023-04-20 03:15:18.444 [info] > git cat-file -s 16e38bd669e07d67bf3ab764e1f0093ee8481777 [1ms]
2023-04-20 03:15:18.444 [info] > git cat-file -s d209ad9fe3c4f7d00e6f6424e56aa5aa4ff19bf5 [5ms]
2023-04-20 03:15:18.463 [info] > git show --textconv :.git/COMMIT_EDITMSG [9ms]
2023-04-20 03:15:18.463 [info] > git show --textconv :src/App.js [5ms]
2023-04-20 03:15:18.463 [info] > git show --textconv :package.json [1ms]
