2023-04-20 03:16:05.480 [info] Log level: Info
2023-04-20 03:16:05.480 [info] Validating found git in: "git"
2023-04-20 03:16:05.480 [info] Using git "2.17.1" from "git"
2023-04-20 03:16:05.480 [info] > git rev-parse --show-toplevel [6ms]
2023-04-20 03:16:05.480 [info] > git rev-parse --git-dir --git-common-dir [2ms]
2023-04-20 03:16:05.480 [info] Open repository: /home/devinlclarke/converter_project/currency_converter_project
2023-04-20 03:16:05.480 [info] > git rev-parse --show-toplevel [10ms]
2023-04-20 03:16:05.480 [info] > git rev-parse --show-toplevel [1ms]
2023-04-20 03:16:05.480 [info] > git config --get commit.template [9ms]
2023-04-20 03:16:05.480 [info] > git rev-parse --show-toplevel [1ms]
2023-04-20 03:16:05.480 [info] > git rev-parse --show-toplevel [5ms]
2023-04-20 03:16:05.480 [info] > git for-each-ref --format=%(refname)%00%(upstream:short)%00%(objectname)%00%(upstream:track)%00%(upstream:remotename)%00%(upstream:remoteref) refs/heads/main refs/remotes/main [4ms]
2023-04-20 03:16:05.480 [info] > git status -z -uall [3ms]
2023-04-20 03:16:05.480 [info] > git config --get commit.template [6ms]
2023-04-20 03:16:05.480 [info] > git for-each-ref --format=%(refname)%00%(upstream:short)%00%(objectname)%00%(upstream:track)%00%(upstream:remotename)%00%(upstream:remoteref) refs/heads/main refs/remotes/main [1ms]
2023-04-20 03:16:05.480 [info] > git status -z -uall [1ms]
2023-04-20 03:16:05.643 [info] > git check-ignore -v -z --stdin [1ms]
2023-04-20 03:16:05.660 [info] > git show --textconv :.git/COMMIT_EDITMSG [5ms]
2023-04-20 03:16:05.661 [info] > git ls-files --stage -- /home/devinlclarke/converter_project/currency_converter_project/.git/COMMIT_EDITMSG [2ms]
2023-04-20 03:16:18.933 [info] > git -c user.useConfigOnly=true commit --quiet --allow-empty-message --file - [16ms]
2023-04-20 03:16:18.937 [info] > git config --get commit.template [1ms]
2023-04-20 03:16:18.944 [info] > git config --get commit.template [1ms]
2023-04-20 03:16:18.954 [info] > git for-each-ref --format=%(refname)%00%(upstream:short)%00%(objectname)%00%(upstream:track)%00%(upstream:remotename)%00%(upstream:remoteref) refs/heads/main refs/remotes/main [6ms]
2023-04-20 03:16:18.959 [info] > git status -z -uall [1ms]
2023-04-20 03:16:19.059 [info] > git config --get commit.template [5ms]
2023-04-20 03:16:19.060 [info] > git for-each-ref --format=%(refname)%00%(upstream:short)%00%(objectname)%00%(upstream:track)%00%(upstream:remotename)%00%(upstream:remoteref) refs/heads/main refs/remotes/main [1ms]
2023-04-20 03:16:19.066 [info] > git status -z -uall [2ms]
2023-04-20 03:16:20.053 [info] > git log --oneline --cherry main...main@{upstream} -- [3ms]
2023-04-20 03:16:20.158 [info] > git ls-files --stage -- /home/devinlclarke/converter_project/currency_converter_project/.git/COMMIT_EDITMSG [1ms]
2023-04-20 03:16:20.215 [info] > git show --textconv :.git/COMMIT_EDITMSG [1ms]
2023-04-20 03:16:20.316 [info] > git pull --tags origin main [259ms]
2023-04-20 03:16:20.316 [info] From https://github.com/JamoDevy/currency_converter_project
 * branch            main       -> FETCH_HEAD
2023-04-20 03:16:21.229 [info] > git push origin main:main [909ms]
2023-04-20 03:16:21.229 [info] remote: Resolving deltas:   0% (0/2)        remote: Resolving deltas:  50% (1/2)        remote: Resolving deltas: 100% (2/2)        remote: Resolving deltas: 100% (2/2), completed with 2 local objects.        
To https://github.com/JamoDevy/currency_converter_project.git
   4851f4b..353e7db  main -> main
2023-04-20 03:16:21.240 [info] > git config --get commit.template [4ms]
2023-04-20 03:16:21.241 [info] > git for-each-ref --format=%(refname)%00%(upstream:short)%00%(objectname)%00%(upstream:track)%00%(upstream:remotename)%00%(upstream:remoteref) refs/heads/main refs/remotes/main [1ms]
2023-04-20 03:16:21.244 [info] > git status -z -uall [0ms]
2023-04-20 03:16:22.474 [info] > git config --get commit.template [1ms]
2023-04-20 03:16:22.479 [info] > git for-each-ref --format=%(refname)%00%(upstream:short)%00%(objectname)%00%(upstream:track)%00%(upstream:remotename)%00%(upstream:remoteref) refs/heads/main refs/remotes/main [2ms]
2023-04-20 03:16:22.485 [info] > git status -z -uall [1ms]
2023-04-20 03:16:22.528 [info] > git ls-files --stage -- /home/devinlclarke/converter_project/currency_converter_project/.git/COMMIT_EDITMSG [1ms]
2023-04-20 03:16:22.587 [info] > git show --textconv :.git/COMMIT_EDITMSG [2ms]
2023-04-20 03:16:45.550 [info] > git config --get commit.template [1ms]
2023-04-20 03:16:45.554 [info] > git for-each-ref --format=%(refname)%00%(upstream:short)%00%(objectname)%00%(upstream:track)%00%(upstream:remotename)%00%(upstream:remoteref) refs/heads/main refs/remotes/main [1ms]
2023-04-20 03:16:45.558 [info] > git status -z -uall [1ms]
2023-04-20 03:16:51.466 [info] > git config --get commit.template [0ms]
2023-04-20 03:16:51.470 [info] > git for-each-ref --format=%(refname)%00%(upstream:short)%00%(objectname)%00%(upstream:track)%00%(upstream:remotename)%00%(upstream:remoteref) refs/heads/main refs/remotes/main [0ms]
2023-04-20 03:16:51.474 [info] > git status -z -uall [1ms]
2023-04-20 03:17:10.515 [info] > git check-ignore -v -z --stdin [1ms]
2023-04-20 03:21:50.741 [info] > git show --textconv :src/App.js [6ms]
2023-04-20 03:21:50.742 [info] > git ls-files --stage -- /home/devinlclarke/converter_project/currency_converter_project/src/App.js [1ms]
2023-04-20 03:21:50.750 [info] > git cat-file -s 16e38bd669e07d67bf3ab764e1f0093ee8481777 [1ms]
2023-04-20 03:24:35.169 [info] > git ls-files --stage -- /home/devinlclarke/converter_project/currency_converter_project/src/CurrencyConverter.js [2ms]
2023-04-20 03:24:35.180 [info] > git cat-file -s 346fa2586a62f80de253b690a5c25cf0f1d151c0 [6ms]
2023-04-20 03:24:35.180 [info] > git show --textconv :src/CurrencyConverter.js [16ms]
2023-04-20 03:24:42.669 [info] > git config --get commit.template [9ms]
2023-04-20 03:24:42.670 [info] > git for-each-ref --format=%(refname)%00%(upstream:short)%00%(objectname)%00%(upstream:track)%00%(upstream:remotename)%00%(upstream:remoteref) refs/heads/main refs/remotes/main [3ms]
2023-04-20 03:24:42.677 [info] > git status -z -uall [1ms]
2023-04-20 03:24:45.238 [info] > git ls-files --stage -- /home/devinlclarke/converter_project/currency_converter_project/src/SingleConverter.js [1ms]
2023-04-20 03:24:45.249 [info] > git show --textconv :src/SingleConverter.js [16ms]
2023-04-20 03:24:45.250 [info] > git cat-file -s 64aea1045d246de0e06bcbff14c2851edfb6e843 [9ms]
2023-04-20 03:25:07.943 [info] > git add -A -- . [5ms]
2023-04-20 03:25:07.958 [info] > git -c user.useConfigOnly=true commit --quiet --allow-empty-message --file - [9ms]
2023-04-20 03:25:07.964 [info] > git config --get commit.template [0ms]
2023-04-20 03:25:07.974 [info] > git config --get commit.template [2ms]
2023-04-20 03:25:07.981 [info] > git for-each-ref --format=%(refname)%00%(upstream:short)%00%(objectname)%00%(upstream:track)%00%(upstream:remotename)%00%(upstream:remoteref) refs/heads/main refs/remotes/main [1ms]
2023-04-20 03:25:07.987 [info] > git status -z -uall [1ms]
2023-04-20 03:25:08.060 [info] > git config --get commit.template [1ms]
2023-04-20 03:25:08.066 [info] > git for-each-ref --format=%(refname)%00%(upstream:short)%00%(objectname)%00%(upstream:track)%00%(upstream:remotename)%00%(upstream:remoteref) refs/heads/main refs/remotes/main [1ms]
2023-04-20 03:25:08.072 [info] > git status -z -uall [1ms]
2023-04-20 03:25:09.176 [info] > git ls-files --stage -- /home/devinlclarke/converter_project/currency_converter_project/src/SingleConverter.js [1ms]
2023-04-20 03:25:09.179 [info] > git ls-files --stage -- /home/devinlclarke/converter_project/currency_converter_project/src/CurrencyConverter.js [7ms]
2023-04-20 03:25:09.184 [info] > git cat-file -s 64aea1045d246de0e06bcbff14c2851edfb6e843 [3ms]
2023-04-20 03:25:09.184 [info] > git cat-file -s 4893e565503542f44a20f5b0f0c5921ef561a86c [2ms]
2023-04-20 03:25:09.196 [info] > git show --textconv :src/SingleConverter.js [4ms]
2023-04-20 03:25:09.197 [info] > git show --textconv :src/CurrencyConverter.js [1ms]
2023-04-20 03:25:10.507 [info] > git log --oneline --cherry main...main@{upstream} -- [2ms]
2023-04-20 03:25:10.729 [info] > git pull --tags origin main [216ms]
2023-04-20 03:25:10.729 [info] From https://github.com/JamoDevy/currency_converter_project
 * branch            main       -> FETCH_HEAD
2023-04-20 03:25:11.602 [info] > git push origin main:main [869ms]
2023-04-20 03:25:11.602 [info] remote: Resolving deltas:   0% (0/3)        remote: Resolving deltas:  33% (1/3)        remote: Resolving deltas:  66% (2/3)        remote: Resolving deltas: 100% (3/3)        remote: Resolving deltas: 100% (3/3), completed with 3 local objects.        
To https://github.com/JamoDevy/currency_converter_project.git
   353e7db..2792063  main -> main
2023-04-20 03:25:11.608 [info] > git config --get commit.template [1ms]
2023-04-20 03:25:11.613 [info] > git for-each-ref --format=%(refname)%00%(upstream:short)%00%(objectname)%00%(upstream:track)%00%(upstream:remotename)%00%(upstream:remoteref) refs/heads/main refs/remotes/main [1ms]
2023-04-20 03:25:11.617 [info] > git status -z -uall [1ms]
2023-04-20 03:25:12.799 [info] > git config --get commit.template [2ms]
2023-04-20 03:25:12.807 [info] > git for-each-ref --format=%(refname)%00%(upstream:short)%00%(objectname)%00%(upstream:track)%00%(upstream:remotename)%00%(upstream:remoteref) refs/heads/main refs/remotes/main [2ms]
2023-04-20 03:25:12.812 [info] > git status -z -uall [0ms]
2023-04-20 03:25:12.905 [info] > git ls-files --stage -- /home/devinlclarke/converter_project/currency_converter_project/src/CurrencyConverter.js [6ms]
2023-04-20 03:25:12.910 [info] > git ls-files --stage -- /home/devinlclarke/converter_project/currency_converter_project/src/SingleConverter.js [6ms]
2023-04-20 03:25:12.916 [info] > git cat-file -s 64aea1045d246de0e06bcbff14c2851edfb6e843 [1ms]
2023-04-20 03:25:12.916 [info] > git cat-file -s 4893e565503542f44a20f5b0f0c5921ef561a86c [7ms]
2023-04-20 03:25:12.933 [info] > git show --textconv :src/SingleConverter.js [5ms]
2023-04-20 03:25:12.933 [info] > git show --textconv :src/CurrencyConverter.js [1ms]
2023-04-20 03:27:33.382 [info] > git config --get commit.template [0ms]
2023-04-20 03:27:33.386 [info] > git for-each-ref --format=%(refname)%00%(upstream:short)%00%(objectname)%00%(upstream:track)%00%(upstream:remotename)%00%(upstream:remoteref) refs/heads/main refs/remotes/main [0ms]
2023-04-20 03:27:33.392 [info] > git status -z -uall [1ms]
2023-04-20 03:27:49.494 [info] > git config --get commit.template [9ms]
2023-04-20 03:27:49.494 [info] > git for-each-ref --format=%(refname)%00%(upstream:short)%00%(objectname)%00%(upstream:track)%00%(upstream:remotename)%00%(upstream:remoteref) refs/heads/main refs/remotes/main [1ms]
2023-04-20 03:27:49.503 [info] > git status -z -uall [1ms]
