2023-04-20 01:56:47.963 [info] Log level: Info
2023-04-20 01:56:47.963 [info] Validating found git in: "git"
2023-04-20 01:56:47.963 [info] Using git "2.17.1" from "git"
2023-04-20 01:56:47.963 [info] > git rev-parse --show-toplevel [6ms]
2023-04-20 01:56:47.963 [info] > git rev-parse --git-dir --git-common-dir [24ms]
2023-04-20 01:56:47.963 [info] Open repository: /home/devinlclarke/altcademy_projects/exchange-rate-site-2
2023-04-20 01:56:47.963 [info] > git rev-parse --show-toplevel [5ms]
2023-04-20 01:56:47.963 [info] > git rev-parse --show-toplevel [1ms]
2023-04-20 01:56:47.966 [info] > git config --get commit.template [7ms]
2023-04-20 01:56:47.971 [info] No remotes found in the git config file.
2023-04-20 01:56:47.987 [info] > git for-each-ref --format=%(refname)%00%(upstream:short)%00%(objectname)%00%(upstream:track)%00%(upstream:remotename)%00%(upstream:remoteref) refs/heads/master refs/remotes/master [17ms]
2023-04-20 01:56:47.992 [info] > git status -z -uall [2ms]
2023-04-20 01:56:48.004 [info] > git config --get commit.template [5ms]
2023-04-20 01:56:48.008 [info] No remotes found in the git config file.
2023-04-20 01:56:48.008 [info] > git for-each-ref --format=%(refname)%00%(upstream:short)%00%(objectname)%00%(upstream:track)%00%(upstream:remotename)%00%(upstream:remoteref) refs/heads/master refs/remotes/master [0ms]
2023-04-20 01:56:48.012 [info] > git status -z -uall [1ms]
2023-04-20 01:56:48.493 [info] > git check-ignore -v -z --stdin [1ms]
2023-04-20 01:56:56.060 [info] > git check-ignore -v -z --stdin [2ms]
2023-04-20 01:57:10.442 [info] > git add -A -- . [26ms]
2023-04-20 01:57:10.457 [info] > git -c user.useConfigOnly=true commit --quiet --allow-empty-message --file - [11ms]
2023-04-20 01:57:10.461 [info] > git config --get commit.template [1ms]
2023-04-20 01:57:10.480 [info] > git config --get commit.template [13ms]
2023-04-20 01:57:10.485 [info] No remotes found in the git config file.
2023-04-20 01:57:10.486 [info] > git for-each-ref --format=%(refname)%00%(upstream:short)%00%(objectname)%00%(upstream:track)%00%(upstream:remotename)%00%(upstream:remoteref) refs/heads/master refs/remotes/master [1ms]
2023-04-20 01:57:10.491 [info] > git status -z -uall [1ms]
2023-04-20 01:57:10.659 [info] > git config --get commit.template [1ms]
2023-04-20 01:57:10.667 [info] No remotes found in the git config file.
2023-04-20 01:57:10.667 [info] > git for-each-ref --format=%(refname)%00%(upstream:short)%00%(objectname)%00%(upstream:track)%00%(upstream:remotename)%00%(upstream:remoteref) refs/heads/master refs/remotes/master [1ms]
2023-04-20 01:57:10.672 [info] > git status -z -uall [2ms]
2023-04-20 01:57:18.435 [info] > git remote add origin https://github.com/JamoDevy/exchange-rate-site-2.git [7ms]
2023-04-20 01:57:18.444 [info] > git config --get commit.template [4ms]
2023-04-20 01:57:18.444 [info] > git for-each-ref --format=%(refname)%00%(upstream:short)%00%(objectname)%00%(upstream:track)%00%(upstream:remotename)%00%(upstream:remoteref) refs/heads/master refs/remotes/master [0ms]
2023-04-20 01:57:18.449 [info] > git status -z -uall [1ms]
2023-04-20 01:57:20.623 [info] > git push -u origin master [2169ms]
2023-04-20 01:57:20.623 [info] To https://github.com/JamoDevy/exchange-rate-site-2.git
 * [new branch]      master -> master
2023-04-20 01:57:20.630 [info] > git config --get commit.template [1ms]
2023-04-20 01:57:20.635 [info] > git for-each-ref --format=%(refname)%00%(upstream:short)%00%(objectname)%00%(upstream:track)%00%(upstream:remotename)%00%(upstream:remoteref) refs/heads/master refs/remotes/master [1ms]
2023-04-20 01:57:20.639 [info] > git status -z -uall [1ms]
2023-04-20 01:57:21.761 [info] > git config --get commit.template [4ms]
2023-04-20 01:57:21.761 [info] > git for-each-ref --format=%(refname)%00%(upstream:short)%00%(objectname)%00%(upstream:track)%00%(upstream:remotename)%00%(upstream:remoteref) refs/heads/master refs/remotes/master [1ms]
2023-04-20 01:57:21.768 [info] > git status -z -uall [3ms]
2023-04-20 01:59:07.684 [info] > git config --get commit.template [1ms]
2023-04-20 01:59:07.690 [info] > git for-each-ref --format=%(refname)%00%(upstream:short)%00%(objectname)%00%(upstream:track)%00%(upstream:remotename)%00%(upstream:remoteref) refs/heads/gh-pages refs/remotes/gh-pages [2ms]
2023-04-20 01:59:07.696 [info] > git status -z -uall [0ms]
2023-04-20 01:59:41.215 [info] > git config --get commit.template [1ms]
2023-04-20 01:59:41.222 [info] > git for-each-ref --format=%(refname)%00%(upstream:short)%00%(objectname)%00%(upstream:track)%00%(upstream:remotename)%00%(upstream:remoteref) refs/heads/gh-pages refs/remotes/gh-pages [2ms]
2023-04-20 01:59:41.228 [info] > git status -z -uall [2ms]
2023-04-20 02:00:02.062 [info] > git show --textconv :package.json [5ms]
2023-04-20 02:00:02.063 [info] > git ls-files --stage -- /home/devinlclarke/altcademy_projects/exchange-rate-site-2/package.json [1ms]
2023-04-20 02:00:02.069 [info] > git cat-file -s bb099603191d91819d53f8ae7a73ab8239e120b4 [2ms]
2023-04-20 02:01:45.941 [info] > git config --get commit.template [2ms]
2023-04-20 02:01:45.950 [info] > git for-each-ref --format=%(refname)%00%(upstream:short)%00%(objectname)%00%(upstream:track)%00%(upstream:remotename)%00%(upstream:remoteref) refs/heads/gh-pages refs/remotes/gh-pages [1ms]
2023-04-20 02:01:45.958 [info] > git status -z -uall [2ms]
2023-04-20 02:01:50.971 [info] > git config --get commit.template [1ms]
2023-04-20 02:01:50.976 [info] > git for-each-ref --format=%(refname)%00%(upstream:short)%00%(objectname)%00%(upstream:track)%00%(upstream:remotename)%00%(upstream:remoteref) refs/heads/gh-pages refs/remotes/gh-pages [1ms]
2023-04-20 02:01:50.980 [info] > git status -z -uall [1ms]
2023-04-20 02:01:55.994 [info] > git config --get commit.template [0ms]
2023-04-20 02:01:55.999 [info] > git for-each-ref --format=%(refname)%00%(upstream:short)%00%(objectname)%00%(upstream:track)%00%(upstream:remotename)%00%(upstream:remoteref) refs/heads/gh-pages refs/remotes/gh-pages [1ms]
2023-04-20 02:01:56.003 [info] > git status -z -uall [0ms]
2023-04-20 02:02:39.417 [info] > git config --get commit.template [1ms]
2023-04-20 02:02:39.423 [info] > git for-each-ref --format=%(refname)%00%(upstream:short)%00%(objectname)%00%(upstream:track)%00%(upstream:remotename)%00%(upstream:remoteref) refs/heads/gh-pages refs/remotes/gh-pages [1ms]
2023-04-20 02:02:39.429 [info] > git status -z -uall [0ms]
2023-04-20 02:03:02.022 [info] > git config --get commit.template [2ms]
2023-04-20 02:03:02.027 [info] > git for-each-ref --format=%(refname)%00%(upstream:short)%00%(objectname)%00%(upstream:track)%00%(upstream:remotename)%00%(upstream:remoteref) refs/heads/gh-pages refs/remotes/gh-pages [1ms]
2023-04-20 02:03:02.033 [info] > git status -z -uall [1ms]
2023-04-20 02:03:07.051 [info] > git config --get commit.template [6ms]
2023-04-20 02:03:07.052 [info] > git for-each-ref --format=%(refname)%00%(upstream:short)%00%(objectname)%00%(upstream:track)%00%(upstream:remotename)%00%(upstream:remoteref) refs/heads/gh-pages refs/remotes/gh-pages [2ms]
2023-04-20 02:03:07.058 [info] > git status -z -uall [2ms]
2023-04-20 02:03:31.673 [info] > git config --get commit.template [0ms]
2023-04-20 02:03:31.678 [info] > git for-each-ref --format=%(refname)%00%(upstream:short)%00%(objectname)%00%(upstream:track)%00%(upstream:remotename)%00%(upstream:remoteref) refs/heads/gh-pages refs/remotes/gh-pages [0ms]
2023-04-20 02:03:31.683 [info] > git status -z -uall [1ms]
2023-04-20 02:03:31.774 [info] > git check-ignore -v -z --stdin [1ms]
2023-04-20 02:03:36.695 [info] > git config --get commit.template [3ms]
2023-04-20 02:03:36.696 [info] > git for-each-ref --format=%(refname)%00%(upstream:short)%00%(objectname)%00%(upstream:track)%00%(upstream:remotename)%00%(upstream:remoteref) refs/heads/gh-pages refs/remotes/gh-pages [1ms]
2023-04-20 02:03:36.699 [info] > git status -z -uall [0ms]
2023-04-20 02:04:51.689 [info] > git add -A -- . [24ms]
2023-04-20 02:04:51.700 [info] > git -c user.useConfigOnly=true commit --quiet --allow-empty-message --file - [6ms]
2023-04-20 02:04:51.708 [info] > git config --get commit.template [1ms]
2023-04-20 02:04:51.717 [info] > git config --get commit.template [1ms]
2023-04-20 02:04:51.723 [info] > git for-each-ref --format=%(refname)%00%(upstream:short)%00%(objectname)%00%(upstream:track)%00%(upstream:remotename)%00%(upstream:remoteref) refs/heads/gh-pages refs/remotes/gh-pages [1ms]
2023-04-20 02:04:51.729 [info] > git status -z -uall [1ms]
2023-04-20 02:04:51.847 [info] > git config --get commit.template [4ms]
2023-04-20 02:04:51.848 [info] > git for-each-ref --format=%(refname)%00%(upstream:short)%00%(objectname)%00%(upstream:track)%00%(upstream:remotename)%00%(upstream:remoteref) refs/heads/gh-pages refs/remotes/gh-pages [1ms]
2023-04-20 02:04:51.855 [info] > git status -z -uall [1ms]
2023-04-20 02:04:52.960 [info] > git ls-files --stage -- /home/devinlclarke/altcademy_projects/exchange-rate-site-2/package.json [1ms]
2023-04-20 02:04:52.966 [info] > git cat-file -s 47a2953690717584ff5b30d494b2af76f7411337 [1ms]
2023-04-20 02:04:52.978 [info] > git show --textconv :package.json [1ms]
2023-04-20 02:04:53.107 [info] > git log --oneline --cherry gh-pages...gh-pages@{upstream} -- [3ms]
2023-04-20 02:04:53.521 [info] > git pull --tags origin gh-pages [406ms]
2023-04-20 02:04:53.521 [info] From https://github.com/JamoDevy/exchange-rate-site-2
 * branch            gh-pages   -> FETCH_HEAD
   d113df6..d5fb8fd  gh-pages   -> origin/gh-pages
2023-04-20 02:04:53.527 [info] > git for-each-ref --format=%(refname)%00%(upstream:short)%00%(objectname)%00%(upstream:track)%00%(upstream:remotename)%00%(upstream:remoteref) refs/heads/gh-pages refs/remotes/gh-pages [1ms]
2023-04-20 02:04:53.614 [info] > git status -z -uall [84ms] (cancelled)
2023-04-20 02:04:53.615 [info] > git check-ignore -v -z --stdin [1ms]
2023-04-20 02:04:54.810 [info] > git ls-files --stage -- /home/devinlclarke/altcademy_projects/exchange-rate-site-2/package.json [1ms]
2023-04-20 02:04:54.817 [info] > git cat-file -s bb099603191d91819d53f8ae7a73ab8239e120b4 [1ms]
2023-04-20 02:04:54.828 [info] > git show --textconv :package.json [1ms]
2023-04-20 02:05:16.429 [info] > git for-each-ref --format=%(refname)%00%(upstream:short)%00%(objectname)%00%(upstream:track)%00%(upstream:remotename)%00%(upstream:remoteref) refs/heads/gh-pages refs/remotes/gh-pages [1ms]
2023-04-20 02:05:16.439 [info] > git status -z -uall [3ms]
2023-04-20 02:05:16.700 [info] > git check-ignore -v -z --stdin [1ms]
2023-04-20 02:05:17.301 [info] > git check-ignore -v -z --stdin [1ms]
2023-04-20 02:05:17.811 [info] > git for-each-ref --format=%(refname)%00%(upstream:short)%00%(objectname)%00%(upstream:track)%00%(upstream:remotename)%00%(upstream:remoteref) refs/heads/gh-pages refs/remotes/gh-pages [1ms]
2023-04-20 02:05:17.821 [info] > git status -z -uall [4ms]
2023-04-20 02:06:13.206 [info] > git check-ignore -v -z --stdin [1ms]
2023-04-20 02:06:15.558 [info] > git check-ignore -v -z --stdin [1ms]
2023-04-20 02:06:53.133 [info] > git for-each-ref --sort -committerdate --format %(refname) %(objectname) %(*objectname) [2ms]
2023-04-20 02:08:30.724 [info] > git for-each-ref --format=%(refname)%00%(upstream:short)%00%(objectname)%00%(upstream:track)%00%(upstream:remotename)%00%(upstream:remoteref) refs/heads/gh-pages refs/remotes/gh-pages [1ms]
2023-04-20 02:08:30.731 [info] > git status -z -uall [3ms]
2023-04-20 02:08:32.458 [info] > git -c user.useConfigOnly=true commit --quiet --allow-empty-message --file - [4ms]
2023-04-20 02:08:32.458 [info] error: Committing is not possible because you have unmerged files.
hint: Fix them up in the work tree, and then use 'git add/rm <file>'
hint: as appropriate to mark resolution and make a commit.
fatal: Exiting because of an unresolved conflict.
2023-04-20 02:08:32.466 [info] > git for-each-ref --format=%(refname)%00%(upstream:short)%00%(objectname)%00%(upstream:track)%00%(upstream:remotename)%00%(upstream:remoteref) refs/heads/gh-pages refs/remotes/gh-pages [1ms]
2023-04-20 02:08:32.473 [info] > git status -z -uall [3ms]
