2023-04-19 21:56:33.554 [info] Log level: Info
2023-04-19 21:56:33.554 [info] Validating found git in: "git"
2023-04-19 21:56:33.554 [info] Using git "2.17.1" from "git"
2023-04-19 21:56:33.554 [info] > git rev-parse --show-toplevel [10ms]
2023-04-19 21:56:33.554 [info] > git rev-parse --git-dir --git-common-dir [1ms]
2023-04-19 21:56:33.554 [info] Open repository: /home/devinlclarke
2023-04-19 21:56:33.554 [info] > git rev-parse --show-toplevel [11ms]
2023-04-19 21:56:33.554 [info] > git rev-parse --show-toplevel [5ms]
2023-04-19 21:56:33.554 [info] > git config --get commit.template [18ms]
2023-04-19 21:56:33.554 [info] > git rev-parse --show-toplevel [1ms]
2023-04-19 21:56:33.554 [info] > git rev-parse --show-toplevel [5ms]
2023-04-19 21:56:33.554 [info] > git for-each-ref --format=%(refname)%00%(upstream:short)%00%(objectname)%00%(upstream:track)%00%(upstream:remotename)%00%(upstream:remoteref) refs/heads/main refs/remotes/main [9ms]
2023-04-19 21:56:33.554 [info] > git rev-parse --show-toplevel [12ms]
2023-04-19 21:56:33.554 [info] > git rev-parse --git-dir --git-common-dir [2ms]
2023-04-19 21:56:33.554 [info] Open repository: /home/devinlclarke/.nvm
2023-04-19 21:56:33.554 [info] > git rev-parse --show-toplevel [4ms]
2023-04-19 21:56:33.554 [info] > git rev-parse --show-toplevel [1ms]
2023-04-19 21:56:33.554 [info] > git config --get commit.template [10ms]
2023-04-19 21:56:33.554 [info] > git rev-parse --show-toplevel [3ms]
2023-04-19 21:56:33.554 [info] > git rev-parse --show-toplevel [7ms]
2023-04-19 21:56:33.554 [info] > git rev-parse --git-dir --git-common-dir [4ms]
2023-04-19 21:56:33.554 [info] Open repository: /home/devinlclarke/ReactJSX
2023-04-19 21:56:33.554 [info] > git for-each-ref --format %(refname) %(objectname) %(*objectname) refs/tags [19ms]
2023-04-19 21:56:33.554 [info] > git rev-parse --show-toplevel [12ms]
2023-04-19 21:56:33.554 [info] > git status -z -uall [14ms]
2023-04-19 21:56:33.555 [info] > git config --get commit.template [9ms]
2023-04-19 21:56:33.565 [info] > git rev-parse --show-toplevel [12ms]
2023-04-19 21:56:33.573 [info] > git config --get commit.template [9ms]
2023-04-19 21:56:33.573 [info] > git rev-parse --git-dir --git-common-dir [5ms]
2023-04-19 21:56:33.576 [info] Open repository: /home/devinlclarke/currency_converter3
2023-04-19 21:56:33.594 [info] > git for-each-ref --format=%(refname)%00%(upstream:short)%00%(objectname)%00%(upstream:track)%00%(upstream:remotename)%00%(upstream:remoteref) refs/heads/main refs/remotes/main [22ms]
2023-04-19 21:56:33.602 [info] > git config --get commit.template [8ms]
2023-04-19 21:56:33.602 [info] > git for-each-ref --format %(refname) %(objectname) %(*objectname) refs/tags [16ms]
2023-04-19 21:56:33.607 [info] > git rev-parse --show-toplevel [26ms]
2023-04-19 21:56:33.615 [info] > git status -z -uall [9ms]
2023-04-19 21:56:33.625 [info] > git rev-parse --git-dir --git-common-dir [13ms]
2023-04-19 21:56:33.628 [info] Open repository: /home/devinlclarke/first_react_app
2023-04-19 21:56:33.641 [info] > git rev-parse --show-toplevel [8ms]
2023-04-19 21:56:33.644 [info] > git for-each-ref --format=%(refname)%00%(upstream:short)%00%(objectname)%00%(upstream:track)%00%(upstream:remotename)%00%(upstream:remoteref) refs/heads/main refs/remotes/main [23ms]
2023-04-19 21:56:33.667 [info] > git rev-parse --show-toplevel [23ms]
2023-04-19 21:56:33.672 [info] > git config --get commit.template [36ms]
2023-04-19 21:56:33.674 [info] > git rev-parse --show-toplevel [2ms]
2023-04-19 21:56:33.684 [info] > git rev-parse --show-toplevel [7ms]
2023-04-19 21:56:33.692 [info] > git status -z -uall [219ms] (cancelled)
2023-04-19 21:56:33.692 [info] > git status -z -uall [42ms]
2023-04-19 21:56:33.692 [info] > git rev-parse --git-dir --git-common-dir [4ms]
2023-04-19 21:56:33.695 [info] Open repository: /home/devinlclarke/stock_portfolio
2023-04-19 21:56:33.697 [info] > git for-each-ref --format=%(refname)%00%(upstream:short)%00%(objectname)%00%(upstream:track)%00%(upstream:remotename)%00%(upstream:remoteref) refs/heads/main refs/remotes/main [14ms]
2023-04-19 21:56:33.709 [info] > git status -z -uall [10ms]
2023-04-19 21:56:33.713 [info] > git status -z -uall [116ms]
2023-04-19 21:56:33.713 [info] > git config --get commit.template [6ms]
2023-04-19 21:56:33.723 [info] No remotes found in the git config file.
2023-04-19 21:56:33.724 [info] > git for-each-ref --format=%(refname)%00%(upstream:short)%00%(objectname)%00%(upstream:track)%00%(upstream:remotename)%00%(upstream:remoteref) refs/heads/master refs/remotes/master [1ms]
2023-04-19 21:56:33.727 [info] > git config --get commit.template [7ms]
2023-04-19 21:56:33.731 [info] > git status -z -uall [3ms]
2023-04-19 21:56:33.734 [info] > git for-each-ref --format=%(refname)%00%(upstream:short)%00%(objectname)%00%(upstream:track)%00%(upstream:remotename)%00%(upstream:remoteref) refs/heads/main refs/remotes/main [4ms]
2023-04-19 21:56:33.758 [info] > git status -z -uall [21ms]
2023-04-19 21:56:34.342 [info] > git check-ignore -v -z --stdin [40ms]
2023-04-19 21:56:34.343 [info] > git check-ignore -v -z --stdin [36ms]
2023-04-19 21:56:34.344 [info] > git check-ignore -v -z --stdin [31ms]
2023-04-19 21:56:34.344 [info] > git check-ignore -v -z --stdin [25ms]
2023-04-19 21:56:34.345 [info] > git check-ignore -v -z --stdin [20ms]
2023-04-19 21:56:34.345 [info] > git check-ignore -v -z --stdin [16ms]
2023-04-19 21:56:48.621 [info] > git check-ignore -v -z --stdin [4ms]
