0 verbose cli /home/devinlclarke/.nvm/versions/node/v16.19.1/bin/node /home/devinlclarke/.nvm/versions/node/v16.19.1/bin/npm
1 info using npm@8.19.3
2 info using node@v16.19.1
3 timing npm:load:whichnode Completed in 0ms
4 timing config:load:defaults Completed in 4ms
5 timing config:load:file:/home/devinlclarke/.nvm/versions/node/v16.19.1/lib/node_modules/npm/npmrc Completed in 1ms
6 timing config:load:builtin Completed in 1ms
7 timing config:load:cli Completed in 2ms
8 timing config:load:env Completed in 0ms
9 timing config:load:file:/home/devinlclarke/altcademy_projects/walkthrough/exchange-site-walkthrough/.npmrc Completed in 0ms
10 timing config:load:project Completed in 4ms
11 timing config:load:file:/home/devinlclarke/.npmrc Completed in 1ms
12 timing config:load:user Completed in 1ms
13 timing config:load:file:/home/devinlclarke/.nvm/versions/node/v16.19.1/etc/npmrc Completed in 0ms
14 timing config:load:global Completed in 0ms
15 timing config:load:validate Completed in 0ms
16 timing config:load:credentials Completed in 1ms
17 timing config:load:setEnvs Completed in 0ms
18 timing config:load Completed in 13ms
19 timing npm:load:configload Completed in 15ms
20 timing npm:load:mkdirpcache Completed in 1ms
21 timing npm:load:mkdirplogs Completed in 0ms
22 verbose title npm install @testing-library/jest-dom@^5.14.1 @testing-library/react@^13.0.0 @testing-library/user-event@^13.2.1 web-vitals@^2.1.0
23 verbose argv "install" "--no-audit" "--save" "@testing-library/jest-dom@^5.14.1" "@testing-library/react@^13.0.0" "@testing-library/user-event@^13.2.1" "web-vitals@^2.1.0"
24 timing npm:load:setTitle Completed in 1ms
25 timing config:load:flatten Completed in 2ms
26 timing npm:load:display Completed in 3ms
27 verbose logfile logs-max:10 dir:/home/devinlclarke/.npm/_logs
28 verbose logfile /home/devinlclarke/.npm/_logs/2023-04-21T00_01_50_795Z-debug-0.log
29 timing npm:load:logFile Completed in 3ms
30 timing npm:load:timers Completed in 0ms
31 timing npm:load:configScope Completed in 0ms
32 timing npm:load Completed in 23ms
33 timing arborist:ctor Completed in 0ms
34 silly logfile start cleaning logs, removing 1 files
35 silly logfile done cleaning log files
36 timing idealTree:init Completed in 521ms
37 timing idealTree:userRequests Completed in 1ms
38 silly idealTree buildDeps
39 silly fetch manifest @testing-library/jest-dom@^5.14.1
40 timing arborist:ctor Completed in 1ms
41 http fetch GET 200 https://registry.npmjs.org/@testing-library%2fjest-dom 602ms (cache revalidated)
42 silly fetch manifest @testing-library/react@^13.0.0
43 http fetch GET 200 https://registry.npmjs.org/@testing-library%2freact 89ms (cache revalidated)
44 silly fetch manifest react@^18.2.0
45 http fetch GET 200 https://registry.npmjs.org/react 15ms (cache hit)
46 silly fetch manifest react-dom@^18.2.0
47 http fetch GET 200 https://registry.npmjs.org/react-dom 8ms (cache hit)
48 silly fetch manifest @testing-library/user-event@^13.2.1
49 http fetch GET 200 https://registry.npmjs.org/@testing-library%2fuser-event 107ms (cache revalidated)
50 silly fetch manifest @testing-library/dom@>=7.21.4
51 http fetch GET 200 https://registry.npmjs.org/@testing-library%2fdom 70ms (cache revalidated)
52 silly fetch manifest web-vitals@^2.1.0
53 http fetch GET 200 https://registry.npmjs.org/web-vitals 479ms (cache revalidated)
54 silly placeDep ROOT @testing-library/jest-dom@5.16.5 OK for: exchange-site-walkthrough@0.1.0 want: ^5.14.1
55 silly placeDep ROOT @testing-library/react@13.4.0 OK for: exchange-site-walkthrough@0.1.0 want: ^13.0.0
56 silly placeDep ROOT @testing-library/user-event@13.5.0 OK for: exchange-site-walkthrough@0.1.0 want: ^13.2.1
57 silly placeDep ROOT @testing-library/dom@9.2.0 OK for: @testing-library/user-event@13.5.0 want: >=7.21.4
58 silly placeDep ROOT web-vitals@2.1.4 OK for: exchange-site-walkthrough@0.1.0 want: ^2.1.0
59 silly fetch manifest @types/testing-library__jest-dom@^5.9.1
60 silly fetch manifest chalk@^3.0.0
61 silly fetch manifest @adobe/css-tools@^4.0.1
62 silly fetch manifest css.escape@^1.5.1
63 silly fetch manifest dom-accessibility-api@^0.5.6
64 silly fetch manifest redent@^3.0.0
65 silly fetch manifest @testing-library/dom@^8.5.0
66 silly fetch manifest @types/react-dom@^18.0.0
67 silly fetch manifest @types/aria-query@^5.0.1
68 silly fetch manifest chalk@^4.1.0
69 silly fetch manifest dom-accessibility-api@^0.5.9
70 silly fetch manifest lz-string@^1.5.0
71 http fetch GET 200 https://registry.npmjs.org/chalk 32ms (cache hit)
72 http fetch GET 200 https://registry.npmjs.org/chalk 31ms (cache hit)
73 http fetch GET 200 https://registry.npmjs.org/@types%2ftesting-library__jest-dom 86ms (cache revalidated)
74 http fetch GET 200 https://registry.npmjs.org/redent 112ms (cache revalidated)
75 http fetch GET 200 https://registry.npmjs.org/lz-string 115ms (cache revalidated)
76 http fetch GET 200 https://registry.npmjs.org/@types%2freact-dom 124ms (cache revalidated)
77 http fetch GET 200 https://registry.npmjs.org/@adobe%2fcss-tools 146ms (cache revalidated)
78 http fetch GET 200 https://registry.npmjs.org/css.escape 156ms (cache revalidated)
79 http fetch GET 200 https://registry.npmjs.org/dom-accessibility-api 237ms (cache revalidated)
80 http fetch GET 200 https://registry.npmjs.org/dom-accessibility-api 622ms (cache revalidated)
81 http fetch GET 200 https://registry.npmjs.org/@types%2faria-query 1022ms (cache revalidated)
82 timing idealTree:#root Completed in 2440ms
83 silly placeDep ROOT @types/aria-query@5.0.1 OK for: @testing-library/dom@9.2.0 want: ^5.0.1
84 silly placeDep node_modules/@testing-library/dom chalk@4.1.2 OK for: @testing-library/dom@9.2.0 want: ^4.1.0
85 silly placeDep ROOT dom-accessibility-api@0.5.16 OK for: @testing-library/dom@9.2.0 want: ^0.5.9
86 silly placeDep ROOT lz-string@1.5.0 OK for: @testing-library/dom@9.2.0 want: ^1.5.0
87 silly fetch manifest ansi-styles@^4.1.0
88 silly fetch manifest supports-color@^7.1.0
89 http fetch GET 200 https://registry.npmjs.org/ansi-styles 5ms (cache hit)
90 http fetch GET 200 https://registry.npmjs.org/supports-color 6ms (cache hit)
91 timing idealTree:node_modules/@testing-library/dom Completed in 16ms
92 silly placeDep ROOT @adobe/css-tools@4.2.0 OK for: @testing-library/jest-dom@5.16.5 want: ^4.0.1
93 silly placeDep ROOT @types/testing-library__jest-dom@5.14.5 OK for: @testing-library/jest-dom@5.16.5 want: ^5.9.1
94 silly placeDep node_modules/@testing-library/jest-dom chalk@3.0.0 OK for: @testing-library/jest-dom@5.16.5 want: ^3.0.0
95 silly placeDep ROOT css.escape@1.5.1 OK for: @testing-library/jest-dom@5.16.5 want: ^1.5.1
96 silly placeDep ROOT redent@3.0.0 OK for: @testing-library/jest-dom@5.16.5 want: ^3.0.0
97 silly fetch manifest @types/jest@*
98 silly fetch manifest indent-string@^4.0.0
99 silly fetch manifest strip-indent@^3.0.0
100 http fetch GET 200 https://registry.npmjs.org/indent-string 47ms (cache revalidated)
101 http fetch GET 200 https://registry.npmjs.org/strip-indent 55ms (cache revalidated)
102 http fetch GET 200 https://registry.npmjs.org/@types%2fjest 66ms (cache revalidated)
103 timing idealTree:node_modules/@testing-library/jest-dom Completed in 74ms
104 timing idealTree:node_modules/@adobe/css-tools Completed in 0ms
105 silly placeDep node_modules/@testing-library/react @testing-library/dom@8.20.0 OK for: @testing-library/react@13.4.0 want: ^8.5.0
106 silly placeDep ROOT @types/react-dom@18.0.11 OK for: @testing-library/react@13.4.0 want: ^18.0.0
107 silly fetch manifest @types/react@*
108 http fetch GET 200 https://registry.npmjs.org/@types%2freact 83ms (cache revalidated)
109 timing idealTree:node_modules/@testing-library/react Completed in 89ms
110 timing idealTree:node_modules/@testing-library/user-event Completed in 0ms
111 timing idealTree:node_modules/@types/aria-query Completed in 0ms
112 silly placeDep ROOT @types/react@18.0.37 OK for: @types/react-dom@18.0.11 want: *
113 silly fetch manifest @types/prop-types@*
114 silly fetch manifest @types/scheduler@*
115 silly fetch manifest csstype@^3.0.2
116 http fetch GET 200 https://registry.npmjs.org/csstype 63ms (cache revalidated)
117 http fetch GET 200 https://registry.npmjs.org/@types%2fscheduler 74ms (cache revalidated)
118 http fetch GET 200 https://registry.npmjs.org/@types%2fprop-types 1037ms (cache revalidated)
119 timing idealTree:node_modules/@types/react-dom Completed in 1040ms
120 silly placeDep ROOT @types/prop-types@15.7.5 OK for: @types/react@18.0.37 want: *
121 silly placeDep ROOT @types/scheduler@0.16.3 OK for: @types/react@18.0.37 want: *
122 silly placeDep ROOT csstype@3.1.2 OK for: @types/react@18.0.37 want: ^3.0.2
123 timing idealTree:node_modules/@types/react Completed in 3ms
124 timing idealTree:node_modules/@types/prop-types Completed in 0ms
125 timing idealTree:node_modules/@types/scheduler Completed in 0ms
126 silly placeDep ROOT @types/jest@29.5.1 OK for: @types/testing-library__jest-dom@5.14.5 want: *
127 silly fetch manifest expect@^29.0.0
128 silly fetch manifest pretty-format@^29.0.0
129 http fetch GET 200 https://registry.npmjs.org/pretty-format 6ms (cache hit)
130 http fetch GET 200 https://registry.npmjs.org/expect 9ms (cache hit)
131 timing idealTree:node_modules/@types/testing-library__jest-dom Completed in 11ms
132 silly placeDep node_modules/@types/jest expect@29.5.0 OK for: @types/jest@29.5.1 want: ^29.0.0
133 silly placeDep node_modules/@types/jest pretty-format@29.5.0 OK for: @types/jest@29.5.1 want: ^29.0.0
134 silly fetch manifest @jest/expect-utils@^29.5.0
135 silly fetch manifest jest-get-type@^29.4.3
136 silly fetch manifest jest-matcher-utils@^29.5.0
137 silly fetch manifest jest-message-util@^29.5.0
138 silly fetch manifest jest-util@^29.5.0
139 silly fetch manifest @jest/schemas@^29.4.3
140 silly fetch manifest ansi-styles@^5.0.0
141 silly fetch manifest react-is@^18.0.0
142 http fetch GET 200 https://registry.npmjs.org/jest-matcher-utils 18ms (cache hit)
143 http fetch GET 200 https://registry.npmjs.org/@jest%2fschemas 20ms (cache hit)
144 http fetch GET 200 https://registry.npmjs.org/jest-message-util 22ms (cache hit)
145 http fetch GET 200 https://registry.npmjs.org/jest-get-type 26ms (cache hit)
146 http fetch GET 200 https://registry.npmjs.org/jest-util 26ms (cache hit)
147 http fetch GET 200 https://registry.npmjs.org/react-is 29ms (cache hit)
148 http fetch GET 200 https://registry.npmjs.org/@jest%2fexpect-utils 91ms (cache revalidated)
149 timing idealTree:node_modules/@types/jest Completed in 95ms
150 timing idealTree:node_modules/css.escape Completed in 0ms
151 timing idealTree:node_modules/csstype Completed in 0ms
152 timing idealTree:node_modules/dom-accessibility-api Completed in 0ms
153 timing idealTree:node_modules/lz-string Completed in 0ms
154 silly fetch manifest typescript@^3.2.1 || ^4
155 http fetch GET 200 https://registry.npmjs.org/typescript 18ms (cache hit)
156 silly placeDep ROOT typescript@4.9.5 REPLACE for: react-scripts@5.0.1 want: ^3.2.1 || ^4
157 timing idealTree:node_modules/react-scripts Completed in 86ms
158 silly placeDep ROOT indent-string@4.0.0 OK for: redent@3.0.0 want: ^4.0.0
159 silly placeDep ROOT strip-indent@3.0.0 OK for: redent@3.0.0 want: ^3.0.0
160 silly fetch manifest min-indent@^1.0.0
161 http fetch GET 200 https://registry.npmjs.org/min-indent 55ms (cache revalidated)
162 timing idealTree:node_modules/redent Completed in 58ms
163 timing idealTree:node_modules/indent-string Completed in 0ms
164 silly placeDep ROOT min-indent@1.0.1 OK for: strip-indent@3.0.0 want: ^1.0.0
165 timing idealTree:node_modules/strip-indent Completed in 2ms
166 timing idealTree:node_modules/min-indent Completed in 0ms
167 timing idealTree:node_modules/typescript Completed in 0ms
168 timing idealTree:node_modules/web-vitals Completed in 0ms
169 silly placeDep node_modules/@testing-library/dom ansi-styles@4.3.0 OK for: chalk@4.1.2 want: ^4.1.0
170 silly placeDep node_modules/@testing-library/dom supports-color@7.2.0 OK for: chalk@4.1.2 want: ^7.1.0
171 silly fetch manifest color-convert@^2.0.1
172 silly fetch manifest has-flag@^4.0.0
173 http fetch GET 200 https://registry.npmjs.org/color-convert 6ms (cache hit)
174 http fetch GET 200 https://registry.npmjs.org/has-flag 7ms (cache hit)
175 timing idealTree:node_modules/@testing-library/dom/node_modules/chalk Completed in 10ms
176 silly placeDep node_modules/@testing-library/dom color-convert@2.0.1 OK for: ansi-styles@4.3.0 want: ^2.0.1
177 silly fetch manifest color-name@~1.1.4
178 http fetch GET 200 https://registry.npmjs.org/color-name 4ms (cache hit)
179 timing idealTree:node_modules/@testing-library/dom/node_modules/ansi-styles Completed in 6ms
180 silly placeDep node_modules/@testing-library/dom color-name@1.1.4 OK for: color-convert@2.0.1 want: ~1.1.4
181 timing idealTree:node_modules/@testing-library/dom/node_modules/color-convert Completed in 1ms
182 timing idealTree:node_modules/@testing-library/dom/node_modules/color-name Completed in 0ms
183 silly placeDep node_modules/@testing-library/dom has-flag@4.0.0 OK for: supports-color@7.2.0 want: ^4.0.0
184 timing idealTree:node_modules/@testing-library/dom/node_modules/supports-color Completed in 1ms
185 timing idealTree:node_modules/@testing-library/dom/node_modules/has-flag Completed in 0ms
186 silly placeDep node_modules/@testing-library/jest-dom ansi-styles@4.3.0 OK for: chalk@3.0.0 want: ^4.1.0
187 silly placeDep node_modules/@testing-library/jest-dom supports-color@7.2.0 OK for: chalk@3.0.0 want: ^7.1.0
188 timing idealTree:node_modules/@testing-library/jest-dom/node_modules/chalk Completed in 1ms
189 silly placeDep node_modules/@testing-library/jest-dom color-convert@2.0.1 OK for: ansi-styles@4.3.0 want: ^2.0.1
190 timing idealTree:node_modules/@testing-library/jest-dom/node_modules/ansi-styles Completed in 1ms
191 silly placeDep node_modules/@testing-library/jest-dom color-name@1.1.4 OK for: color-convert@2.0.1 want: ~1.1.4
192 timing idealTree:node_modules/@testing-library/jest-dom/node_modules/color-convert Completed in 0ms
193 timing idealTree:node_modules/@testing-library/jest-dom/node_modules/color-name Completed in 0ms
194 silly placeDep node_modules/@testing-library/jest-dom has-flag@4.0.0 OK for: supports-color@7.2.0 want: ^4.0.0
195 timing idealTree:node_modules/@testing-library/jest-dom/node_modules/supports-color Completed in 1ms
196 timing idealTree:node_modules/@testing-library/jest-dom/node_modules/has-flag Completed in 0ms
197 silly placeDep node_modules/@testing-library/react chalk@4.1.2 OK for: @testing-library/dom@8.20.0 want: ^4.1.0
198 timing idealTree:node_modules/@testing-library/react/node_modules/@testing-library/dom Completed in 1ms
199 silly placeDep node_modules/@testing-library/react ansi-styles@4.3.0 OK for: chalk@4.1.2 want: ^4.1.0
200 silly placeDep node_modules/@testing-library/react supports-color@7.2.0 OK for: chalk@4.1.2 want: ^7.1.0
201 timing idealTree:node_modules/@testing-library/react/node_modules/chalk Completed in 1ms
202 silly placeDep node_modules/@testing-library/react color-convert@2.0.1 OK for: ansi-styles@4.3.0 want: ^2.0.1
203 timing idealTree:node_modules/@testing-library/react/node_modules/ansi-styles Completed in 1ms
204 silly placeDep node_modules/@testing-library/react color-name@1.1.4 OK for: color-convert@2.0.1 want: ~1.1.4
205 timing idealTree:node_modules/@testing-library/react/node_modules/color-convert Completed in 1ms
206 timing idealTree:node_modules/@testing-library/react/node_modules/color-name Completed in 0ms
207 silly placeDep node_modules/@testing-library/react has-flag@4.0.0 OK for: supports-color@7.2.0 want: ^4.0.0
208 timing idealTree:node_modules/@testing-library/react/node_modules/supports-color Completed in 0ms
209 timing idealTree:node_modules/@testing-library/react/node_modules/has-flag Completed in 0ms
210 silly placeDep ROOT @jest/expect-utils@29.5.0 OK for: expect@29.5.0 want: ^29.5.0
211 silly placeDep node_modules/@types/jest jest-get-type@29.4.3 OK for: expect@29.5.0 want: ^29.4.3
212 silly placeDep node_modules/@types/jest jest-matcher-utils@29.5.0 OK for: expect@29.5.0 want: ^29.5.0
213 silly placeDep node_modules/@types/jest jest-message-util@29.5.0 OK for: expect@29.5.0 want: ^29.5.0
214 silly placeDep node_modules/@types/jest jest-util@29.5.0 OK for: expect@29.5.0 want: ^29.5.0
215 silly fetch manifest chalk@^4.0.0
216 silly fetch manifest jest-diff@^29.5.0
217 silly fetch manifest @jest/types@^29.5.0
218 http fetch GET 200 https://registry.npmjs.org/jest-diff 5ms (cache hit)
219 http fetch GET 200 https://registry.npmjs.org/@jest%2ftypes 6ms (cache hit)
220 timing idealTree:node_modules/@types/jest/node_modules/expect Completed in 13ms
221 silly placeDep node_modules/@jest/expect-utils jest-get-type@29.4.3 OK for: @jest/expect-utils@29.5.0 want: ^29.4.3
222 timing idealTree:node_modules/@jest/expect-utils Completed in 1ms
223 timing idealTree:node_modules/@jest/expect-utils/node_modules/jest-get-type Completed in 0ms
224 timing idealTree:node_modules/@types/jest/node_modules/jest-get-type Completed in 0ms
225 silly placeDep node_modules/@types/jest chalk@4.1.2 OK for: jest-matcher-utils@29.5.0 want: ^4.0.0
226 silly placeDep node_modules/@types/jest jest-diff@29.5.0 OK for: jest-matcher-utils@29.5.0 want: ^29.5.0
227 silly fetch manifest diff-sequences@^29.4.3
228 http fetch GET 200 https://registry.npmjs.org/diff-sequences 5ms (cache hit)
229 timing idealTree:node_modules/@types/jest/node_modules/jest-matcher-utils Completed in 8ms
230 silly placeDep node_modules/@types/jest ansi-styles@4.3.0 OK for: chalk@4.1.2 want: ^4.1.0
231 silly placeDep node_modules/@types/jest supports-color@7.2.0 OK for: chalk@4.1.2 want: ^7.1.0
232 timing idealTree:node_modules/@types/jest/node_modules/chalk Completed in 1ms
233 silly placeDep node_modules/@types/jest color-convert@2.0.1 OK for: ansi-styles@4.3.0 want: ^2.0.1
234 timing idealTree:node_modules/@types/jest/node_modules/ansi-styles Completed in 0ms
235 silly placeDep node_modules/@types/jest color-name@1.1.4 OK for: color-convert@2.0.1 want: ~1.1.4
236 timing idealTree:node_modules/@types/jest/node_modules/color-convert Completed in 1ms
237 timing idealTree:node_modules/@types/jest/node_modules/color-name Completed in 0ms
238 silly placeDep node_modules/@types/jest diff-sequences@29.4.3 OK for: jest-diff@29.5.0 want: ^29.4.3
239 timing idealTree:node_modules/@types/jest/node_modules/jest-diff Completed in 0ms
240 timing idealTree:node_modules/@types/jest/node_modules/diff-sequences Completed in 0ms
241 silly placeDep node_modules/@types/jest @jest/types@29.5.0 OK for: jest-message-util@29.5.0 want: ^29.5.0
242 silly fetch manifest @types/yargs@^17.0.8
243 http fetch GET 200 https://registry.npmjs.org/@types%2fyargs 3ms (cache hit)
244 timing idealTree:node_modules/@types/jest/node_modules/jest-message-util Completed in 5ms
245 silly placeDep node_modules/@types/jest @jest/schemas@29.4.3 OK for: @jest/types@29.5.0 want: ^29.4.3
246 silly placeDep node_modules/@types/jest @types/yargs@17.0.24 OK for: @jest/types@29.5.0 want: ^17.0.8
247 silly fetch manifest @sinclair/typebox@^0.25.16
248 http fetch GET 200 https://registry.npmjs.org/@sinclair%2ftypebox 4ms (cache hit)
249 timing idealTree:node_modules/@types/jest/node_modules/@jest/types Completed in 8ms
250 silly placeDep node_modules/@types/jest @sinclair/typebox@0.25.24 OK for: @jest/schemas@29.4.3 want: ^0.25.16
251 timing idealTree:node_modules/@types/jest/node_modules/@jest/schemas Completed in 1ms
252 timing idealTree:node_modules/@types/jest/node_modules/@sinclair/typebox Completed in 0ms
253 timing idealTree:node_modules/@types/jest/node_modules/@types/yargs Completed in 0ms
254 timing idealTree:node_modules/@types/jest/node_modules/jest-util Completed in 0ms
255 silly placeDep node_modules/@types/jest/node_modules/pretty-format ansi-styles@5.2.0 OK for: pretty-format@29.5.0 want: ^5.0.0
256 silly placeDep node_modules/@types/jest react-is@18.2.0 OK for: pretty-format@29.5.0 want: ^18.0.0
257 timing idealTree:node_modules/@types/jest/node_modules/pretty-format Completed in 1ms
258 timing idealTree:node_modules/@types/jest/node_modules/react-is Completed in 0ms
259 silly placeDep node_modules/@types/jest has-flag@4.0.0 OK for: supports-color@7.2.0 want: ^4.0.0
260 timing idealTree:node_modules/@types/jest/node_modules/supports-color Completed in 1ms
261 timing idealTree:node_modules/@types/jest/node_modules/has-flag Completed in 0ms
262 timing idealTree:node_modules/@types/jest/node_modules/pretty-format/node_modules/ansi-styles Completed in 0ms
263 timing idealTree:buildDeps Completed in 3982ms
264 timing idealTree:fixDepFlags Completed in 13ms
265 timing idealTree Completed in 4527ms
266 timing reify:loadTrees Completed in 4529ms
267 timing reify:diffTrees Completed in 14ms
268 silly reify mark retired [
268 silly reify   '/home/devinlclarke/altcademy_projects/walkthrough/exchange-site-walkthrough/node_modules/typescript',
268 silly reify   '/home/devinlclarke/altcademy_projects/walkthrough/exchange-site-walkthrough/node_modules/.bin/tsc',
268 silly reify   '/home/devinlclarke/altcademy_projects/walkthrough/exchange-site-walkthrough/node_modules/.bin/tsserver'
268 silly reify ]
269 silly reify moves {
269 silly reify   '/home/devinlclarke/altcademy_projects/walkthrough/exchange-site-walkthrough/node_modules/typescript': '/home/devinlclarke/altcademy_projects/walkthrough/exchange-site-walkthrough/node_modules/.typescript-SZAZ21Lb',
269 silly reify   '/home/devinlclarke/altcademy_projects/walkthrough/exchange-site-walkthrough/node_modules/.bin/tsc': '/home/devinlclarke/altcademy_projects/walkthrough/exchange-site-walkthrough/node_modules/.bin/.tsc-H7SxnPNK',
269 silly reify   '/home/devinlclarke/altcademy_projects/walkthrough/exchange-site-walkthrough/node_modules/.bin/tsserver': '/home/devinlclarke/altcademy_projects/walkthrough/exchange-site-walkthrough/node_modules/.bin/.tsserver-PwfDcmEq'
269 silly reify }
270 timing reify:retireShallow Completed in 4ms
271 timing reify:createSparse Completed in 17ms
272 timing reify:loadBundles Completed in 0ms
273 verbose reify failed optional dependency /home/devinlclarke/altcademy_projects/walkthrough/exchange-site-walkthrough/node_modules/fsevents
274 silly reify mark deleted [
274 silly reify   '/home/devinlclarke/altcademy_projects/walkthrough/exchange-site-walkthrough/node_modules/fsevents'
274 silly reify ]
275 timing reifyNode:node_modules/fsevents Completed in 6ms
276 timing reifyNode:node_modules/min-indent Completed in 430ms
277 timing reifyNode:node_modules/@types/prop-types Completed in 430ms
278 timing reifyNode:node_modules/css.escape Completed in 430ms
279 timing reifyNode:node_modules/@types/aria-query Completed in 430ms
280 timing reifyNode:node_modules/@testing-library/dom/node_modules/color-name Completed in 432ms
281 timing reifyNode:node_modules/@types/jest/node_modules/color-name Completed in 434ms
282 timing reifyNode:node_modules/@testing-library/react/node_modules/color-name Completed in 433ms
283 timing reifyNode:node_modules/@testing-library/jest-dom/node_modules/color-name Completed in 433ms
284 timing reifyNode:node_modules/indent-string Completed in 435ms
285 timing reifyNode:node_modules/@types/scheduler Completed in 434ms
286 timing reifyNode:node_modules/strip-indent Completed in 435ms
287 timing reifyNode:node_modules/redent Completed in 435ms
288 timing reifyNode:node_modules/@jest/expect-utils/node_modules/jest-get-type Completed in 436ms
289 timing reifyNode:node_modules/@types/jest/node_modules/has-flag Completed in 436ms
290 timing reifyNode:node_modules/@types/jest/node_modules/supports-color Completed in 437ms
291 timing reifyNode:node_modules/@types/jest/node_modules/jest-get-type Completed in 437ms
292 timing reifyNode:node_modules/@testing-library/dom/node_modules/has-flag Completed in 437ms
293 timing reifyNode:node_modules/@testing-library/dom/node_modules/supports-color Completed in 437ms
294 timing reifyNode:node_modules/@testing-library/react/node_modules/has-flag Completed in 437ms
295 timing reifyNode:node_modules/@testing-library/react/node_modules/supports-color Completed in 437ms
296 timing reifyNode:node_modules/@testing-library/jest-dom/node_modules/has-flag Completed in 438ms
297 timing reifyNode:node_modules/@testing-library/jest-dom/node_modules/supports-color Completed in 438ms
298 timing reifyNode:node_modules/@types/jest/node_modules/ansi-styles Completed in 441ms
299 timing reifyNode:node_modules/@types/jest/node_modules/pretty-format/node_modules/ansi-styles Completed in 442ms
300 timing reifyNode:node_modules/@testing-library/dom/node_modules/ansi-styles Completed in 441ms
301 timing reifyNode:node_modules/@testing-library/react/node_modules/ansi-styles Completed in 441ms
302 timing reifyNode:node_modules/@types/jest/node_modules/@jest/schemas Completed in 442ms
303 timing reifyNode:node_modules/@testing-library/jest-dom/node_modules/ansi-styles Completed in 441ms
304 timing reifyNode:node_modules/@types/testing-library__jest-dom Completed in 442ms
305 timing reifyNode:node_modules/@types/jest/node_modules/jest-message-util Completed in 447ms
306 timing reifyNode:node_modules/@types/jest Completed in 448ms
307 timing reifyNode:node_modules/@types/jest/node_modules/color-convert Completed in 449ms
308 timing reifyNode:node_modules/@testing-library/dom/node_modules/color-convert Completed in 449ms
309 timing reifyNode:node_modules/@testing-library/react/node_modules/color-convert Completed in 449ms
310 timing reifyNode:node_modules/@testing-library/jest-dom/node_modules/chalk Completed in 449ms
311 timing reifyNode:node_modules/@testing-library/jest-dom/node_modules/color-convert Completed in 450ms
312 timing reifyNode:node_modules/@types/jest/node_modules/diff-sequences Completed in 456ms
313 timing reifyNode:node_modules/@types/jest/node_modules/chalk Completed in 456ms
314 timing reifyNode:node_modules/@types/jest/node_modules/jest-matcher-utils Completed in 457ms
315 timing reifyNode:node_modules/@testing-library/dom/node_modules/chalk Completed in 456ms
316 timing reifyNode:node_modules/@testing-library/react/node_modules/chalk Completed in 456ms
317 timing reifyNode:node_modules/@jest/expect-utils Completed in 457ms
318 timing reifyNode:node_modules/@types/jest/node_modules/react-is Completed in 458ms
319 timing reifyNode:node_modules/@types/jest/node_modules/@types/yargs Completed in 458ms
320 timing reifyNode:node_modules/@types/react-dom Completed in 458ms
321 timing reifyNode:node_modules/@types/jest/node_modules/@jest/types Completed in 460ms
322 timing reifyNode:node_modules/@types/jest/node_modules/jest-diff Completed in 476ms
323 timing reifyNode:node_modules/@types/jest/node_modules/expect Completed in 478ms
324 timing reifyNode:node_modules/@types/jest/node_modules/jest-util Completed in 481ms
325 timing reifyNode:node_modules/@types/jest/node_modules/pretty-format Completed in 482ms
326 timing reifyNode:node_modules/lz-string Completed in 489ms
327 timing reifyNode:node_modules/@types/react Completed in 491ms
328 timing reifyNode:node_modules/@testing-library/jest-dom Completed in 495ms
329 timing reifyNode:node_modules/@adobe/css-tools Completed in 503ms
330 timing reifyNode:node_modules/csstype Completed in 523ms
331 timing reifyNode:node_modules/dom-accessibility-api Completed in 524ms
332 timing reifyNode:node_modules/@types/jest/node_modules/@sinclair/typebox Completed in 536ms
333 timing reifyNode:node_modules/web-vitals Completed in 535ms
334 timing reifyNode:node_modules/@testing-library/user-event Completed in 549ms
335 timing reifyNode:node_modules/@testing-library/dom Completed in 565ms
336 timing reifyNode:node_modules/@testing-library/react/node_modules/@testing-library/dom Completed in 565ms
337 timing reifyNode:node_modules/@testing-library/react Completed in 567ms
338 timing reifyNode:node_modules/typescript Completed in 780ms
339 timing reify:unpack Completed in 783ms
340 timing reify:unretire Completed in 0ms
341 timing build:queue Completed in 2ms
342 timing build:link:node_modules/lz-string Completed in 2ms
343 timing build:link:node_modules/typescript Completed in 1ms
344 timing build:link Completed in 2ms
345 timing build:deps Completed in 4ms
346 timing build Completed in 5ms
347 timing reify:build Completed in 5ms
348 timing reify:trash Completed in 14ms
349 timing reify:save Completed in 172ms
350 timing reify Completed in 5620ms
351 silly ADD node_modules/@jest/expect-utils
352 silly ADD node_modules/@jest/expect-utils/node_modules/jest-get-type
353 silly ADD node_modules/min-indent
354 silly ADD node_modules/strip-indent
355 silly ADD node_modules/indent-string
356 silly ADD node_modules/@types/jest
357 silly ADD node_modules/@types/jest/node_modules/has-flag
358 silly ADD node_modules/@types/jest/node_modules/react-is
359 silly ADD node_modules/@types/jest/node_modules/@sinclair/typebox
360 silly ADD node_modules/@types/jest/node_modules/@types/yargs
361 silly ADD node_modules/@types/jest/node_modules/@jest/schemas
362 silly ADD node_modules/@types/jest/node_modules/@jest/types
363 silly ADD node_modules/@types/jest/node_modules/diff-sequences
364 silly ADD node_modules/@types/jest/node_modules/color-name
365 silly ADD node_modules/@types/jest/node_modules/color-convert
366 silly ADD node_modules/@types/jest/node_modules/supports-color
367 silly ADD node_modules/@types/jest/node_modules/ansi-styles
368 silly ADD node_modules/@types/jest/node_modules/jest-diff
369 silly ADD node_modules/@types/jest/node_modules/chalk
370 silly ADD node_modules/@types/jest/node_modules/jest-util
371 silly ADD node_modules/@types/jest/node_modules/jest-message-util
372 silly ADD node_modules/@types/jest/node_modules/jest-matcher-utils
373 silly ADD node_modules/@types/jest/node_modules/jest-get-type
374 silly ADD node_modules/@types/jest/node_modules/pretty-format
375 silly ADD node_modules/@types/jest/node_modules/pretty-format/node_modules/ansi-styles
376 silly ADD node_modules/@types/jest/node_modules/expect
377 silly ADD node_modules/csstype
378 silly ADD node_modules/@types/scheduler
379 silly ADD node_modules/@types/prop-types
380 silly ADD node_modules/@types/react
381 silly ADD node_modules/@types/react-dom
382 silly ADD node_modules/redent
383 silly ADD node_modules/css.escape
384 silly ADD node_modules/@types/testing-library__jest-dom
385 silly ADD node_modules/@adobe/css-tools
386 silly ADD node_modules/lz-string
387 silly ADD node_modules/dom-accessibility-api
388 silly ADD node_modules/@types/aria-query
389 silly ADD node_modules/web-vitals
390 silly ADD node_modules/@testing-library/dom
391 silly ADD node_modules/@testing-library/dom/node_modules/has-flag
392 silly ADD node_modules/@testing-library/dom/node_modules/color-name
393 silly ADD node_modules/@testing-library/dom/node_modules/color-convert
394 silly ADD node_modules/@testing-library/dom/node_modules/supports-color
395 silly ADD node_modules/@testing-library/dom/node_modules/ansi-styles
396 silly ADD node_modules/@testing-library/dom/node_modules/chalk
397 silly ADD node_modules/@testing-library/user-event
398 silly ADD node_modules/@testing-library/react
399 silly ADD node_modules/@testing-library/react/node_modules/has-flag
400 silly ADD node_modules/@testing-library/react/node_modules/color-name
401 silly ADD node_modules/@testing-library/react/node_modules/color-convert
402 silly ADD node_modules/@testing-library/react/node_modules/supports-color
403 silly ADD node_modules/@testing-library/react/node_modules/ansi-styles
404 silly ADD node_modules/@testing-library/react/node_modules/chalk
405 silly ADD node_modules/@testing-library/react/node_modules/@testing-library/dom
406 silly ADD node_modules/@testing-library/jest-dom
407 silly ADD node_modules/@testing-library/jest-dom/node_modules/has-flag
408 silly ADD node_modules/@testing-library/jest-dom/node_modules/color-name
409 silly ADD node_modules/@testing-library/jest-dom/node_modules/color-convert
410 silly ADD node_modules/@testing-library/jest-dom/node_modules/supports-color
411 silly ADD node_modules/@testing-library/jest-dom/node_modules/ansi-styles
412 silly ADD node_modules/@testing-library/jest-dom/node_modules/chalk
413 silly ADD
414 silly CHANGE node_modules/typescript
415 timing command:install Completed in 5628ms
416 verbose exit 0
417 timing npm Completed in 5700ms
418 info ok
