0 verbose cli /home/devinlclarke/.nvm/versions/node/v16.19.1/bin/node /home/devinlclarke/.nvm/versions/node/v16.19.1/bin/npm
1 info using npm@8.19.3
2 info using node@v16.19.1
3 timing npm:load:whichnode Completed in 0ms
4 timing config:load:defaults Completed in 4ms
5 timing config:load:file:/home/devinlclarke/.nvm/versions/node/v16.19.1/lib/node_modules/npm/npmrc Completed in 1ms
6 timing config:load:builtin Completed in 1ms
7 timing config:load:cli Completed in 2ms
8 timing config:load:env Completed in 0ms
9 timing config:load:file:/home/devinlclarke/.cache/typescript/5.0/.npmrc Completed in 1ms
10 timing config:load:project Completed in 2ms
11 timing config:load:file:/home/devinlclarke/.npmrc Completed in 0ms
12 timing config:load:user Completed in 0ms
13 timing config:load:file:/home/devinlclarke/.nvm/versions/node/v16.19.1/etc/npmrc Completed in 0ms
14 timing config:load:global Completed in 0ms
15 timing config:load:validate Completed in 1ms
16 timing config:load:credentials Completed in 0ms
17 timing config:load:setEnvs Completed in 1ms
18 timing config:load Completed in 11ms
19 timing npm:load:configload Completed in 11ms
20 timing npm:load:mkdirpcache Completed in 1ms
21 timing npm:load:mkdirplogs Completed in 1ms
22 verbose title npm install types-registry@latest
23 verbose argv "install" "--ignore-scripts" "types-registry@latest"
24 timing npm:load:setTitle Completed in 1ms
25 timing config:load:flatten Completed in 2ms
26 timing npm:load:display Completed in 2ms
27 verbose logfile logs-max:10 dir:/home/devinlclarke/.npm/_logs
28 verbose logfile /home/devinlclarke/.npm/_logs/2023-04-21T00_03_49_512Z-debug-0.log
29 timing npm:load:logFile Completed in 4ms
30 timing npm:load:timers Completed in 0ms
31 timing npm:load:configScope Completed in 0ms
32 timing npm:load Completed in 20ms
33 timing arborist:ctor Completed in 0ms
34 silly logfile start cleaning logs, removing 1 files
35 silly logfile done cleaning log files
36 timing idealTree:init Completed in 42ms
37 timing arborist:ctor Completed in 0ms
38 http fetch GET 200 https://registry.npmjs.org/types-registry 191ms (cache revalidated)
39 timing idealTree:userRequests Completed in 198ms
40 silly idealTree buildDeps
41 silly fetch manifest types-registry@0.1.640
42 silly placeDep ROOT types-registry@0.1.640 REPLACE for:  want: 0.1.640
43 timing idealTree:#root Completed in 4ms
44 timing idealTree:node_modules/types-registry Completed in 0ms
45 timing idealTree:buildDeps Completed in 5ms
46 timing idealTree:fixDepFlags Completed in 0ms
47 timing idealTree Completed in 246ms
48 timing reify:loadTrees Completed in 247ms
49 timing reify:diffTrees Completed in 2ms
50 silly reify moves {}
51 timing reify:retireShallow Completed in 1ms
52 timing reify:createSparse Completed in 0ms
53 timing reify:loadBundles Completed in 0ms
54 silly audit bulk request {
54 silly audit   '@babel/code-frame': [ '7.21.4' ],
54 silly audit   '@babel/helper-validator-identifier': [ '7.19.1' ],
54 silly audit   '@babel/highlight': [ '7.18.6' ],
54 silly audit   'ansi-styles': [ '3.2.1', '4.3.0', '5.2.0' ],
54 silly audit   chalk: [ '2.4.2', '4.1.2' ],
54 silly audit   'color-convert': [ '1.9.3', '2.0.1' ],
54 silly audit   'color-name': [ '1.1.3', '1.1.4' ],
54 silly audit   'escape-string-regexp': [ '1.0.5', '2.0.0' ],
54 silly audit   'has-flag': [ '3.0.0', '4.0.0' ],
54 silly audit   'supports-color': [ '5.5.0', '7.2.0' ],
54 silly audit   '@jest/expect-utils': [ '29.5.0' ],
54 silly audit   '@jest/schemas': [ '29.4.3' ],
54 silly audit   '@jest/types': [ '29.5.0' ],
54 silly audit   '@popperjs/core': [ '2.11.7' ],
54 silly audit   '@sinclair/typebox': [ '0.25.24' ],
54 silly audit   '@types/bootstrap': [ '5.2.6' ],
54 silly audit   '@types/gh-pages': [ '3.2.1' ],
54 silly audit   '@types/history': [ '4.7.11' ],
54 silly audit   '@types/istanbul-lib-coverage': [ '2.0.4' ],
54 silly audit   '@types/istanbul-lib-report': [ '3.0.0' ],
54 silly audit   '@types/istanbul-reports': [ '3.0.1' ],
54 silly audit   '@types/jest': [ '29.5.0' ],
54 silly audit   '@types/node': [ '18.15.11' ],
54 silly audit   '@types/prop-types': [ '15.7.5' ],
54 silly audit   '@types/react': [ '18.0.35' ],
54 silly audit   '@types/react-dom': [ '18.0.11' ],
54 silly audit   '@types/react-router': [ '5.1.20' ],
54 silly audit   '@types/react-router-dom': [ '5.3.3' ],
54 silly audit   '@types/scheduler': [ '0.16.3' ],
54 silly audit   '@types/stack-utils': [ '2.0.1' ],
54 silly audit   '@types/testing-library__jest-dom': [ '5.14.5' ],
54 silly audit   '@types/yargs': [ '17.0.24' ],
54 silly audit   '@types/yargs-parser': [ '21.0.0' ],
54 silly audit   braces: [ '3.0.2' ],
54 silly audit   'ci-info': [ '3.8.0' ],
54 silly audit   csstype: [ '3.1.2' ],
54 silly audit   'diff-sequences': [ '29.4.3' ],
54 silly audit   expect: [ '29.5.0' ],
54 silly audit   'fill-range': [ '7.0.1' ],
54 silly audit   'graceful-fs': [ '4.2.11' ],
54 silly audit   'is-number': [ '7.0.0' ],
54 silly audit   'jest-diff': [ '29.5.0' ],
54 silly audit   'jest-get-type': [ '29.4.3' ],
54 silly audit   'jest-matcher-utils': [ '29.5.0' ],
54 silly audit   'jest-message-util': [ '29.5.0' ],
54 silly audit   'jest-util': [ '29.5.0' ],
54 silly audit   'js-tokens': [ '4.0.0' ],
54 silly audit   micromatch: [ '4.0.5' ],
54 silly audit   picomatch: [ '2.3.1' ],
54 silly audit   'pretty-format': [ '29.5.0' ],
54 silly audit   'react-is': [ '18.2.0' ],
54 silly audit   slash: [ '3.0.0' ],
54 silly audit   'stack-utils': [ '2.0.6' ],
54 silly audit   'to-regex-range': [ '5.0.1' ],
54 silly audit   'types-registry': [ '0.1.640' ]
54 silly audit }
55 timing reify:unpack Completed in 2ms
56 timing reify:unretire Completed in 0ms
57 timing build:queue Completed in 0ms
58 timing build:deps Completed in 1ms
59 timing build Completed in 1ms
60 timing reify:build Completed in 1ms
61 timing reify:trash Completed in 0ms
62 timing reify:save Completed in 10ms
63 http fetch POST 200 https://registry.npmjs.org/-/npm/v1/security/advisories/bulk 172ms
64 timing auditReport:getReport Completed in 174ms
65 silly audit report {}
66 timing auditReport:init Completed in 0ms
67 timing reify:audit Completed in 174ms
68 timing reify Completed in 428ms
69 timing command:install Completed in 433ms
70 verbose exit 0
71 timing npm Completed in 508ms
72 info ok
