2023-04-16 20:10:44.122 [info] Extension host with pid 513 started
2023-04-16 20:10:44.126 [error] Error: EEXIST: file already exists, open '/home/devinlclarke/.vscode-server/data/User/workspaceStorage/31a5475f0ad176b468e51e63c81b9a6d/vscode.lock'
2023-04-16 20:10:44.130 [info] Lock '/home/devinlclarke/.vscode-server/data/User/workspaceStorage/31a5475f0ad176b468e51e63c81b9a6d/vscode.lock': Could not acquire lock, checking if the file is stale.
2023-04-16 20:10:44.132 [info] Lock '/home/devinlclarke/.vscode-server/data/User/workspaceStorage/31a5475f0ad176b468e51e63c81b9a6d/vscode.lock': The pid 22978 appears to be gone.
2023-04-16 20:10:44.132 [info] Lock '/home/devinlclarke/.vscode-server/data/User/workspaceStorage/31a5475f0ad176b468e51e63c81b9a6d/vscode.lock': Deleting a stale lock.
2023-04-16 20:10:44.141 [info] Lock '/home/devinlclarke/.vscode-server/data/User/workspaceStorage/31a5475f0ad176b468e51e63c81b9a6d/vscode.lock': Lock acquired.
2023-04-16 20:10:44.163 [info] ExtensionService#_doActivateExtension vscode.emmet, startup: false, activationEvent: 'onLanguage'
2023-04-16 20:10:44.163 [info] ExtensionService#_doActivateExtension vscode.typescript-language-features, startup: false, activationEvent: 'onLanguage:javascript'
2023-04-16 20:10:44.300 [info] ExtensionService#_doActivateExtension vscode.git-base, startup: true, activationEvent: '*', root cause: vscode.git
2023-04-16 20:10:44.305 [info] ExtensionService#_doActivateExtension vscode.npm, startup: true, activationEvent: 'workspaceContains:package.json'
2023-04-16 20:10:44.345 [info] ExtensionService#_doActivateExtension vscode.git, startup: true, activationEvent: '*'
2023-04-16 20:10:44.345 [info] ExtensionService#_doActivateExtension vscode.github, startup: true, activationEvent: '*'
2023-04-16 20:10:44.546 [info] Eager extensions activated
2023-04-16 20:10:44.546 [info] ExtensionService#_doActivateExtension vscode.debug-auto-launch, startup: false, activationEvent: 'onStartupFinished'
2023-04-16 20:10:44.547 [info] ExtensionService#_doActivateExtension vscode.merge-conflict, startup: false, activationEvent: 'onStartupFinished'
2023-04-16 22:26:38.154 [info] Extension host terminating: received terminate message from renderer
2023-04-16 22:26:38.157 [info] Lock '/home/devinlclarke/.vscode-server/data/User/workspaceStorage/31a5475f0ad176b468e51e63c81b9a6d/vscode.lock': Marking the lockfile as scheduled to be released in 6000 ms.
2023-04-16 22:26:38.206 [error] Canceled: Canceled
	at new l (/home/devinlclarke/.vscode-server/bin/b7886d7461186a5eac768481578c1d7ca80e2d21/out/vs/workbench/api/node/extensionHostProcess.js:99:105190)
	at c.O (/home/devinlclarke/.vscode-server/bin/b7886d7461186a5eac768481578c1d7ca80e2d21/out/vs/workbench/api/node/extensionHostProcess.js:109:11692)
	at Proxy.G.<computed>.Q.charCodeAt.G.<computed> (/home/devinlclarke/.vscode-server/bin/b7886d7461186a5eac768481578c1d7ca80e2d21/out/vs/workbench/api/node/extensionHostProcess.js:109:8967)
	at m.g (/home/devinlclarke/.vscode-server/bin/b7886d7461186a5eac768481578c1d7ca80e2d21/out/vs/workbench/api/node/extensionHostProcess.js:99:125211)
	at m.executeCommand (/home/devinlclarke/.vscode-server/bin/b7886d7461186a5eac768481578c1d7ca80e2d21/out/vs/workbench/api/node/extensionHostProcess.js:99:124587)
	at L.registerCommand.description (/home/devinlclarke/.vscode-server/bin/b7886d7461186a5eac768481578c1d7ca80e2d21/out/vs/workbench/api/node/extensionHostProcess.js:99:123880)
	at m.h (/home/devinlclarke/.vscode-server/bin/b7886d7461186a5eac768481578c1d7ca80e2d21/out/vs/workbench/api/node/extensionHostProcess.js:99:125797)
	at m.g (/home/devinlclarke/.vscode-server/bin/b7886d7461186a5eac768481578c1d7ca80e2d21/out/vs/workbench/api/node/extensionHostProcess.js:99:124687)
	at m.executeCommand (/home/devinlclarke/.vscode-server/bin/b7886d7461186a5eac768481578c1d7ca80e2d21/out/vs/workbench/api/node/extensionHostProcess.js:99:124587)
	at Object.executeCommand (/home/devinlclarke/.vscode-server/bin/b7886d7461186a5eac768481578c1d7ca80e2d21/out/vs/workbench/api/node/extensionHostProcess.js:115:23801)
	at D (/home/devinlclarke/.vscode-server/bin/b7886d7461186a5eac768481578c1d7ca80e2d21/extensions/git/dist/main.js:2:1467156)
	at E.invoke (/home/devinlclarke/.vscode-server/bin/b7886d7461186a5eac768481578c1d7ca80e2d21/out/vs/workbench/api/node/extensionHostProcess.js:63:145)
	at h.deliver (/home/devinlclarke/.vscode-server/bin/b7886d7461186a5eac768481578c1d7ca80e2d21/out/vs/workbench/api/node/extensionHostProcess.js:63:2121)
	at n.fire (/home/devinlclarke/.vscode-server/bin/b7886d7461186a5eac768481578c1d7ca80e2d21/out/vs/workbench/api/node/extensionHostProcess.js:63:1729)
	at Object.m [as dispose] (/home/devinlclarke/.vscode-server/bin/b7886d7461186a5eac768481578c1d7ca80e2d21/extensions/git/dist/main.js:2:1481885)
	at /home/devinlclarke/.vscode-server/bin/b7886d7461186a5eac768481578c1d7ca80e2d21/extensions/git/dist/main.js:2:1485952
	at Array.forEach (<anonymous>)
	at g.dispose (/home/devinlclarke/.vscode-server/bin/b7886d7461186a5eac768481578c1d7ca80e2d21/extensions/git/dist/main.js:2:1485938)
	at t.<anonymous> (/home/devinlclarke/.vscode-server/bin/b7886d7461186a5eac768481578c1d7ca80e2d21/out/vs/workbench/api/node/extensionHostProcess.js:97:12398)
	at t.dispose (/home/devinlclarke/.vscode-server/bin/b7886d7461186a5eac768481578c1d7ca80e2d21/out/vs/workbench/api/node/extensionHostProcess.js:97:12533)
	at t.<anonymous> (/home/devinlclarke/.vscode-server/bin/b7886d7461186a5eac768481578c1d7ca80e2d21/extensions/git/dist/main.js:2:1469286)
	at t.dispose (/home/devinlclarke/.vscode-server/bin/b7886d7461186a5eac768481578c1d7ca80e2d21/out/vs/workbench/api/node/extensionHostProcess.js:97:12533)
	at I (/home/devinlclarke/.vscode-server/bin/b7886d7461186a5eac768481578c1d7ca80e2d21/out/vs/workbench/api/node/extensionHostProcess.js:10:12084)
	at E.Y (/home/devinlclarke/.vscode-server/bin/b7886d7461186a5eac768481578c1d7ca80e2d21/out/vs/workbench/api/node/extensionHostProcess.js:111:11147)
	at /home/devinlclarke/.vscode-server/bin/b7886d7461186a5eac768481578c1d7ca80e2d21/out/vs/workbench/api/node/extensionHostProcess.js:111:9131
	at Array.map (<anonymous>)
	at E.R (/home/devinlclarke/.vscode-server/bin/b7886d7461186a5eac768481578c1d7ca80e2d21/out/vs/workbench/api/node/extensionHostProcess.js:111:9118)
	at E.terminate (/home/devinlclarke/.vscode-server/bin/b7886d7461186a5eac768481578c1d7ca80e2d21/out/vs/workbench/api/node/extensionHostProcess.js:111:9389)
	at d.terminate (/home/devinlclarke/.vscode-server/bin/b7886d7461186a5eac768481578c1d7ca80e2d21/out/vs/workbench/api/node/extensionHostProcess.js:115:1544)
	at p (/home/devinlclarke/.vscode-server/bin/b7886d7461186a5eac768481578c1d7ca80e2d21/out/vs/workbench/api/node/extensionHostProcess.js:125:18690)
	at /home/devinlclarke/.vscode-server/bin/b7886d7461186a5eac768481578c1d7ca80e2d21/out/vs/workbench/api/node/extensionHostProcess.js:125:16600
	at E.invoke (/home/devinlclarke/.vscode-server/bin/b7886d7461186a5eac768481578c1d7ca80e2d21/out/vs/workbench/api/node/extensionHostProcess.js:63:145)
	at h.deliver (/home/devinlclarke/.vscode-server/bin/b7886d7461186a5eac768481578c1d7ca80e2d21/out/vs/workbench/api/node/extensionHostProcess.js:63:2121)
	at n.fire (/home/devinlclarke/.vscode-server/bin/b7886d7461186a5eac768481578c1d7ca80e2d21/out/vs/workbench/api/node/extensionHostProcess.js:63:1729)
	at p.fire (/home/devinlclarke/.vscode-server/bin/b7886d7461186a5eac768481578c1d7ca80e2d21/out/vs/workbench/api/node/extensionHostProcess.js:72:14916)
	at s.E (/home/devinlclarke/.vscode-server/bin/b7886d7461186a5eac768481578c1d7ca80e2d21/out/vs/workbench/api/node/extensionHostProcess.js:72:18982)
	at /home/devinlclarke/.vscode-server/bin/b7886d7461186a5eac768481578c1d7ca80e2d21/out/vs/workbench/api/node/extensionHostProcess.js:72:16970
	at E.invoke (/home/devinlclarke/.vscode-server/bin/b7886d7461186a5eac768481578c1d7ca80e2d21/out/vs/workbench/api/node/extensionHostProcess.js:63:145)
	at h.deliver (/home/devinlclarke/.vscode-server/bin/b7886d7461186a5eac768481578c1d7ca80e2d21/out/vs/workbench/api/node/extensionHostProcess.js:63:2121)
	at n.fire (/home/devinlclarke/.vscode-server/bin/b7886d7461186a5eac768481578c1d7ca80e2d21/out/vs/workbench/api/node/extensionHostProcess.js:63:1729)
	at d.acceptChunk (/home/devinlclarke/.vscode-server/bin/b7886d7461186a5eac768481578c1d7ca80e2d21/out/vs/workbench/api/node/extensionHostProcess.js:72:12647)
	at /home/devinlclarke/.vscode-server/bin/b7886d7461186a5eac768481578c1d7ca80e2d21/out/vs/workbench/api/node/extensionHostProcess.js:72:11934
	at E.invoke (/home/devinlclarke/.vscode-server/bin/b7886d7461186a5eac768481578c1d7ca80e2d21/out/vs/workbench/api/node/extensionHostProcess.js:63:145)
	at h.deliver (/home/devinlclarke/.vscode-server/bin/b7886d7461186a5eac768481578c1d7ca80e2d21/out/vs/workbench/api/node/extensionHostProcess.js:63:2121)
	at n.fire (/home/devinlclarke/.vscode-server/bin/b7886d7461186a5eac768481578c1d7ca80e2d21/out/vs/workbench/api/node/extensionHostProcess.js:63:1729)
	at n.u (/home/devinlclarke/.vscode-server/bin/b7886d7461186a5eac768481578c1d7ca80e2d21/out/vs/workbench/api/node/extensionHostProcess.js:72:28919)
	at n.acceptFrame (/home/devinlclarke/.vscode-server/bin/b7886d7461186a5eac768481578c1d7ca80e2d21/out/vs/workbench/api/node/extensionHostProcess.js:72:28725)
	at E.l (/home/devinlclarke/.vscode-server/bin/b7886d7461186a5eac768481578c1d7ca80e2d21/out/vs/workbench/api/node/extensionHostProcess.js:72:27312)
	at /home/devinlclarke/.vscode-server/bin/b7886d7461186a5eac768481578c1d7ca80e2d21/out/vs/workbench/api/node/extensionHostProcess.js:72:24635
	at Socket.s (/home/devinlclarke/.vscode-server/bin/b7886d7461186a5eac768481578c1d7ca80e2d21/out/vs/workbench/api/node/extensionHostProcess.js:72:22469)
	at Socket.emit (node:events:526:28)
	at addChunk (node:internal/streams/readable:315:12)
	at readableAddChunk (node:internal/streams/readable:289:9)
	at Socket.Readable.push (node:internal/streams/readable:228:10)
	at TCP.onStreamRead (node:internal/stream_base_commons:190:23) setContext undefined
2023-04-16 22:26:38.207 [info] Extension host with pid 513 exiting with code 0
