2023-04-20 19:57:33.542 [info] Log level: Info
2023-04-20 19:57:33.542 [info] Validating found git in: "git"
2023-04-20 19:57:33.542 [info] Using git "2.17.1" from "git"
2023-04-20 19:57:33.542 [info] > git rev-parse --show-toplevel [25ms]
2023-04-20 19:57:33.543 [info] > git rev-parse --git-dir --git-common-dir [1ms]
2023-04-20 19:57:33.550 [info] Open repository: /home/devinlclarke
2023-04-20 19:57:33.579 [info] > git rev-parse --show-toplevel [25ms]
2023-04-20 19:57:33.587 [info] > git rev-parse --show-toplevel [3ms]
2023-04-20 19:57:33.591 [info] > git config --get commit.template [33ms]
2023-04-20 19:57:33.593 [info] > git rev-parse --show-toplevel [3ms]
2023-04-20 19:57:33.602 [info] > git rev-parse --show-toplevel [6ms]
2023-04-20 19:57:33.608 [info] > git rev-parse --show-toplevel [1ms]
2023-04-20 19:57:33.611 [info] > git for-each-ref --format=%(refname)%00%(upstream:short)%00%(objectname)%00%(upstream:track)%00%(upstream:remotename)%00%(upstream:remoteref) refs/heads/main refs/remotes/main [11ms]
2023-04-20 19:57:33.616 [info] > git rev-parse --show-toplevel [5ms]
2023-04-20 19:57:33.621 [info] > git rev-parse --git-dir --git-common-dir [0ms]
2023-04-20 19:57:33.624 [info] Open repository: /home/devinlclarke/.nvm
2023-04-20 19:57:33.633 [info] > git rev-parse --show-toplevel [4ms]
2023-04-20 19:57:33.637 [info] > git rev-parse --show-toplevel [1ms]
2023-04-20 19:57:33.641 [info] > git config --get commit.template [9ms]
2023-04-20 19:57:33.647 [info] > git rev-parse --show-toplevel [7ms]
2023-04-20 19:57:33.657 [info] > git rev-parse --show-toplevel [6ms]
2023-04-20 19:57:33.661 [info] > git for-each-ref --format %(refname) %(objectname) %(*objectname) refs/tags [5ms]
2023-04-20 19:57:33.666 [info] > git rev-parse --git-dir --git-common-dir [5ms]
2023-04-20 19:57:33.668 [info] Open repository: /home/devinlclarke/ReactJSX
2023-04-20 19:57:33.681 [info] > git status -z -uall [17ms]
2023-04-20 19:57:33.681 [info] > git rev-parse --show-toplevel [8ms]
2023-04-20 19:57:33.690 [info] > git config --get commit.template [10ms]
2023-04-20 19:57:33.701 [info] > git rev-parse --show-toplevel [15ms]
2023-04-20 19:57:33.710 [info] > git config --get commit.template [10ms]
2023-04-20 19:57:33.710 [info] > git rev-parse --show-toplevel [5ms]
2023-04-20 19:57:33.717 [info] > git for-each-ref --format=%(refname)%00%(upstream:short)%00%(objectname)%00%(upstream:track)%00%(upstream:remotename)%00%(upstream:remoteref) refs/heads/main refs/remotes/main [9ms]
2023-04-20 19:57:33.721 [info] > git for-each-ref --format %(refname) %(objectname) %(*objectname) refs/tags [5ms]
2023-04-20 19:57:33.726 [info] > git rev-parse --git-dir --git-common-dir [13ms]
2023-04-20 19:57:33.732 [info] Open repository: /home/devinlclarke/currency_converter3
2023-04-20 19:57:33.744 [info] > git status -z -uall [18ms]
2023-04-20 19:57:33.744 [info] > git rev-parse --show-toplevel [7ms]
2023-04-20 19:57:33.753 [info] > git rev-parse --git-dir --git-common-dir [5ms]
2023-04-20 19:57:33.758 [info] Open repository: /home/devinlclarke/first_react_app
2023-04-20 19:57:33.763 [info] > git config --get commit.template [21ms]
2023-04-20 19:57:33.768 [info] > git rev-parse --show-toplevel [5ms]
2023-04-20 19:57:33.781 [info] > git rev-parse --show-toplevel [9ms]
2023-04-20 19:57:33.786 [info] > git config --get commit.template [20ms]
2023-04-20 19:57:33.788 [info] > git rev-parse --show-toplevel [3ms]
2023-04-20 19:57:33.793 [info] > git for-each-ref --format=%(refname)%00%(upstream:short)%00%(objectname)%00%(upstream:track)%00%(upstream:remotename)%00%(upstream:remoteref) refs/heads/main refs/remotes/main [15ms]
2023-04-20 19:57:33.804 [info] > git rev-parse --show-toplevel [11ms]
2023-04-20 19:57:33.809 [info] > git for-each-ref --format=%(refname)%00%(upstream:short)%00%(objectname)%00%(upstream:track)%00%(upstream:remotename)%00%(upstream:remoteref) refs/heads/main refs/remotes/main [6ms]
2023-04-20 19:57:33.815 [info] > git rev-parse --git-dir --git-common-dir [6ms]
2023-04-20 19:57:33.817 [info] Open repository: /home/devinlclarke/stock_portfolio
2023-04-20 19:57:33.826 [info] > git status -z -uall [29ms]
2023-04-20 19:57:33.826 [info] > git status -z -uall [14ms]
2023-04-20 19:57:33.836 [info] > git config --get commit.template [11ms]
2023-04-20 19:57:33.841 [info] No remotes found in the git config file.
2023-04-20 19:57:33.842 [info] > git for-each-ref --format=%(refname)%00%(upstream:short)%00%(objectname)%00%(upstream:track)%00%(upstream:remotename)%00%(upstream:remoteref) refs/heads/master refs/remotes/master [1ms]
2023-04-20 19:57:33.849 [info] > git status -z -uall [3ms]
2023-04-20 19:57:33.861 [info] > git status -z -uall [246ms] (cancelled)
2023-04-20 19:57:33.861 [info] > git status -z -uall [141ms]
2023-04-20 19:57:33.875 [info] > git config --get commit.template [6ms]
2023-04-20 19:57:33.880 [info] > git for-each-ref --format=%(refname)%00%(upstream:short)%00%(objectname)%00%(upstream:track)%00%(upstream:remotename)%00%(upstream:remoteref) refs/heads/main refs/remotes/main [1ms]
2023-04-20 19:57:33.905 [info] > git status -z -uall [21ms]
2023-04-20 19:57:34.367 [info] > git check-ignore -v -z --stdin [26ms]
2023-04-20 19:57:34.368 [info] > git check-ignore -v -z --stdin [22ms]
2023-04-20 19:57:34.368 [info] > git check-ignore -v -z --stdin [17ms]
2023-04-20 19:57:34.368 [info] > git check-ignore -v -z --stdin [11ms]
2023-04-20 19:57:34.369 [info] > git check-ignore -v -z --stdin [8ms]
2023-04-20 19:57:34.369 [info] > git check-ignore -v -z --stdin [4ms]
