2023-04-19 20:53:03.415 [info] Log level: Info
2023-04-19 20:53:03.415 [info] Validating found git in: "git"
2023-04-19 20:53:03.415 [info] Using git "2.17.1" from "git"
2023-04-19 20:53:03.415 [info] > git rev-parse --show-toplevel [7ms]
2023-04-19 20:53:03.425 [info] > git rev-parse --git-dir --git-common-dir [6ms]
2023-04-19 20:53:03.433 [info] Open repository: /home/devinlclarke/converter_project/currency_converter_project
2023-04-19 20:53:03.473 [info] > git rev-parse --show-toplevel [35ms]
2023-04-19 20:53:03.487 [info] > git rev-parse --show-toplevel [10ms]
2023-04-19 20:53:03.492 [info] > git config --get commit.template [20ms]
2023-04-19 20:53:03.516 [info] > git rev-parse --show-toplevel [25ms]
2023-04-19 20:53:03.530 [info] > git rev-parse --show-toplevel [9ms]
2023-04-19 20:53:03.535 [info] > git for-each-ref --format=%(refname)%00%(upstream:short)%00%(objectname)%00%(upstream:track)%00%(upstream:remotename)%00%(upstream:remoteref) refs/heads/main refs/remotes/main [7ms]
2023-04-19 20:53:03.548 [info] > git status -z -uall [6ms]
2023-04-19 20:53:03.574 [info] > git config --get commit.template [12ms]
2023-04-19 20:53:03.580 [info] > git for-each-ref --format=%(refname)%00%(upstream:short)%00%(objectname)%00%(upstream:track)%00%(upstream:remotename)%00%(upstream:remoteref) refs/heads/main refs/remotes/main [1ms]
2023-04-19 20:53:03.588 [info] > git status -z -uall [3ms]
2023-04-19 20:53:03.835 [info] > git show --textconv :src/App.js [12ms]
2023-04-19 20:53:03.841 [info] > git ls-files --stage -- /home/devinlclarke/converter_project/currency_converter_project/src/App.js [8ms]
2023-04-19 20:53:03.853 [info] > git cat-file -s 16e38bd669e07d67bf3ab764e1f0093ee8481777 [2ms]
2023-04-19 20:53:03.953 [info] > git check-ignore -v -z --stdin [2ms]
