2023-04-20 01:42:45.553 [info] Log level: Info
2023-04-20 01:42:45.553 [info] Validating found git in: "git"
2023-04-20 01:42:45.553 [info] Using git "2.17.1" from "git"
2023-04-20 01:42:45.553 [info] > git rev-parse --show-toplevel [26ms]
2023-04-20 01:42:45.573 [info] > git rev-parse --git-dir --git-common-dir [20ms]
2023-04-20 01:42:45.582 [info] Open repository: /home/devinlclarke
2023-04-20 01:42:45.591 [info] > git rev-parse --show-toplevel [5ms]
2023-04-20 01:42:45.596 [info] > git rev-parse --show-toplevel [2ms]
2023-04-20 01:42:45.600 [info] > git config --get commit.template [9ms]
2023-04-20 01:42:45.602 [info] > git rev-parse --show-toplevel [1ms]
2023-04-20 01:42:45.609 [info] > git rev-parse --show-toplevel [3ms]
2023-04-20 01:42:45.613 [info] > git rev-parse --show-toplevel [1ms]
2023-04-20 01:42:45.616 [info] > git for-each-ref --format=%(refname)%00%(upstream:short)%00%(objectname)%00%(upstream:track)%00%(upstream:remotename)%00%(upstream:remoteref) refs/heads/main refs/remotes/main [9ms]
2023-04-20 01:42:45.621 [info] > git rev-parse --show-toplevel [5ms]
2023-04-20 01:42:45.625 [info] > git rev-parse --git-dir --git-common-dir [1ms]
2023-04-20 01:42:45.628 [info] Open repository: /home/devinlclarke/.nvm
2023-04-20 01:42:45.636 [info] > git rev-parse --show-toplevel [5ms]
2023-04-20 01:42:45.641 [info] > git rev-parse --show-toplevel [1ms]
2023-04-20 01:42:45.644 [info] > git config --get commit.template [9ms]
2023-04-20 01:42:45.645 [info] > git rev-parse --show-toplevel [2ms]
2023-04-20 01:42:45.651 [info] > git rev-parse --show-toplevel [3ms]
2023-04-20 01:42:45.658 [info] > git for-each-ref --format %(refname) %(objectname) %(*objectname) refs/tags [8ms]
2023-04-20 01:42:45.661 [info] > git rev-parse --git-dir --git-common-dir [7ms]
2023-04-20 01:42:45.664 [info] Open repository: /home/devinlclarke/ReactJSX
2023-04-20 01:42:45.677 [info] > git rev-parse --show-toplevel [7ms]
2023-04-20 01:42:45.683 [info] > git status -z -uall [22ms]
2023-04-20 01:42:45.684 [info] > git rev-parse --show-toplevel [3ms]
2023-04-20 01:42:45.687 [info] > git config --get commit.template [11ms]
2023-04-20 01:42:45.694 [info] > git rev-parse --git-dir --git-common-dir [7ms]
2023-04-20 01:42:45.696 [info] Open repository: /home/devinlclarke/currency_converter3
2023-04-20 01:42:45.708 [info] > git config --get commit.template [13ms]
2023-04-20 01:42:45.709 [info] > git config --get commit.template [2ms]
2023-04-20 01:42:45.709 [info] > git rev-parse --show-toplevel [9ms]
2023-04-20 01:42:45.718 [info] > git for-each-ref --format=%(refname)%00%(upstream:short)%00%(objectname)%00%(upstream:track)%00%(upstream:remotename)%00%(upstream:remoteref) refs/heads/main refs/remotes/main [15ms]
2023-04-20 01:42:45.727 [info] > git for-each-ref --format %(refname) %(objectname) %(*objectname) refs/tags [9ms]
2023-04-20 01:42:45.733 [info] > git rev-parse --git-dir --git-common-dir [18ms]
2023-04-20 01:42:45.737 [info] Open repository: /home/devinlclarke/first_react_app
2023-04-20 01:42:45.745 [info] > git status -z -uall [13ms]
2023-04-20 01:42:45.746 [info] > git rev-parse --show-toplevel [4ms]
2023-04-20 01:42:45.751 [info] > git for-each-ref --format=%(refname)%00%(upstream:short)%00%(objectname)%00%(upstream:track)%00%(upstream:remotename)%00%(upstream:remoteref) refs/heads/main refs/remotes/main [26ms]
2023-04-20 01:42:45.757 [info] > git rev-parse --show-toplevel [8ms]
2023-04-20 01:42:45.762 [info] > git config --get commit.template [17ms]
2023-04-20 01:42:45.765 [info] > git rev-parse --show-toplevel [2ms]
2023-04-20 01:42:45.774 [info] > git rev-parse --show-toplevel [5ms]
2023-04-20 01:42:45.780 [info] > git for-each-ref --format=%(refname)%00%(upstream:short)%00%(objectname)%00%(upstream:track)%00%(upstream:remotename)%00%(upstream:remoteref) refs/heads/main refs/remotes/main [7ms]
2023-04-20 01:42:45.785 [info] > git rev-parse --git-dir --git-common-dir [6ms]
2023-04-20 01:42:45.789 [info] Open repository: /home/devinlclarke/stock_portfolio
2023-04-20 01:42:45.799 [info] > git status -z -uall [15ms]
2023-04-20 01:42:45.804 [info] > git status -z -uall [50ms]
2023-04-20 01:42:45.804 [info] > git config --get commit.template [6ms]
2023-04-20 01:42:45.810 [info] No remotes found in the git config file.
2023-04-20 01:42:45.811 [info] > git for-each-ref --format=%(refname)%00%(upstream:short)%00%(objectname)%00%(upstream:track)%00%(upstream:remotename)%00%(upstream:remoteref) refs/heads/master refs/remotes/master [1ms]
2023-04-20 01:42:45.817 [info] > git status -z -uall [3ms]
2023-04-20 01:42:45.838 [info] > git status -z -uall [117ms]
2023-04-20 01:42:45.846 [info] > git config --get commit.template [1ms]
2023-04-20 01:42:45.850 [info] > git for-each-ref --format=%(refname)%00%(upstream:short)%00%(objectname)%00%(upstream:track)%00%(upstream:remotename)%00%(upstream:remoteref) refs/heads/main refs/remotes/main [1ms]
2023-04-20 01:42:45.869 [info] > git status -z -uall [16ms]
2023-04-20 01:42:45.875 [info] > git status -z -uall [255ms] (cancelled)
2023-04-20 01:42:47.115 [info] > git check-ignore -v -z --stdin [14ms]
2023-04-20 01:42:47.115 [info] > git check-ignore -v -z --stdin [11ms]
2023-04-20 01:42:47.116 [info] > git check-ignore -v -z --stdin [10ms]
2023-04-20 01:42:47.116 [info] > git check-ignore -v -z --stdin [7ms]
2023-04-20 01:42:47.116 [info] > git check-ignore -v -z --stdin [2ms]
2023-04-20 01:42:47.116 [info] > git check-ignore -v -z --stdin [5ms]
2023-04-20 01:42:58.564 [info] > git config --get commit.template [4ms]
2023-04-20 01:42:58.581 [info] > git for-each-ref --format=%(refname)%00%(upstream:short)%00%(objectname)%00%(upstream:track)%00%(upstream:remotename)%00%(upstream:remoteref) refs/heads/main refs/remotes/main [4ms]
2023-04-20 01:42:59.195 [info] > git status -z -uall [611ms] (cancelled)
2023-04-20 01:46:01.853 [info] > git check-ignore -v -z --stdin [2ms]
