2023-04-20 00:49:22.513 [info] Log level: Info
2023-04-20 00:49:22.513 [info] Validating found git in: "git"
2023-04-20 00:49:22.513 [info] Using git "2.17.1" from "git"
2023-04-20 00:49:22.513 [info] > git rev-parse --show-toplevel [29ms]
2023-04-20 00:49:59.500 [info] > git rev-parse --show-toplevel [1ms]
2023-04-20 00:51:21.220 [info] > git rev-parse --show-toplevel [0ms]
2023-04-20 00:53:38.444 [info] > git rev-parse --show-toplevel [1ms]
2023-04-20 00:53:38.451 [info] > git rev-parse --git-dir --git-common-dir [1ms]
2023-04-20 00:53:38.459 [info] Open repository: /home/devinlclarke/converter_project/converter_walkthrough_2/exchange-rate-site
2023-04-20 00:53:38.466 [info] > git config --get commit.template [1ms]
2023-04-20 00:53:38.469 [info] No remotes found in the git config file.
2023-04-20 00:53:38.469 [info] > git for-each-ref --format=%(refname)%00%(upstream:short)%00%(objectname)%00%(upstream:track)%00%(upstream:remotename)%00%(upstream:remoteref) refs/heads/master refs/remotes/master [1ms]
2023-04-20 00:53:38.473 [info] > git status -z -uall [1ms]
2023-04-20 00:53:38.483 [info] > git config --get commit.template [1ms]
2023-04-20 00:53:38.487 [info] No remotes found in the git config file.
2023-04-20 00:53:38.487 [info] > git for-each-ref --format=%(refname)%00%(upstream:short)%00%(objectname)%00%(upstream:track)%00%(upstream:remotename)%00%(upstream:remoteref) refs/heads/master refs/remotes/master [0ms]
2023-04-20 00:53:38.490 [info] > git status -z -uall [0ms]
2023-04-20 00:53:39.071 [info] > git check-ignore -v -z --stdin [1ms]
2023-04-20 00:57:10.016 [info] > git check-ignore -v -z --stdin [1ms]
2023-04-20 00:57:11.888 [info] > git check-ignore -v -z --stdin [1ms]
2023-04-20 00:57:20.642 [info] > git rev-parse --show-toplevel [1ms]
2023-04-20 00:57:21.158 [info] > git check-ignore -v -z --stdin [0ms]
2023-04-20 00:57:32.394 [info] > git add -A -- . [27ms]
2023-04-20 00:57:32.415 [info] > git -c user.useConfigOnly=true commit --quiet --allow-empty-message --file - [17ms]
2023-04-20 00:57:32.420 [info] > git config --get commit.template [1ms]
2023-04-20 00:57:32.426 [info] No remotes found in the git config file.
2023-04-20 00:57:32.430 [info] > git config --get commit.template [5ms]
2023-04-20 00:57:32.431 [info] > git for-each-ref --format=%(refname)%00%(upstream:short)%00%(objectname)%00%(upstream:track)%00%(upstream:remotename)%00%(upstream:remoteref) refs/heads/master refs/remotes/master [1ms]
2023-04-20 00:57:32.436 [info] > git status -z -uall [2ms]
2023-04-20 00:57:32.600 [info] No remotes found in the git config file.
2023-04-20 00:57:32.600 [info] > git config --get commit.template [3ms]
2023-04-20 00:57:32.601 [info] > git for-each-ref --format=%(refname)%00%(upstream:short)%00%(objectname)%00%(upstream:track)%00%(upstream:remotename)%00%(upstream:remoteref) refs/heads/master refs/remotes/master [2ms]
2023-04-20 00:57:32.607 [info] > git status -z -uall [2ms]
2023-04-20 00:57:41.017 [info] > git remote add origin https://github.com/JamoDevy/exchange-rate-site.git [12ms]
2023-04-20 00:57:41.027 [info] > git config --get commit.template [5ms]
2023-04-20 00:57:41.027 [info] > git for-each-ref --format=%(refname)%00%(upstream:short)%00%(objectname)%00%(upstream:track)%00%(upstream:remotename)%00%(upstream:remoteref) refs/heads/master refs/remotes/master [1ms]
2023-04-20 00:57:41.032 [info] > git status -z -uall [1ms]
2023-04-20 00:57:42.092 [info] > git push -u origin master [1054ms]
2023-04-20 00:57:42.092 [info] To https://github.com/JamoDevy/exchange-rate-site.git
 * [new branch]      master -> master
2023-04-20 00:57:42.103 [info] > git config --get commit.template [4ms]
2023-04-20 00:57:42.104 [info] > git for-each-ref --format=%(refname)%00%(upstream:short)%00%(objectname)%00%(upstream:track)%00%(upstream:remotename)%00%(upstream:remoteref) refs/heads/master refs/remotes/master [1ms]
2023-04-20 00:57:42.108 [info] > git status -z -uall [1ms]
2023-04-20 00:57:43.181 [info] > git config --get commit.template [2ms]
2023-04-20 00:57:43.186 [info] > git for-each-ref --format=%(refname)%00%(upstream:short)%00%(objectname)%00%(upstream:track)%00%(upstream:remotename)%00%(upstream:remoteref) refs/heads/master refs/remotes/master [2ms]
2023-04-20 00:57:43.189 [info] > git status -z -uall [1ms]
2023-04-20 00:58:57.782 [info] > git config --get commit.template [2ms]
2023-04-20 00:58:57.790 [info] > git for-each-ref --format=%(refname)%00%(upstream:short)%00%(objectname)%00%(upstream:track)%00%(upstream:remotename)%00%(upstream:remoteref) refs/heads/gh-pages refs/remotes/gh-pages [1ms]
2023-04-20 00:58:57.796 [info] > git status -z -uall [1ms]
2023-04-20 00:59:30.239 [info] > git config --get commit.template [7ms]
2023-04-20 00:59:30.240 [info] > git for-each-ref --format=%(refname)%00%(upstream:short)%00%(objectname)%00%(upstream:track)%00%(upstream:remotename)%00%(upstream:remoteref) refs/heads/gh-pages refs/remotes/gh-pages [1ms]
2023-04-20 00:59:30.243 [info] > git status -z -uall [1ms]
2023-04-20 01:02:37.273 [info] > git show --textconv :package.json [5ms]
2023-04-20 01:02:37.274 [info] > git ls-files --stage -- /home/devinlclarke/converter_project/converter_walkthrough_2/exchange-rate-site/package.json [2ms]
2023-04-20 01:02:37.279 [info] > git cat-file -s 1832eea48ca534c26aef4f81249b90f9486d1a7f [1ms]
2023-04-20 01:02:43.228 [info] > git config --get commit.template [1ms]
2023-04-20 01:02:43.236 [info] > git for-each-ref --format=%(refname)%00%(upstream:short)%00%(objectname)%00%(upstream:track)%00%(upstream:remotename)%00%(upstream:remoteref) refs/heads/gh-pages refs/remotes/gh-pages [0ms]
2023-04-20 01:02:43.240 [info] > git status -z -uall [1ms]
2023-04-20 01:02:48.789 [info] > git config --get commit.template [2ms]
2023-04-20 01:02:48.794 [info] > git for-each-ref --format=%(refname)%00%(upstream:short)%00%(objectname)%00%(upstream:track)%00%(upstream:remotename)%00%(upstream:remoteref) refs/heads/gh-pages refs/remotes/gh-pages [1ms]
2023-04-20 01:02:48.799 [info] > git status -z -uall [1ms]
2023-04-20 01:03:04.366 [info] > git config --get commit.template [10ms]
2023-04-20 01:03:04.366 [info] > git for-each-ref --format=%(refname)%00%(upstream:short)%00%(objectname)%00%(upstream:track)%00%(upstream:remotename)%00%(upstream:remoteref) refs/heads/gh-pages refs/remotes/gh-pages [2ms]
2023-04-20 01:03:04.373 [info] > git status -z -uall [2ms]
2023-04-20 01:03:09.388 [info] > git config --get commit.template [1ms]
2023-04-20 01:03:09.393 [info] > git for-each-ref --format=%(refname)%00%(upstream:short)%00%(objectname)%00%(upstream:track)%00%(upstream:remotename)%00%(upstream:remoteref) refs/heads/gh-pages refs/remotes/gh-pages [1ms]
2023-04-20 01:03:09.397 [info] > git status -z -uall [0ms]
2023-04-20 01:03:14.413 [info] > git config --get commit.template [1ms]
2023-04-20 01:03:14.423 [info] > git for-each-ref --format=%(refname)%00%(upstream:short)%00%(objectname)%00%(upstream:track)%00%(upstream:remotename)%00%(upstream:remoteref) refs/heads/gh-pages refs/remotes/gh-pages [1ms]
2023-04-20 01:03:14.428 [info] > git status -z -uall [1ms]
2023-04-20 01:03:45.423 [info] > git config --get commit.template [9ms]
2023-04-20 01:03:45.424 [info] > git for-each-ref --format=%(refname)%00%(upstream:short)%00%(objectname)%00%(upstream:track)%00%(upstream:remotename)%00%(upstream:remoteref) refs/heads/gh-pages refs/remotes/gh-pages [2ms]
2023-04-20 01:03:45.430 [info] > git status -z -uall [2ms]
2023-04-20 01:03:53.552 [info] > git config --get commit.template [2ms]
2023-04-20 01:03:53.560 [info] > git for-each-ref --format=%(refname)%00%(upstream:short)%00%(objectname)%00%(upstream:track)%00%(upstream:remotename)%00%(upstream:remoteref) refs/heads/gh-pages refs/remotes/gh-pages [1ms]
2023-04-20 01:03:53.566 [info] > git status -z -uall [1ms]
2023-04-20 01:03:58.586 [info] > git config --get commit.template [2ms]
2023-04-20 01:03:58.592 [info] > git for-each-ref --format=%(refname)%00%(upstream:short)%00%(objectname)%00%(upstream:track)%00%(upstream:remotename)%00%(upstream:remoteref) refs/heads/gh-pages refs/remotes/gh-pages [1ms]
2023-04-20 01:03:58.597 [info] > git status -z -uall [1ms]
2023-04-20 01:04:33.394 [info] > git config --get commit.template [0ms]
2023-04-20 01:04:33.399 [info] > git for-each-ref --format=%(refname)%00%(upstream:short)%00%(objectname)%00%(upstream:track)%00%(upstream:remotename)%00%(upstream:remoteref) refs/heads/gh-pages refs/remotes/gh-pages [0ms]
2023-04-20 01:04:33.403 [info] > git status -z -uall [1ms]
2023-04-20 01:05:07.867 [info] > git add -A -- . [23ms]
2023-04-20 01:05:07.878 [info] > git -c user.useConfigOnly=true commit --quiet --allow-empty-message --file - [6ms]
2023-04-20 01:05:07.887 [info] > git config --get commit.template [2ms]
2023-04-20 01:05:07.896 [info] > git config --get commit.template [1ms]
2023-04-20 01:05:07.900 [info] > git for-each-ref --format=%(refname)%00%(upstream:short)%00%(objectname)%00%(upstream:track)%00%(upstream:remotename)%00%(upstream:remoteref) refs/heads/gh-pages refs/remotes/gh-pages [1ms]
2023-04-20 01:05:07.906 [info] > git status -z -uall [1ms]
2023-04-20 01:05:08.013 [info] > git config --get commit.template [1ms]
2023-04-20 01:05:08.019 [info] > git for-each-ref --format=%(refname)%00%(upstream:short)%00%(objectname)%00%(upstream:track)%00%(upstream:remotename)%00%(upstream:remoteref) refs/heads/gh-pages refs/remotes/gh-pages [0ms]
2023-04-20 01:05:08.026 [info] > git status -z -uall [2ms]
2023-04-20 01:05:09.139 [info] > git ls-files --stage -- /home/devinlclarke/converter_project/converter_walkthrough_2/exchange-rate-site/package.json [1ms]
2023-04-20 01:05:09.145 [info] > git cat-file -s a204b56ec6433dcc54308c06d0d5ce16b3a64b41 [1ms]
2023-04-20 01:05:09.160 [info] > git show --textconv :package.json [0ms]
2023-04-20 01:05:09.571 [info] > git log --oneline --cherry gh-pages...gh-pages@{upstream} -- [1ms]
2023-04-20 01:05:09.793 [info] > git pull --tags origin gh-pages [216ms]
2023-04-20 01:05:09.793 [info] From https://github.com/JamoDevy/exchange-rate-site
 * branch            gh-pages   -> FETCH_HEAD
2023-04-20 01:05:10.639 [info] > git push origin gh-pages:gh-pages [840ms]
2023-04-20 01:05:10.639 [info] remote: Resolving deltas:   0% (0/3)        remote: Resolving deltas:  33% (1/3)        remote: Resolving deltas:  66% (2/3)        remote: Resolving deltas: 100% (3/3)        remote: Resolving deltas: 100% (3/3), completed with 3 local objects.        
To https://github.com/JamoDevy/exchange-rate-site.git
   753fcd5..f95c4d8  gh-pages -> gh-pages
2023-04-20 01:05:10.650 [info] > git config --get commit.template [6ms]
2023-04-20 01:05:10.651 [info] > git for-each-ref --format=%(refname)%00%(upstream:short)%00%(objectname)%00%(upstream:track)%00%(upstream:remotename)%00%(upstream:remoteref) refs/heads/gh-pages refs/remotes/gh-pages [1ms]
2023-04-20 01:05:10.656 [info] > git status -z -uall [1ms]
2023-04-20 01:05:11.833 [info] > git config --get commit.template [2ms]
2023-04-20 01:05:11.840 [info] > git for-each-ref --format=%(refname)%00%(upstream:short)%00%(objectname)%00%(upstream:track)%00%(upstream:remotename)%00%(upstream:remoteref) refs/heads/gh-pages refs/remotes/gh-pages [1ms]
2023-04-20 01:05:11.846 [info] > git status -z -uall [1ms]
2023-04-20 01:05:11.947 [info] > git ls-files --stage -- /home/devinlclarke/converter_project/converter_walkthrough_2/exchange-rate-site/package.json [1ms]
2023-04-20 01:05:11.952 [info] > git cat-file -s a204b56ec6433dcc54308c06d0d5ce16b3a64b41 [1ms]
2023-04-20 01:05:11.965 [info] > git show --textconv :package.json [2ms]
2023-04-20 01:05:28.924 [info] > git config --get commit.template [0ms]
2023-04-20 01:05:28.929 [info] > git for-each-ref --format=%(refname)%00%(upstream:short)%00%(objectname)%00%(upstream:track)%00%(upstream:remotename)%00%(upstream:remoteref) refs/heads/gh-pages refs/remotes/gh-pages [1ms]
2023-04-20 01:05:28.933 [info] > git status -z -uall [1ms]
2023-04-20 01:05:28.996 [info] > git check-ignore -v -z --stdin [1ms]
2023-04-20 01:05:33.948 [info] > git config --get commit.template [1ms]
2023-04-20 01:05:33.957 [info] > git for-each-ref --format=%(refname)%00%(upstream:short)%00%(objectname)%00%(upstream:track)%00%(upstream:remotename)%00%(upstream:remoteref) refs/heads/gh-pages refs/remotes/gh-pages [1ms]
2023-04-20 01:05:33.963 [info] > git status -z -uall [1ms]
2023-04-20 01:09:29.994 [info] > git config --get commit.template [0ms]
2023-04-20 01:09:29.998 [info] > git for-each-ref --format=%(refname)%00%(upstream:short)%00%(objectname)%00%(upstream:track)%00%(upstream:remotename)%00%(upstream:remoteref) refs/heads/gh-pages refs/remotes/gh-pages [0ms]
2023-04-20 01:09:30.002 [info] > git status -z -uall [1ms]
2023-04-20 01:09:35.030 [info] > git config --get commit.template [8ms]
2023-04-20 01:09:35.031 [info] > git for-each-ref --format=%(refname)%00%(upstream:short)%00%(objectname)%00%(upstream:track)%00%(upstream:remotename)%00%(upstream:remoteref) refs/heads/gh-pages refs/remotes/gh-pages [1ms]
2023-04-20 01:09:35.038 [info] > git status -z -uall [2ms]
2023-04-20 01:11:02.928 [info] > git check-ignore -v -z --stdin [1ms]
2023-04-20 01:13:45.911 [info] > git show --textconv :.env [4ms]
2023-04-20 01:13:45.912 [info] > git ls-files --stage -- /home/devinlclarke/converter_project/converter_walkthrough_2/exchange-rate-site/.env [1ms]
2023-04-20 01:13:46.128 [info] > git check-ignore -v -z --stdin [0ms]
2023-04-20 01:13:46.689 [info] > git config --get commit.template [1ms]
2023-04-20 01:13:46.694 [info] > git for-each-ref --format=%(refname)%00%(upstream:short)%00%(objectname)%00%(upstream:track)%00%(upstream:remotename)%00%(upstream:remoteref) refs/heads/gh-pages refs/remotes/gh-pages [1ms]
2023-04-20 01:13:46.698 [info] > git status -z -uall [1ms]
2023-04-20 01:14:01.520 [info] > git config --get commit.template [1ms]
2023-04-20 01:14:01.527 [info] > git for-each-ref --format=%(refname)%00%(upstream:short)%00%(objectname)%00%(upstream:track)%00%(upstream:remotename)%00%(upstream:remoteref) refs/heads/gh-pages refs/remotes/gh-pages [0ms]
2023-04-20 01:14:01.533 [info] > git status -z -uall [1ms]
2023-04-20 01:16:36.621 [info] > git show --textconv :src/App.js [5ms]
2023-04-20 01:16:36.621 [info] > git ls-files --stage -- /home/devinlclarke/converter_project/converter_walkthrough_2/exchange-rate-site/src/App.js [1ms]
2023-04-20 01:16:36.626 [info] > git cat-file -s 37845757234ccb68531c10cf7a2ffc589c47e342 [1ms]
2023-04-20 01:19:23.301 [info] > git show --textconv :public/404.html [8ms]
2023-04-20 01:19:23.301 [info] > git ls-files --stage -- /home/devinlclarke/converter_project/converter_walkthrough_2/exchange-rate-site/public/404.html [1ms]
2023-04-20 01:19:23.520 [info] > git check-ignore -v -z --stdin [0ms]
2023-04-20 01:19:26.933 [info] > git config --get commit.template [1ms]
2023-04-20 01:19:26.940 [info] > git for-each-ref --format=%(refname)%00%(upstream:short)%00%(objectname)%00%(upstream:track)%00%(upstream:remotename)%00%(upstream:remoteref) refs/heads/gh-pages refs/remotes/gh-pages [0ms]
2023-04-20 01:19:26.945 [info] > git status -z -uall [1ms]
2023-04-20 01:19:33.029 [info] > git config --get commit.template [1ms]
2023-04-20 01:19:33.037 [info] > git for-each-ref --format=%(refname)%00%(upstream:short)%00%(objectname)%00%(upstream:track)%00%(upstream:remotename)%00%(upstream:remoteref) refs/heads/gh-pages refs/remotes/gh-pages [2ms]
2023-04-20 01:19:33.045 [info] > git status -z -uall [2ms]
2023-04-20 01:21:47.376 [info] > git show --textconv :public/index.html [7ms]
2023-04-20 01:21:47.377 [info] > git ls-files --stage -- /home/devinlclarke/converter_project/converter_walkthrough_2/exchange-rate-site/public/index.html [3ms]
2023-04-20 01:21:47.384 [info] > git cat-file -s aa069f27cbd9d53394428171c3989fd03db73c76 [1ms]
2023-04-20 01:21:53.183 [info] > git config --get commit.template [1ms]
2023-04-20 01:21:53.191 [info] > git for-each-ref --format=%(refname)%00%(upstream:short)%00%(objectname)%00%(upstream:track)%00%(upstream:remotename)%00%(upstream:remoteref) refs/heads/gh-pages refs/remotes/gh-pages [2ms]
2023-04-20 01:21:53.198 [info] > git status -z -uall [1ms]
2023-04-20 01:22:14.124 [info] > git config --get commit.template [1ms]
2023-04-20 01:22:14.134 [info] > git for-each-ref --format=%(refname)%00%(upstream:short)%00%(objectname)%00%(upstream:track)%00%(upstream:remotename)%00%(upstream:remoteref) refs/heads/gh-pages refs/remotes/gh-pages [2ms]
2023-04-20 01:22:14.140 [info] > git status -z -uall [1ms]
2023-04-20 01:22:18.417 [info] > git show --textconv :src/App.js [15ms]
2023-04-20 01:22:18.418 [info] > git ls-files --stage -- /home/devinlclarke/converter_project/converter_walkthrough_2/exchange-rate-site/src/App.js [7ms]
2023-04-20 01:22:18.426 [info] > git cat-file -s 37845757234ccb68531c10cf7a2ffc589c47e342 [2ms]
2023-04-20 01:24:33.354 [info] > git config --get commit.template [6ms]
2023-04-20 01:24:33.354 [info] > git for-each-ref --format=%(refname)%00%(upstream:short)%00%(objectname)%00%(upstream:track)%00%(upstream:remotename)%00%(upstream:remoteref) refs/heads/gh-pages refs/remotes/gh-pages [1ms]
2023-04-20 01:24:33.359 [info] > git status -z -uall [1ms]
2023-04-20 01:24:42.592 [info] > git config --get commit.template [1ms]
2023-04-20 01:24:42.596 [info] > git for-each-ref --format=%(refname)%00%(upstream:short)%00%(objectname)%00%(upstream:track)%00%(upstream:remotename)%00%(upstream:remoteref) refs/heads/gh-pages refs/remotes/gh-pages [0ms]
2023-04-20 01:24:42.601 [info] > git status -z -uall [1ms]
2023-04-20 01:24:47.608 [info] > git config --get commit.template [0ms]
2023-04-20 01:24:47.613 [info] > git for-each-ref --format=%(refname)%00%(upstream:short)%00%(objectname)%00%(upstream:track)%00%(upstream:remotename)%00%(upstream:remoteref) refs/heads/gh-pages refs/remotes/gh-pages [1ms]
2023-04-20 01:24:47.617 [info] > git status -z -uall [1ms]
2023-04-20 01:25:02.725 [info] > git config --get commit.template [1ms]
2023-04-20 01:25:02.731 [info] > git for-each-ref --format=%(refname)%00%(upstream:short)%00%(objectname)%00%(upstream:track)%00%(upstream:remotename)%00%(upstream:remoteref) refs/heads/gh-pages refs/remotes/gh-pages [0ms]
2023-04-20 01:25:02.735 [info] > git status -z -uall [1ms]
2023-04-20 01:25:08.305 [info] > git config --get commit.template [6ms]
2023-04-20 01:25:08.306 [info] > git for-each-ref --format=%(refname)%00%(upstream:short)%00%(objectname)%00%(upstream:track)%00%(upstream:remotename)%00%(upstream:remoteref) refs/heads/gh-pages refs/remotes/gh-pages [1ms]
2023-04-20 01:25:08.312 [info] > git status -z -uall [1ms]
2023-04-20 01:25:56.391 [info] > git config --get commit.template [2ms]
2023-04-20 01:25:56.402 [info] > git for-each-ref --format=%(refname)%00%(upstream:short)%00%(objectname)%00%(upstream:track)%00%(upstream:remotename)%00%(upstream:remoteref) refs/heads/gh-pages refs/remotes/gh-pages [2ms]
2023-04-20 01:25:56.408 [info] > git status -z -uall [1ms]
2023-04-20 01:26:01.435 [info] > git config --get commit.template [1ms]
2023-04-20 01:26:01.442 [info] > git for-each-ref --format=%(refname)%00%(upstream:short)%00%(objectname)%00%(upstream:track)%00%(upstream:remotename)%00%(upstream:remoteref) refs/heads/gh-pages refs/remotes/gh-pages [1ms]
2023-04-20 01:26:01.448 [info] > git status -z -uall [1ms]
2023-04-20 01:26:06.480 [info] > git config --get commit.template [1ms]
2023-04-20 01:26:06.488 [info] > git for-each-ref --format=%(refname)%00%(upstream:short)%00%(objectname)%00%(upstream:track)%00%(upstream:remotename)%00%(upstream:remoteref) refs/heads/gh-pages refs/remotes/gh-pages [1ms]
2023-04-20 01:26:06.496 [info] > git status -z -uall [2ms]
2023-04-20 01:26:11.518 [info] > git config --get commit.template [9ms]
2023-04-20 01:26:11.520 [info] > git for-each-ref --format=%(refname)%00%(upstream:short)%00%(objectname)%00%(upstream:track)%00%(upstream:remotename)%00%(upstream:remoteref) refs/heads/gh-pages refs/remotes/gh-pages [3ms]
2023-04-20 01:26:11.525 [info] > git status -z -uall [1ms]
2023-04-20 01:26:16.548 [info] > git config --get commit.template [7ms]
2023-04-20 01:26:16.548 [info] > git for-each-ref --format=%(refname)%00%(upstream:short)%00%(objectname)%00%(upstream:track)%00%(upstream:remotename)%00%(upstream:remoteref) refs/heads/gh-pages refs/remotes/gh-pages [1ms]
2023-04-20 01:26:16.552 [info] > git status -z -uall [1ms]
2023-04-20 01:26:57.958 [info] > git config --get commit.template [0ms]
2023-04-20 01:26:57.965 [info] > git for-each-ref --format=%(refname)%00%(upstream:short)%00%(objectname)%00%(upstream:track)%00%(upstream:remotename)%00%(upstream:remoteref) refs/heads/gh-pages refs/remotes/gh-pages [2ms]
2023-04-20 01:26:57.971 [info] > git status -z -uall [1ms]
2023-04-20 01:27:05.361 [info] > git config --get commit.template [8ms]
2023-04-20 01:27:05.362 [info] > git for-each-ref --format=%(refname)%00%(upstream:short)%00%(objectname)%00%(upstream:track)%00%(upstream:remotename)%00%(upstream:remoteref) refs/heads/gh-pages refs/remotes/gh-pages [2ms]
2023-04-20 01:27:05.368 [info] > git status -z -uall [1ms]
2023-04-20 01:27:10.383 [info] > git config --get commit.template [4ms]
2023-04-20 01:27:10.383 [info] > git for-each-ref --format=%(refname)%00%(upstream:short)%00%(objectname)%00%(upstream:track)%00%(upstream:remotename)%00%(upstream:remoteref) refs/heads/gh-pages refs/remotes/gh-pages [1ms]
2023-04-20 01:27:10.389 [info] > git status -z -uall [1ms]
2023-04-20 01:27:16.632 [info] > git config --get commit.template [11ms]
2023-04-20 01:27:16.633 [info] > git for-each-ref --format=%(refname)%00%(upstream:short)%00%(objectname)%00%(upstream:track)%00%(upstream:remotename)%00%(upstream:remoteref) refs/heads/gh-pages refs/remotes/gh-pages [1ms]
2023-04-20 01:27:16.639 [info] > git status -z -uall [1ms]
2023-04-20 01:27:21.658 [info] > git config --get commit.template [1ms]
2023-04-20 01:27:21.667 [info] > git for-each-ref --format=%(refname)%00%(upstream:short)%00%(objectname)%00%(upstream:track)%00%(upstream:remotename)%00%(upstream:remoteref) refs/heads/gh-pages refs/remotes/gh-pages [4ms]
2023-04-20 01:27:21.675 [info] > git status -z -uall [2ms]
2023-04-20 01:27:26.880 [info] > git config --get commit.template [1ms]
2023-04-20 01:27:26.888 [info] > git for-each-ref --format=%(refname)%00%(upstream:short)%00%(objectname)%00%(upstream:track)%00%(upstream:remotename)%00%(upstream:remoteref) refs/heads/gh-pages refs/remotes/gh-pages [1ms]
2023-04-20 01:27:26.894 [info] > git status -z -uall [1ms]
2023-04-20 01:27:33.254 [info] > git config --get commit.template [1ms]
2023-04-20 01:27:33.260 [info] > git for-each-ref --format=%(refname)%00%(upstream:short)%00%(objectname)%00%(upstream:track)%00%(upstream:remotename)%00%(upstream:remoteref) refs/heads/gh-pages refs/remotes/gh-pages [1ms]
2023-04-20 01:27:33.266 [info] > git status -z -uall [1ms]
2023-04-20 01:27:39.529 [info] > git config --get commit.template [1ms]
2023-04-20 01:27:39.535 [info] > git for-each-ref --format=%(refname)%00%(upstream:short)%00%(objectname)%00%(upstream:track)%00%(upstream:remotename)%00%(upstream:remoteref) refs/heads/gh-pages refs/remotes/gh-pages [0ms]
2023-04-20 01:27:39.543 [info] > git status -z -uall [1ms]
2023-04-20 01:27:44.561 [info] > git config --get commit.template [1ms]
2023-04-20 01:27:44.570 [info] > git for-each-ref --format=%(refname)%00%(upstream:short)%00%(objectname)%00%(upstream:track)%00%(upstream:remotename)%00%(upstream:remoteref) refs/heads/gh-pages refs/remotes/gh-pages [2ms]
2023-04-20 01:27:44.578 [info] > git status -z -uall [2ms]
2023-04-20 01:27:52.631 [info] > git config --get commit.template [12ms]
2023-04-20 01:27:52.632 [info] > git for-each-ref --format=%(refname)%00%(upstream:short)%00%(objectname)%00%(upstream:track)%00%(upstream:remotename)%00%(upstream:remoteref) refs/heads/gh-pages refs/remotes/gh-pages [2ms]
2023-04-20 01:27:52.642 [info] > git status -z -uall [1ms]
2023-04-20 01:28:00.361 [info] > git config --get commit.template [0ms]
2023-04-20 01:28:00.367 [info] > git for-each-ref --format=%(refname)%00%(upstream:short)%00%(objectname)%00%(upstream:track)%00%(upstream:remotename)%00%(upstream:remoteref) refs/heads/gh-pages refs/remotes/gh-pages [2ms]
2023-04-20 01:28:00.371 [info] > git status -z -uall [1ms]
2023-04-20 01:28:08.708 [info] > git config --get commit.template [1ms]
2023-04-20 01:28:08.715 [info] > git for-each-ref --format=%(refname)%00%(upstream:short)%00%(objectname)%00%(upstream:track)%00%(upstream:remotename)%00%(upstream:remoteref) refs/heads/gh-pages refs/remotes/gh-pages [1ms]
2023-04-20 01:28:08.720 [info] > git status -z -uall [1ms]
2023-04-20 01:28:14.101 [info] > git config --get commit.template [1ms]
2023-04-20 01:28:14.108 [info] > git for-each-ref --format=%(refname)%00%(upstream:short)%00%(objectname)%00%(upstream:track)%00%(upstream:remotename)%00%(upstream:remoteref) refs/heads/gh-pages refs/remotes/gh-pages [1ms]
2023-04-20 01:28:14.114 [info] > git status -z -uall [1ms]
2023-04-20 01:28:19.891 [info] > git config --get commit.template [1ms]
2023-04-20 01:28:19.896 [info] > git for-each-ref --format=%(refname)%00%(upstream:short)%00%(objectname)%00%(upstream:track)%00%(upstream:remotename)%00%(upstream:remoteref) refs/heads/gh-pages refs/remotes/gh-pages [1ms]
2023-04-20 01:28:19.900 [info] > git status -z -uall [0ms]
2023-04-20 01:28:24.915 [info] > git config --get commit.template [1ms]
2023-04-20 01:28:24.922 [info] > git for-each-ref --format=%(refname)%00%(upstream:short)%00%(objectname)%00%(upstream:track)%00%(upstream:remotename)%00%(upstream:remoteref) refs/heads/gh-pages refs/remotes/gh-pages [1ms]
2023-04-20 01:28:24.929 [info] > git status -z -uall [1ms]
2023-04-20 01:29:38.155 [info] > git config --get commit.template [1ms]
2023-04-20 01:29:38.160 [info] > git for-each-ref --format=%(refname)%00%(upstream:short)%00%(objectname)%00%(upstream:track)%00%(upstream:remotename)%00%(upstream:remoteref) refs/heads/gh-pages refs/remotes/gh-pages [0ms]
2023-04-20 01:29:38.165 [info] > git status -z -uall [1ms]
2023-04-20 01:31:41.035 [info] > git config --get commit.template [7ms]
2023-04-20 01:31:41.035 [info] > git for-each-ref --format=%(refname)%00%(upstream:short)%00%(objectname)%00%(upstream:track)%00%(upstream:remotename)%00%(upstream:remoteref) refs/heads/gh-pages refs/remotes/gh-pages [1ms]
2023-04-20 01:31:41.041 [info] > git status -z -uall [1ms]
2023-04-20 01:32:27.029 [info] > git add -A -- . [22ms]
2023-04-20 01:32:27.437 [info] > git show --textconv :.git/COMMIT_EDITMSG [7ms]
2023-04-20 01:32:27.438 [info] > git ls-files --stage -- /home/devinlclarke/converter_project/converter_walkthrough_2/exchange-rate-site/.git/COMMIT_EDITMSG [1ms]
2023-04-20 01:32:27.739 [info] > git check-ignore -v -z --stdin [1ms]
2023-04-20 01:32:28.378 [info] > git ls-files --stage -- /home/devinlclarke/converter_project/converter_walkthrough_2/exchange-rate-site/src/App.js [5ms]
2023-04-20 01:32:28.382 [info] > git ls-files --stage -- /home/devinlclarke/converter_project/converter_walkthrough_2/exchange-rate-site/public/index.html [13ms]
2023-04-20 01:32:28.387 [info] > git ls-files --stage -- /home/devinlclarke/converter_project/converter_walkthrough_2/exchange-rate-site/public/404.html [22ms]
2023-04-20 01:32:28.392 [info] > git ls-files --stage -- /home/devinlclarke/converter_project/converter_walkthrough_2/exchange-rate-site/.env [31ms]
2023-04-20 01:32:28.396 [info] > git ls-files --stage -- /home/devinlclarke/converter_project/converter_walkthrough_2/exchange-rate-site/package.json [40ms]
2023-04-20 01:32:28.401 [info] > git cat-file -s 98a4f13c67a7916c7ed1394159d319992e55da3c [6ms]
2023-04-20 01:32:28.401 [info] > git cat-file -s 055bf006c14ef58b99e26d95f4ca4076e9a4b095 [9ms]
2023-04-20 01:32:28.402 [info] > git cat-file -s 859a98fbcb27b532ad5f593eac558ee082eb9252 [15ms]
2023-04-20 01:32:28.402 [info] > git cat-file -s cf120112bf6b2858fffe6cc300ebcbf2a8bd5bae [20ms]
2023-04-20 01:32:28.402 [info] > git ls-files --stage -- /home/devinlclarke/converter_project/converter_walkthrough_2/exchange-rate-site/.git/COMMIT_EDITMSG [25ms]
2023-04-20 01:32:28.402 [info] > git cat-file -s d8c91fe2426d688ed341023ccc2f76acba3b1a3b [2ms]
2023-04-20 01:32:28.434 [info] > git show --textconv :.env [21ms]
2023-04-20 01:32:28.434 [info] > git show --textconv :public/404.html [17ms]
2023-04-20 01:32:28.434 [info] > git show --textconv :public/index.html [13ms]
2023-04-20 01:32:28.434 [info] > git show --textconv :src/App.js [9ms]
2023-04-20 01:32:28.434 [info] > git show --textconv :.git/COMMIT_EDITMSG [5ms]
2023-04-20 01:32:28.434 [info] > git show --textconv :package.json [0ms]
2023-04-20 01:32:47.995 [info] > git ls-files --stage -- /home/devinlclarke/converter_project/converter_walkthrough_2/exchange-rate-site/src/App.js [4ms]
2023-04-20 01:32:48.002 [info] > git ls-files --stage -- /home/devinlclarke/converter_project/converter_walkthrough_2/exchange-rate-site/public/index.html [16ms]
2023-04-20 01:32:48.007 [info] > git ls-files --stage -- /home/devinlclarke/converter_project/converter_walkthrough_2/exchange-rate-site/public/404.html [25ms]
2023-04-20 01:32:48.012 [info] > git ls-files --stage -- /home/devinlclarke/converter_project/converter_walkthrough_2/exchange-rate-site/.env [35ms]
2023-04-20 01:32:48.018 [info] > git ls-files --stage -- /home/devinlclarke/converter_project/converter_walkthrough_2/exchange-rate-site/package.json [45ms]
2023-04-20 01:32:48.023 [info] > git cat-file -s 98a4f13c67a7916c7ed1394159d319992e55da3c [5ms]
2023-04-20 01:32:48.024 [info] > git cat-file -s 055bf006c14ef58b99e26d95f4ca4076e9a4b095 [12ms]
2023-04-20 01:32:48.024 [info] > git cat-file -s 859a98fbcb27b532ad5f593eac558ee082eb9252 [17ms]
2023-04-20 01:32:48.024 [info] > git cat-file -s cf120112bf6b2858fffe6cc300ebcbf2a8bd5bae [23ms]
2023-04-20 01:32:48.024 [info] > git ls-files --stage -- /home/devinlclarke/converter_project/converter_walkthrough_2/exchange-rate-site/.git/COMMIT_EDITMSG [30ms]
2023-04-20 01:32:48.026 [info] > git cat-file -s d8c91fe2426d688ed341023ccc2f76acba3b1a3b [3ms]
2023-04-20 01:32:48.060 [info] > git show --textconv :.env [25ms]
2023-04-20 01:32:48.060 [info] > git show --textconv :public/404.html [19ms]
2023-04-20 01:32:48.060 [info] > git show --textconv :public/index.html [15ms]
2023-04-20 01:32:48.060 [info] > git show --textconv :src/App.js [10ms]
2023-04-20 01:32:48.060 [info] > git show --textconv :.git/COMMIT_EDITMSG [6ms]
2023-04-20 01:32:48.061 [info] > git show --textconv :package.json [2ms]
2023-04-20 01:33:00.316 [info] > git add -A -- . [3ms]
2023-04-20 01:33:01.546 [info] > git ls-files --stage -- /home/devinlclarke/converter_project/converter_walkthrough_2/exchange-rate-site/.git/COMMIT_EDITMSG [1ms]
2023-04-20 01:33:01.547 [info] > git ls-files --stage -- /home/devinlclarke/converter_project/converter_walkthrough_2/exchange-rate-site/src/App.js [6ms]
2023-04-20 01:33:01.552 [info] > git ls-files --stage -- /home/devinlclarke/converter_project/converter_walkthrough_2/exchange-rate-site/public/index.html [15ms]
2023-04-20 01:33:01.555 [info] > git ls-files --stage -- /home/devinlclarke/converter_project/converter_walkthrough_2/exchange-rate-site/public/404.html [23ms]
2023-04-20 01:33:01.559 [info] > git ls-files --stage -- /home/devinlclarke/converter_project/converter_walkthrough_2/exchange-rate-site/.env [31ms]
2023-04-20 01:33:01.562 [info] > git ls-files --stage -- /home/devinlclarke/converter_project/converter_walkthrough_2/exchange-rate-site/package.json [40ms]
2023-04-20 01:33:01.567 [info] > git cat-file -s 98a4f13c67a7916c7ed1394159d319992e55da3c [5ms]
2023-04-20 01:33:01.567 [info] > git cat-file -s 055bf006c14ef58b99e26d95f4ca4076e9a4b095 [8ms]
2023-04-20 01:33:01.567 [info] > git cat-file -s 859a98fbcb27b532ad5f593eac558ee082eb9252 [12ms]
2023-04-20 01:33:01.567 [info] > git cat-file -s cf120112bf6b2858fffe6cc300ebcbf2a8bd5bae [16ms]
2023-04-20 01:33:01.567 [info] > git cat-file -s d8c91fe2426d688ed341023ccc2f76acba3b1a3b [1ms]
2023-04-20 01:33:01.597 [info] > git show --textconv :.git/COMMIT_EDITMSG [22ms]
2023-04-20 01:33:01.597 [info] > git show --textconv :.env [17ms]
2023-04-20 01:33:01.597 [info] > git show --textconv :public/404.html [13ms]
2023-04-20 01:33:01.597 [info] > git show --textconv :public/index.html [8ms]
2023-04-20 01:33:01.597 [info] > git show --textconv :src/App.js [4ms]
2023-04-20 01:33:01.597 [info] > git show --textconv :package.json [0ms]
2023-04-20 01:33:30.448 [info] > git ls-files --stage -- /home/devinlclarke/converter_project/converter_walkthrough_2/exchange-rate-site/.git/COMMIT_EDITMSG [1ms]
2023-04-20 01:33:30.448 [info] > git ls-files --stage -- /home/devinlclarke/converter_project/converter_walkthrough_2/exchange-rate-site/src/App.js [5ms]
2023-04-20 01:33:30.453 [info] > git ls-files --stage -- /home/devinlclarke/converter_project/converter_walkthrough_2/exchange-rate-site/public/index.html [12ms]
2023-04-20 01:33:30.456 [info] > git ls-files --stage -- /home/devinlclarke/converter_project/converter_walkthrough_2/exchange-rate-site/public/404.html [20ms]
2023-04-20 01:33:30.460 [info] > git ls-files --stage -- /home/devinlclarke/converter_project/converter_walkthrough_2/exchange-rate-site/.env [29ms]
2023-04-20 01:33:30.463 [info] > git ls-files --stage -- /home/devinlclarke/converter_project/converter_walkthrough_2/exchange-rate-site/package.json [39ms]
2023-04-20 01:33:30.467 [info] > git cat-file -s 98a4f13c67a7916c7ed1394159d319992e55da3c [4ms]
2023-04-20 01:33:30.469 [info] > git cat-file -s 055bf006c14ef58b99e26d95f4ca4076e9a4b095 [9ms]
2023-04-20 01:33:30.469 [info] > git cat-file -s 859a98fbcb27b532ad5f593eac558ee082eb9252 [13ms]
2023-04-20 01:33:30.469 [info] > git cat-file -s cf120112bf6b2858fffe6cc300ebcbf2a8bd5bae [17ms]
2023-04-20 01:33:30.470 [info] > git cat-file -s d8c91fe2426d688ed341023ccc2f76acba3b1a3b [3ms]
2023-04-20 01:33:30.497 [info] > git show --textconv :.git/COMMIT_EDITMSG [21ms]
2023-04-20 01:33:30.497 [info] > git show --textconv :.env [16ms]
2023-04-20 01:33:30.497 [info] > git show --textconv :public/404.html [12ms]
2023-04-20 01:33:30.497 [info] > git show --textconv :public/index.html [9ms]
2023-04-20 01:33:30.497 [info] > git show --textconv :src/App.js [5ms]
2023-04-20 01:33:30.497 [info] > git show --textconv :package.json [0ms]
2023-04-20 01:33:37.874 [info] > git ls-files --stage -- /home/devinlclarke/converter_project/converter_walkthrough_2/exchange-rate-site/src/App.js [5ms]
2023-04-20 01:33:37.879 [info] > git ls-files --stage -- /home/devinlclarke/converter_project/converter_walkthrough_2/exchange-rate-site/public/index.html [13ms]
2023-04-20 01:33:37.882 [info] > git ls-files --stage -- /home/devinlclarke/converter_project/converter_walkthrough_2/exchange-rate-site/public/404.html [22ms]
2023-04-20 01:33:37.887 [info] > git ls-files --stage -- /home/devinlclarke/converter_project/converter_walkthrough_2/exchange-rate-site/.env [30ms]
2023-04-20 01:33:37.891 [info] > git ls-files --stage -- /home/devinlclarke/converter_project/converter_walkthrough_2/exchange-rate-site/package.json [39ms]
2023-04-20 01:33:37.895 [info] > git cat-file -s 98a4f13c67a7916c7ed1394159d319992e55da3c [4ms]
2023-04-20 01:33:37.896 [info] > git cat-file -s 055bf006c14ef58b99e26d95f4ca4076e9a4b095 [9ms]
2023-04-20 01:33:37.896 [info] > git cat-file -s 859a98fbcb27b532ad5f593eac558ee082eb9252 [14ms]
2023-04-20 01:33:37.897 [info] > git cat-file -s cf120112bf6b2858fffe6cc300ebcbf2a8bd5bae [19ms]
2023-04-20 01:33:37.897 [info] > git ls-files --stage -- /home/devinlclarke/converter_project/converter_walkthrough_2/exchange-rate-site/.git/COMMIT_EDITMSG [24ms]
2023-04-20 01:33:37.897 [info] > git cat-file -s d8c91fe2426d688ed341023ccc2f76acba3b1a3b [2ms]
2023-04-20 01:33:37.930 [info] > git show --textconv :.env [22ms]
2023-04-20 01:33:37.930 [info] > git show --textconv :public/404.html [18ms]
2023-04-20 01:33:37.930 [info] > git show --textconv :public/index.html [13ms]
2023-04-20 01:33:37.930 [info] > git show --textconv :src/App.js [10ms]
2023-04-20 01:33:37.930 [info] > git show --textconv :.git/COMMIT_EDITMSG [5ms]
2023-04-20 01:33:37.930 [info] > git show --textconv :package.json [1ms]
2023-04-20 01:33:48.729 [info] > git ls-files --stage -- /home/devinlclarke/converter_project/converter_walkthrough_2/exchange-rate-site/.git/COMMIT_EDITMSG [1ms]
2023-04-20 01:33:48.730 [info] > git ls-files --stage -- /home/devinlclarke/converter_project/converter_walkthrough_2/exchange-rate-site/src/App.js [4ms]
2023-04-20 01:33:48.735 [info] > git ls-files --stage -- /home/devinlclarke/converter_project/converter_walkthrough_2/exchange-rate-site/public/index.html [13ms]
2023-04-20 01:33:48.738 [info] > git ls-files --stage -- /home/devinlclarke/converter_project/converter_walkthrough_2/exchange-rate-site/public/404.html [20ms]
2023-04-20 01:33:48.742 [info] > git ls-files --stage -- /home/devinlclarke/converter_project/converter_walkthrough_2/exchange-rate-site/.env [28ms]
2023-04-20 01:33:48.745 [info] > git ls-files --stage -- /home/devinlclarke/converter_project/converter_walkthrough_2/exchange-rate-site/package.json [36ms]
2023-04-20 01:33:48.750 [info] > git cat-file -s d8c91fe2426d688ed341023ccc2f76acba3b1a3b [0ms]
2023-04-20 01:33:48.751 [info] > git cat-file -s 98a4f13c67a7916c7ed1394159d319992e55da3c [6ms]
2023-04-20 01:33:48.751 [info] > git cat-file -s 055bf006c14ef58b99e26d95f4ca4076e9a4b095 [9ms]
2023-04-20 01:33:48.751 [info] > git cat-file -s 859a98fbcb27b532ad5f593eac558ee082eb9252 [13ms]
2023-04-20 01:33:48.752 [info] > git cat-file -s cf120112bf6b2858fffe6cc300ebcbf2a8bd5bae [18ms]
2023-04-20 01:33:48.778 [info] > git show --textconv :.git/COMMIT_EDITMSG [20ms]
2023-04-20 01:33:48.778 [info] > git show --textconv :package.json [15ms]
2023-04-20 01:33:48.778 [info] > git show --textconv :.env [11ms]
2023-04-20 01:33:48.778 [info] > git show --textconv :public/404.html [8ms]
2023-04-20 01:33:48.778 [info] > git show --textconv :public/index.html [4ms]
2023-04-20 01:33:48.778 [info] > git show --textconv :src/App.js [1ms]
2023-04-20 01:34:28.785 [info] > git ls-files --stage -- /home/devinlclarke/converter_project/converter_walkthrough_2/exchange-rate-site/src/App.js [5ms]
2023-04-20 01:34:28.789 [info] > git ls-files --stage -- /home/devinlclarke/converter_project/converter_walkthrough_2/exchange-rate-site/public/index.html [13ms]
2023-04-20 01:34:28.794 [info] > git ls-files --stage -- /home/devinlclarke/converter_project/converter_walkthrough_2/exchange-rate-site/public/404.html [22ms]
2023-04-20 01:34:28.797 [info] > git ls-files --stage -- /home/devinlclarke/converter_project/converter_walkthrough_2/exchange-rate-site/.env [31ms]
2023-04-20 01:34:28.803 [info] > git ls-files --stage -- /home/devinlclarke/converter_project/converter_walkthrough_2/exchange-rate-site/package.json [42ms]
2023-04-20 01:34:28.807 [info] > git cat-file -s 98a4f13c67a7916c7ed1394159d319992e55da3c [5ms]
2023-04-20 01:34:28.808 [info] > git cat-file -s 055bf006c14ef58b99e26d95f4ca4076e9a4b095 [11ms]
2023-04-20 01:34:28.808 [info] > git cat-file -s 859a98fbcb27b532ad5f593eac558ee082eb9252 [14ms]
2023-04-20 01:34:28.808 [info] > git cat-file -s cf120112bf6b2858fffe6cc300ebcbf2a8bd5bae [19ms]
2023-04-20 01:34:28.808 [info] > git ls-files --stage -- /home/devinlclarke/converter_project/converter_walkthrough_2/exchange-rate-site/.git/COMMIT_EDITMSG [24ms]
2023-04-20 01:34:28.808 [info] > git cat-file -s d8c91fe2426d688ed341023ccc2f76acba3b1a3b [2ms]
2023-04-20 01:34:28.845 [info] > git show --textconv :.env [26ms]
2023-04-20 01:34:28.845 [info] > git show --textconv :public/404.html [19ms]
2023-04-20 01:34:28.845 [info] > git show --textconv :public/index.html [14ms]
2023-04-20 01:34:28.845 [info] > git show --textconv :src/App.js [10ms]
2023-04-20 01:34:28.845 [info] > git show --textconv :.git/COMMIT_EDITMSG [5ms]
2023-04-20 01:34:28.845 [info] > git show --textconv :package.json [1ms]
2023-04-20 01:34:35.325 [info] > git ls-files --stage -- /home/devinlclarke/converter_project/converter_walkthrough_2/exchange-rate-site/src/App.js [7ms]
2023-04-20 01:34:35.329 [info] > git ls-files --stage -- /home/devinlclarke/converter_project/converter_walkthrough_2/exchange-rate-site/public/index.html [17ms]
2023-04-20 01:34:35.333 [info] > git ls-files --stage -- /home/devinlclarke/converter_project/converter_walkthrough_2/exchange-rate-site/public/404.html [29ms]
2023-04-20 01:34:35.336 [info] > git ls-files --stage -- /home/devinlclarke/converter_project/converter_walkthrough_2/exchange-rate-site/.env [42ms]
2023-04-20 01:34:35.340 [info] > git ls-files --stage -- /home/devinlclarke/converter_project/converter_walkthrough_2/exchange-rate-site/package.json [57ms]
2023-04-20 01:34:35.343 [info] > git cat-file -s 98a4f13c67a7916c7ed1394159d319992e55da3c [4ms]
2023-04-20 01:34:35.344 [info] > git cat-file -s 055bf006c14ef58b99e26d95f4ca4076e9a4b095 [8ms]
2023-04-20 01:34:35.344 [info] > git cat-file -s 859a98fbcb27b532ad5f593eac558ee082eb9252 [11ms]
2023-04-20 01:34:35.344 [info] > git cat-file -s cf120112bf6b2858fffe6cc300ebcbf2a8bd5bae [15ms]
2023-04-20 01:34:35.344 [info] > git ls-files --stage -- /home/devinlclarke/converter_project/converter_walkthrough_2/exchange-rate-site/.git/COMMIT_EDITMSG [20ms]
2023-04-20 01:34:35.345 [info] > git cat-file -s d8c91fe2426d688ed341023ccc2f76acba3b1a3b [3ms]
2023-04-20 01:34:35.373 [info] > git show --textconv :.env [20ms]
2023-04-20 01:34:35.374 [info] > git show --textconv :public/404.html [18ms]
2023-04-20 01:34:35.374 [info] > git show --textconv :public/index.html [12ms]
2023-04-20 01:34:35.374 [info] > git show --textconv :src/App.js [9ms]
2023-04-20 01:34:35.374 [info] > git show --textconv :.git/COMMIT_EDITMSG [5ms]
2023-04-20 01:34:35.374 [info] > git show --textconv :package.json [1ms]
2023-04-20 01:34:53.242 [info] > git ls-files --stage -- /home/devinlclarke/converter_project/converter_walkthrough_2/exchange-rate-site/.git/COMMIT_EDITMSG [1ms]
2023-04-20 01:34:53.242 [info] > git ls-files --stage -- /home/devinlclarke/converter_project/converter_walkthrough_2/exchange-rate-site/src/App.js [5ms]
2023-04-20 01:34:53.246 [info] > git ls-files --stage -- /home/devinlclarke/converter_project/converter_walkthrough_2/exchange-rate-site/public/index.html [13ms]
2023-04-20 01:34:53.252 [info] > git ls-files --stage -- /home/devinlclarke/converter_project/converter_walkthrough_2/exchange-rate-site/public/404.html [22ms]
2023-04-20 01:34:53.255 [info] > git ls-files --stage -- /home/devinlclarke/converter_project/converter_walkthrough_2/exchange-rate-site/.env [29ms]
2023-04-20 01:34:53.259 [info] > git ls-files --stage -- /home/devinlclarke/converter_project/converter_walkthrough_2/exchange-rate-site/package.json [37ms]
2023-04-20 01:34:53.263 [info] > git cat-file -s 98a4f13c67a7916c7ed1394159d319992e55da3c [3ms]
2023-04-20 01:34:53.263 [info] > git cat-file -s 055bf006c14ef58b99e26d95f4ca4076e9a4b095 [8ms]
2023-04-20 01:34:53.263 [info] > git cat-file -s 859a98fbcb27b532ad5f593eac558ee082eb9252 [12ms]
2023-04-20 01:34:53.263 [info] > git cat-file -s cf120112bf6b2858fffe6cc300ebcbf2a8bd5bae [17ms]
2023-04-20 01:34:53.264 [info] > git cat-file -s d8c91fe2426d688ed341023ccc2f76acba3b1a3b [2ms]
2023-04-20 01:34:53.291 [info] > git show --textconv :.git/COMMIT_EDITMSG [21ms]
2023-04-20 01:34:53.291 [info] > git show --textconv :.env [16ms]
2023-04-20 01:34:53.291 [info] > git show --textconv :public/404.html [12ms]
2023-04-20 01:34:53.291 [info] > git show --textconv :public/index.html [8ms]
2023-04-20 01:34:53.291 [info] > git show --textconv :src/App.js [4ms]
2023-04-20 01:34:53.291 [info] > git show --textconv :package.json [1ms]
2023-04-20 01:34:56.240 [info] > git ls-files --stage -- /home/devinlclarke/converter_project/converter_walkthrough_2/exchange-rate-site/src/App.js [6ms]
2023-04-20 01:34:56.245 [info] > git ls-files --stage -- /home/devinlclarke/converter_project/converter_walkthrough_2/exchange-rate-site/public/index.html [14ms]
2023-04-20 01:34:56.249 [info] > git ls-files --stage -- /home/devinlclarke/converter_project/converter_walkthrough_2/exchange-rate-site/public/404.html [22ms]
2023-04-20 01:34:56.254 [info] > git ls-files --stage -- /home/devinlclarke/converter_project/converter_walkthrough_2/exchange-rate-site/.env [31ms]
2023-04-20 01:34:56.259 [info] > git ls-files --stage -- /home/devinlclarke/converter_project/converter_walkthrough_2/exchange-rate-site/package.json [40ms]
2023-04-20 01:34:56.263 [info] > git cat-file -s 98a4f13c67a7916c7ed1394159d319992e55da3c [5ms]
2023-04-20 01:34:56.263 [info] > git cat-file -s 055bf006c14ef58b99e26d95f4ca4076e9a4b095 [9ms]
2023-04-20 01:34:56.263 [info] > git cat-file -s 859a98fbcb27b532ad5f593eac558ee082eb9252 [14ms]
2023-04-20 01:34:56.263 [info] > git cat-file -s cf120112bf6b2858fffe6cc300ebcbf2a8bd5bae [18ms]
2023-04-20 01:34:56.263 [info] > git ls-files --stage -- /home/devinlclarke/converter_project/converter_walkthrough_2/exchange-rate-site/.git/COMMIT_EDITMSG [23ms]
2023-04-20 01:34:56.264 [info] > git cat-file -s d8c91fe2426d688ed341023ccc2f76acba3b1a3b [2ms]
2023-04-20 01:34:56.298 [info] > git show --textconv :.env [24ms]
2023-04-20 01:34:56.298 [info] > git show --textconv :public/404.html [21ms]
2023-04-20 01:34:56.298 [info] > git show --textconv :public/index.html [17ms]
2023-04-20 01:34:56.298 [info] > git show --textconv :src/App.js [13ms]
2023-04-20 01:34:56.298 [info] > git show --textconv :.git/COMMIT_EDITMSG [7ms]
2023-04-20 01:34:56.298 [info] > git show --textconv :package.json [2ms]
2023-04-20 01:35:00.095 [info] > git ls-files --stage -- /home/devinlclarke/converter_project/converter_walkthrough_2/exchange-rate-site/src/App.js [4ms]
2023-04-20 01:35:00.099 [info] > git ls-files --stage -- /home/devinlclarke/converter_project/converter_walkthrough_2/exchange-rate-site/public/index.html [12ms]
2023-04-20 01:35:00.103 [info] > git ls-files --stage -- /home/devinlclarke/converter_project/converter_walkthrough_2/exchange-rate-site/public/404.html [19ms]
2023-04-20 01:35:00.106 [info] > git ls-files --stage -- /home/devinlclarke/converter_project/converter_walkthrough_2/exchange-rate-site/.env [27ms]
2023-04-20 01:35:00.110 [info] > git ls-files --stage -- /home/devinlclarke/converter_project/converter_walkthrough_2/exchange-rate-site/package.json [35ms]
2023-04-20 01:35:00.113 [info] > git cat-file -s 98a4f13c67a7916c7ed1394159d319992e55da3c [4ms]
2023-04-20 01:35:00.114 [info] > git cat-file -s 055bf006c14ef58b99e26d95f4ca4076e9a4b095 [8ms]
2023-04-20 01:35:00.114 [info] > git cat-file -s 859a98fbcb27b532ad5f593eac558ee082eb9252 [11ms]
2023-04-20 01:35:00.114 [info] > git cat-file -s cf120112bf6b2858fffe6cc300ebcbf2a8bd5bae [16ms]
2023-04-20 01:35:00.114 [info] > git ls-files --stage -- /home/devinlclarke/converter_project/converter_walkthrough_2/exchange-rate-site/.git/COMMIT_EDITMSG [20ms]
2023-04-20 01:35:00.114 [info] > git cat-file -s d8c91fe2426d688ed341023ccc2f76acba3b1a3b [1ms]
2023-04-20 01:35:00.146 [info] > git show --textconv :.env [23ms]
2023-04-20 01:35:00.146 [info] > git show --textconv :public/404.html [17ms]
2023-04-20 01:35:00.146 [info] > git show --textconv :public/index.html [12ms]
2023-04-20 01:35:00.146 [info] > git show --textconv :src/App.js [9ms]
2023-04-20 01:35:00.146 [info] > git show --textconv :.git/COMMIT_EDITMSG [4ms]
2023-04-20 01:35:00.146 [info] > git show --textconv :package.json [1ms]
2023-04-20 01:36:23.171 [info] > git ls-files --stage -- /home/devinlclarke/converter_project/converter_walkthrough_2/exchange-rate-site/.git/COMMIT_EDITMSG [1ms]
2023-04-20 01:36:23.172 [info] > git ls-files --stage -- /home/devinlclarke/converter_project/converter_walkthrough_2/exchange-rate-site/src/App.js [4ms]
2023-04-20 01:36:23.175 [info] > git ls-files --stage -- /home/devinlclarke/converter_project/converter_walkthrough_2/exchange-rate-site/public/index.html [11ms]
2023-04-20 01:36:23.179 [info] > git ls-files --stage -- /home/devinlclarke/converter_project/converter_walkthrough_2/exchange-rate-site/public/404.html [18ms]
2023-04-20 01:36:23.182 [info] > git ls-files --stage -- /home/devinlclarke/converter_project/converter_walkthrough_2/exchange-rate-site/.env [25ms]
2023-04-20 01:36:23.186 [info] > git ls-files --stage -- /home/devinlclarke/converter_project/converter_walkthrough_2/exchange-rate-site/package.json [32ms]
2023-04-20 01:36:23.189 [info] > git cat-file -s 98a4f13c67a7916c7ed1394159d319992e55da3c [4ms]
2023-04-20 01:36:23.189 [info] > git cat-file -s 055bf006c14ef58b99e26d95f4ca4076e9a4b095 [7ms]
2023-04-20 01:36:23.189 [info] > git cat-file -s 859a98fbcb27b532ad5f593eac558ee082eb9252 [10ms]
2023-04-20 01:36:23.190 [info] > git cat-file -s cf120112bf6b2858fffe6cc300ebcbf2a8bd5bae [15ms]
2023-04-20 01:36:23.190 [info] > git cat-file -s d8c91fe2426d688ed341023ccc2f76acba3b1a3b [2ms]
2023-04-20 01:36:23.215 [info] > git show --textconv :.git/COMMIT_EDITMSG [18ms]
2023-04-20 01:36:23.215 [info] > git show --textconv :.env [14ms]
2023-04-20 01:36:23.215 [info] > git show --textconv :public/404.html [11ms]
2023-04-20 01:36:23.215 [info] > git show --textconv :public/index.html [8ms]
2023-04-20 01:36:23.215 [info] > git show --textconv :src/App.js [5ms]
2023-04-20 01:36:23.215 [info] > git show --textconv :package.json [1ms]
