2023-04-16 22:12:19.243 [info] Extension host with pid 1235 started
2023-04-16 22:12:19.277 [info] ExtensionService#_doActivateExtension vscode.git-base, startup: true, activationEvent: '*'
2023-04-16 22:12:19.285 [info] ExtensionService#_doActivateExtension vscode.npm, startup: true, activationEvent: 'workspaceContains:package.json'
2023-04-16 22:12:19.318 [info] Lock '/home/devinlclarke/.vscode-server/data/User/workspaceStorage/f87ec6d4bc18f4cd197f1118b65e717f/vscode.lock': Lock acquired.
2023-04-16 22:12:19.371 [info] ExtensionService#_doActivateExtension vscode.github, startup: true, activationEvent: '*'
2023-04-16 22:12:19.471 [info] Eager extensions activated
2023-04-16 22:12:19.472 [info] ExtensionService#_doActivateExtension vscode.debug-auto-launch, startup: false, activationEvent: 'onStartupFinished'
2023-04-16 22:12:19.472 [info] ExtensionService#_doActivateExtension vscode.merge-conflict, startup: false, activationEvent: 'onStartupFinished'
2023-04-16 22:12:20.154 [info] ExtensionService#_doActivateExtension vscode.git, startup: false, activationEvent: 'api', root cause: vscode.github
2023-04-16 22:12:37.797 [info] ExtensionService#_doActivateExtension vscode.emmet, startup: false, activationEvent: 'onLanguage'
2023-04-16 22:12:58.318 [info] ExtensionService#_doActivateExtension vscode.typescript-language-features, startup: false, activationEvent: 'onLanguage:javascript'
2023-04-16 22:20:09.969 [info] ExtensionService#_doActivateExtension vscode.configuration-editing, startup: false, activationEvent: 'onLanguage:json'
2023-04-16 22:20:09.971 [info] ExtensionService#_doActivateExtension vscode.extension-editing, startup: false, activationEvent: 'onLanguage:json'
2023-04-16 22:20:09.971 [info] ExtensionService#_doActivateExtension vscode.json-language-features, startup: false, activationEvent: 'onLanguage:json'
2023-04-16 22:30:41.749 [info] ExtensionService#_doActivateExtension vscode.css-language-features, startup: false, activationEvent: 'onLanguage:css'
2023-04-19 19:24:58.985 [info] ExtensionService#_doActivateExtension vscode.html-language-features, startup: false, activationEvent: 'onLanguage:html'
2023-04-19 20:52:17.142 [info] Extension host terminating: received terminate message from renderer
2023-04-19 20:52:17.144 [info] Lock '/home/devinlclarke/.vscode-server/data/User/workspaceStorage/f87ec6d4bc18f4cd197f1118b65e717f/vscode.lock': Marking the lockfile as scheduled to be released in 6000 ms.
2023-04-19 20:52:17.231 [error] Canceled: Canceled
	at new l (/home/devinlclarke/.vscode-server/bin/b7886d7461186a5eac768481578c1d7ca80e2d21/out/vs/workbench/api/node/extensionHostProcess.js:99:105190)
	at c.O (/home/devinlclarke/.vscode-server/bin/b7886d7461186a5eac768481578c1d7ca80e2d21/out/vs/workbench/api/node/extensionHostProcess.js:109:11692)
	at Proxy.G.<computed>.Q.charCodeAt.G.<computed> (/home/devinlclarke/.vscode-server/bin/b7886d7461186a5eac768481578c1d7ca80e2d21/out/vs/workbench/api/node/extensionHostProcess.js:109:8967)
	at m.g (/home/devinlclarke/.vscode-server/bin/b7886d7461186a5eac768481578c1d7ca80e2d21/out/vs/workbench/api/node/extensionHostProcess.js:99:125211)
	at m.executeCommand (/home/devinlclarke/.vscode-server/bin/b7886d7461186a5eac768481578c1d7ca80e2d21/out/vs/workbench/api/node/extensionHostProcess.js:99:124587)
	at L.registerCommand.description (/home/devinlclarke/.vscode-server/bin/b7886d7461186a5eac768481578c1d7ca80e2d21/out/vs/workbench/api/node/extensionHostProcess.js:99:123880)
	at m.h (/home/devinlclarke/.vscode-server/bin/b7886d7461186a5eac768481578c1d7ca80e2d21/out/vs/workbench/api/node/extensionHostProcess.js:99:125797)
	at m.g (/home/devinlclarke/.vscode-server/bin/b7886d7461186a5eac768481578c1d7ca80e2d21/out/vs/workbench/api/node/extensionHostProcess.js:99:124687)
	at m.executeCommand (/home/devinlclarke/.vscode-server/bin/b7886d7461186a5eac768481578c1d7ca80e2d21/out/vs/workbench/api/node/extensionHostProcess.js:99:124587)
	at Object.executeCommand (/home/devinlclarke/.vscode-server/bin/b7886d7461186a5eac768481578c1d7ca80e2d21/out/vs/workbench/api/node/extensionHostProcess.js:115:23801)
	at D (/home/devinlclarke/.vscode-server/bin/b7886d7461186a5eac768481578c1d7ca80e2d21/extensions/git/dist/main.js:2:1467156)
	at E.invoke (/home/devinlclarke/.vscode-server/bin/b7886d7461186a5eac768481578c1d7ca80e2d21/out/vs/workbench/api/node/extensionHostProcess.js:63:145)
	at h.deliver (/home/devinlclarke/.vscode-server/bin/b7886d7461186a5eac768481578c1d7ca80e2d21/out/vs/workbench/api/node/extensionHostProcess.js:63:2121)
	at n.fire (/home/devinlclarke/.vscode-server/bin/b7886d7461186a5eac768481578c1d7ca80e2d21/out/vs/workbench/api/node/extensionHostProcess.js:63:1729)
	at Object.m [as dispose] (/home/devinlclarke/.vscode-server/bin/b7886d7461186a5eac768481578c1d7ca80e2d21/extensions/git/dist/main.js:2:1481885)
	at /home/devinlclarke/.vscode-server/bin/b7886d7461186a5eac768481578c1d7ca80e2d21/extensions/git/dist/main.js:2:1485952
	at Array.forEach (<anonymous>)
	at g.dispose (/home/devinlclarke/.vscode-server/bin/b7886d7461186a5eac768481578c1d7ca80e2d21/extensions/git/dist/main.js:2:1485938)
	at t.<anonymous> (/home/devinlclarke/.vscode-server/bin/b7886d7461186a5eac768481578c1d7ca80e2d21/out/vs/workbench/api/node/extensionHostProcess.js:97:12398)
	at t.dispose (/home/devinlclarke/.vscode-server/bin/b7886d7461186a5eac768481578c1d7ca80e2d21/out/vs/workbench/api/node/extensionHostProcess.js:97:12533)
	at t.<anonymous> (/home/devinlclarke/.vscode-server/bin/b7886d7461186a5eac768481578c1d7ca80e2d21/extensions/git/dist/main.js:2:1469286)
	at t.dispose (/home/devinlclarke/.vscode-server/bin/b7886d7461186a5eac768481578c1d7ca80e2d21/out/vs/workbench/api/node/extensionHostProcess.js:97:12533)
	at I (/home/devinlclarke/.vscode-server/bin/b7886d7461186a5eac768481578c1d7ca80e2d21/out/vs/workbench/api/node/extensionHostProcess.js:10:12084)
	at E.Y (/home/devinlclarke/.vscode-server/bin/b7886d7461186a5eac768481578c1d7ca80e2d21/out/vs/workbench/api/node/extensionHostProcess.js:111:11147)
	at /home/devinlclarke/.vscode-server/bin/b7886d7461186a5eac768481578c1d7ca80e2d21/out/vs/workbench/api/node/extensionHostProcess.js:111:9131
	at Array.map (<anonymous>)
	at E.R (/home/devinlclarke/.vscode-server/bin/b7886d7461186a5eac768481578c1d7ca80e2d21/out/vs/workbench/api/node/extensionHostProcess.js:111:9118)
	at E.terminate (/home/devinlclarke/.vscode-server/bin/b7886d7461186a5eac768481578c1d7ca80e2d21/out/vs/workbench/api/node/extensionHostProcess.js:111:9389)
	at d.terminate (/home/devinlclarke/.vscode-server/bin/b7886d7461186a5eac768481578c1d7ca80e2d21/out/vs/workbench/api/node/extensionHostProcess.js:115:1544)
	at p (/home/devinlclarke/.vscode-server/bin/b7886d7461186a5eac768481578c1d7ca80e2d21/out/vs/workbench/api/node/extensionHostProcess.js:125:18690)
	at /home/devinlclarke/.vscode-server/bin/b7886d7461186a5eac768481578c1d7ca80e2d21/out/vs/workbench/api/node/extensionHostProcess.js:125:16600
	at E.invoke (/home/devinlclarke/.vscode-server/bin/b7886d7461186a5eac768481578c1d7ca80e2d21/out/vs/workbench/api/node/extensionHostProcess.js:63:145)
	at h.deliver (/home/devinlclarke/.vscode-server/bin/b7886d7461186a5eac768481578c1d7ca80e2d21/out/vs/workbench/api/node/extensionHostProcess.js:63:2121)
	at n.fire (/home/devinlclarke/.vscode-server/bin/b7886d7461186a5eac768481578c1d7ca80e2d21/out/vs/workbench/api/node/extensionHostProcess.js:63:1729)
	at p.fire (/home/devinlclarke/.vscode-server/bin/b7886d7461186a5eac768481578c1d7ca80e2d21/out/vs/workbench/api/node/extensionHostProcess.js:72:14916)
	at s.E (/home/devinlclarke/.vscode-server/bin/b7886d7461186a5eac768481578c1d7ca80e2d21/out/vs/workbench/api/node/extensionHostProcess.js:72:18982)
	at /home/devinlclarke/.vscode-server/bin/b7886d7461186a5eac768481578c1d7ca80e2d21/out/vs/workbench/api/node/extensionHostProcess.js:72:18161
	at E.invoke (/home/devinlclarke/.vscode-server/bin/b7886d7461186a5eac768481578c1d7ca80e2d21/out/vs/workbench/api/node/extensionHostProcess.js:63:145)
	at h.deliver (/home/devinlclarke/.vscode-server/bin/b7886d7461186a5eac768481578c1d7ca80e2d21/out/vs/workbench/api/node/extensionHostProcess.js:63:2121)
	at n.fire (/home/devinlclarke/.vscode-server/bin/b7886d7461186a5eac768481578c1d7ca80e2d21/out/vs/workbench/api/node/extensionHostProcess.js:63:1729)
	at d.acceptChunk (/home/devinlclarke/.vscode-server/bin/b7886d7461186a5eac768481578c1d7ca80e2d21/out/vs/workbench/api/node/extensionHostProcess.js:72:12647)
	at /home/devinlclarke/.vscode-server/bin/b7886d7461186a5eac768481578c1d7ca80e2d21/out/vs/workbench/api/node/extensionHostProcess.js:72:11934
	at E.invoke (/home/devinlclarke/.vscode-server/bin/b7886d7461186a5eac768481578c1d7ca80e2d21/out/vs/workbench/api/node/extensionHostProcess.js:63:145)
	at h.deliver (/home/devinlclarke/.vscode-server/bin/b7886d7461186a5eac768481578c1d7ca80e2d21/out/vs/workbench/api/node/extensionHostProcess.js:63:2121)
	at n.fire (/home/devinlclarke/.vscode-server/bin/b7886d7461186a5eac768481578c1d7ca80e2d21/out/vs/workbench/api/node/extensionHostProcess.js:63:1729)
	at n.u (/home/devinlclarke/.vscode-server/bin/b7886d7461186a5eac768481578c1d7ca80e2d21/out/vs/workbench/api/node/extensionHostProcess.js:72:28919)
	at n.acceptFrame (/home/devinlclarke/.vscode-server/bin/b7886d7461186a5eac768481578c1d7ca80e2d21/out/vs/workbench/api/node/extensionHostProcess.js:72:28725)
	at E.l (/home/devinlclarke/.vscode-server/bin/b7886d7461186a5eac768481578c1d7ca80e2d21/out/vs/workbench/api/node/extensionHostProcess.js:72:27312)
	at /home/devinlclarke/.vscode-server/bin/b7886d7461186a5eac768481578c1d7ca80e2d21/out/vs/workbench/api/node/extensionHostProcess.js:72:24635
	at Socket.s (/home/devinlclarke/.vscode-server/bin/b7886d7461186a5eac768481578c1d7ca80e2d21/out/vs/workbench/api/node/extensionHostProcess.js:72:22469)
	at Socket.emit (node:events:526:28)
	at addChunk (node:internal/streams/readable:315:12)
	at readableAddChunk (node:internal/streams/readable:289:9)
	at Socket.Readable.push (node:internal/streams/readable:228:10)
	at TCP.onStreamRead (node:internal/stream_base_commons:190:23) setContext undefined
2023-04-19 20:52:17.271 [info] Extension host with pid 1235 exiting with code 0
