[2023-03-24T23:32:17.949Z] starting `heroku update --autoupdate` from /home/devinlclarke/.nvm/versions/node/v16.19.1/bin/heroku --version
waiting until 2023-03-25T00:32:17.912Z to update
waiting until 2023-03-25T00:32:49.083Z to update
waiting until 2023-03-25T00:32:49.083Z to update
waiting until 2023-03-25T00:34:50.510Z to update
waiting until 2023-03-25T00:34:50.510Z to update
waiting until 2023-03-25T00:34:50.510Z to update
waiting until 2023-03-25T00:34:50.510Z to update
waiting until 2023-03-25T00:34:50.510Z to update
waiting until 2023-03-25T00:34:50.510Z to update
waiting until 2023-03-25T00:34:50.510Z to update
waiting until 2023-03-25T00:41:45.772Z to update
waiting until 2023-03-25T00:41:45.772Z to update
waiting until 2023-03-25T00:41:45.772Z to update
waiting until 2023-03-25T00:45:18.298Z to update
waiting until 2023-03-25T00:45:18.298Z to update
waiting until 2023-03-25T00:45:18.298Z to update
waiting until 2023-03-25T00:45:18.298Z to update
waiting until 2023-03-25T00:45:18.298Z to update
waiting until 2023-03-25T00:45:18.298Z to update
waiting until 2023-03-25T00:45:18.298Z to update
waiting until 2023-03-25T00:45:18.298Z to update
waiting until 2023-03-25T00:45:18.298Z to update
waiting until 2023-03-25T00:54:16.700Z to update
waiting until 2023-03-25T00:54:41.950Z to update
waiting until 2023-03-25T00:54:41.950Z to update
waiting until 2023-03-25T00:54:41.950Z to update
waiting until 2023-03-25T00:54:41.950Z to update
waiting until 2023-03-25T00:54:41.950Z to update
waiting until 2023-03-25T00:54:41.950Z to update
waiting until 2023-03-25T00:54:41.950Z to update
waiting until 2023-03-25T00:54:41.950Z to update
waiting until 2023-03-25T00:54:41.950Z to update
waiting until 2023-03-25T00:54:41.950Z to update
waiting until 2023-03-25T00:54:41.950Z to update
waiting until 2023-03-25T01:06:08.768Z to update
waiting until 2023-03-25T01:06:38.444Z to update
waiting until 2023-03-25T01:06:38.444Z to update
waiting until 2023-03-25T01:06:38.444Z to update
waiting until 2023-03-25T01:06:38.444Z to update
waiting until 2023-03-25T01:06:38.444Z to update
waiting until 2023-03-25T01:12:08.318Z to update
waiting until 2023-03-25T01:12:08.318Z to update
waiting until 2023-03-25T01:12:08.318Z to update
waiting until 2023-03-25T01:12:08.318Z to update
waiting until 2023-03-25T01:12:08.318Z to update
waiting until 2023-03-25T01:12:08.318Z to update
waiting until 2023-03-25T01:12:08.318Z to update
waiting until 2023-03-25T01:12:08.318Z to update
waiting until 2023-03-25T01:12:08.318Z to update
waiting until 2023-03-25T01:12:08.318Z to update
waiting until 2023-03-25T01:12:08.318Z to update
waiting until 2023-03-25T01:12:08.318Z to update
waiting until 2023-03-25T01:12:08.318Z to update
waiting until 2023-03-25T01:12:08.318Z to update
waiting until 2023-03-25T01:12:08.318Z to update
waiting until 2023-03-25T01:12:08.318Z to update
waiting until 2023-03-25T01:12:08.318Z to update
waiting until 2023-03-25T01:12:08.318Z to update
waiting until 2023-03-25T01:12:08.318Z to update
waiting until 2023-03-25T01:12:08.318Z to update
waiting until 2023-03-25T01:31:44.526Z to update
waiting until 2023-03-25T01:32:25.949Z to update
waiting until 2023-03-25T01:32:25.949Z to update
waiting until 2023-03-25T01:32:25.949Z to update
waiting until 2023-03-25T01:36:12.901Z to update
waiting until 2023-03-25T01:37:16.288Z to update
waiting until 2023-03-25T01:38:12.300Z to update
waiting until 2023-03-25T01:38:12.300Z to update
waiting until 2023-03-25T01:38:12.300Z to update
waiting until 2023-03-25T01:38:12.300Z to update
waiting until 2023-03-25T01:38:12.300Z to update
waiting until 2023-03-25T01:38:12.300Z to update
waiting until 2023-03-25T01:38:12.300Z to update
waiting until 2023-03-25T01:38:12.300Z to update
waiting until 2023-03-25T01:38:12.300Z to update
waiting until 2023-03-25T01:38:12.300Z to update
waiting until 2023-03-25T01:38:12.300Z to update
waiting until 2023-03-25T01:38:12.300Z to update
waiting until 2023-03-25T01:38:12.300Z to update
waiting until 2023-03-25T01:38:12.300Z to update
waiting until 2023-03-25T01:38:12.300Z to update
waiting until 2023-03-25T01:38:12.300Z to update
waiting until 2023-03-25T01:38:12.300Z to update
waiting until 2023-03-25T01:38:12.300Z to update
waiting until 2023-03-25T01:38:12.300Z to update
waiting until 2023-03-25T01:38:12.300Z to update
waiting until 2023-03-25T01:38:12.300Z to update
waiting until 2023-03-25T01:38:12.300Z to update
waiting until 2023-03-25T01:38:12.300Z to update
waiting until 2023-03-25T01:38:12.300Z to update
waiting until 2023-03-25T01:38:12.300Z to update
waiting until 2023-03-25T01:38:12.300Z to update
waiting until 2023-03-25T01:38:12.300Z to update
waiting until 2023-03-25T01:38:12.300Z to update
waiting until 2023-03-25T01:38:12.300Z to update
waiting until 2023-03-25T01:38:12.300Z to update
waiting until 2023-03-25T01:38:12.300Z to update
waiting until 2023-03-25T01:38:12.300Z to update
waiting until 2023-03-25T01:38:12.300Z to update
waiting until 2023-03-25T01:38:12.300Z to update
waiting until 2023-03-25T01:38:12.300Z to update
waiting until 2023-03-25T01:38:12.300Z to update
waiting until 2023-03-25T01:38:12.300Z to update
waiting until 2023-03-25T01:38:12.300Z to update
waiting until 2023-03-25T01:38:12.300Z to update
waiting until 2023-03-25T01:38:12.300Z to update
waiting until 2023-03-25T01:38:12.300Z to update
waiting until 2023-03-25T01:38:12.300Z to update
waiting until 2023-03-25T01:38:12.300Z to update
waiting until 2023-03-25T01:38:12.300Z to update
waiting until 2023-03-25T01:38:12.300Z to update
waiting until 2023-03-25T01:38:12.300Z to update
waiting until 2023-03-25T01:38:12.300Z to update
waiting until 2023-03-25T01:38:12.300Z to update
waiting until 2023-03-25T01:38:12.300Z to update
waiting until 2023-03-25T01:38:12.300Z to update
waiting until 2023-03-25T01:38:12.300Z to update
waiting until 2023-03-25T01:38:12.300Z to update
waiting until 2023-03-25T01:38:12.300Z to update
waiting until 2023-03-25T01:38:12.300Z to update
waiting until 2023-03-25T01:38:12.300Z to update
waiting until 2023-03-25T01:38:12.300Z to update
waiting until 2023-03-25T01:38:12.300Z to update
waiting until 2023-03-25T01:38:12.300Z to update
waiting until 2023-03-25T01:38:12.300Z to update
waiting until 2023-03-25T01:38:12.300Z to update
time to update
heroku: Updating CLI... not updatable
 ›   Warning: update with: "npm update -g heroku"
