2023-04-19 22:26:45.231 [info] Log level: Info
2023-04-19 22:26:45.231 [info] Validating found git in: "git"
2023-04-19 22:26:45.231 [info] Using git "2.17.1" from "git"
2023-04-19 22:26:45.231 [info] > git rev-parse --show-toplevel [30ms]
2023-04-19 22:26:45.231 [info] > git rev-parse --show-toplevel [1ms]
2023-04-19 22:26:45.457 [info] > git rev-parse --show-toplevel [5ms]
2023-04-19 22:28:43.333 [info] > git rev-parse --show-toplevel [46ms]
2023-04-19 22:34:58.431 [info] > git rev-parse --show-toplevel [1ms]
2023-04-19 22:34:58.437 [info] > git rev-parse --git-dir --git-common-dir [1ms]
2023-04-19 22:34:58.444 [info] Open repository: /home/devinlclarke/converter_project/converter_walkthrough/exchange-rate-site
2023-04-19 22:34:58.450 [info] > git config --get commit.template [1ms]
2023-04-19 22:34:58.455 [info] No remotes found in the git config file.
2023-04-19 22:34:58.456 [info] > git for-each-ref --format=%(refname)%00%(upstream:short)%00%(objectname)%00%(upstream:track)%00%(upstream:remotename)%00%(upstream:remoteref) refs/heads/master refs/remotes/master [2ms]
2023-04-19 22:34:58.460 [info] > git status -z -uall [1ms]
2023-04-19 22:34:58.477 [info] > git config --get commit.template [2ms]
2023-04-19 22:34:58.483 [info] No remotes found in the git config file.
2023-04-19 22:34:58.484 [info] > git for-each-ref --format=%(refname)%00%(upstream:short)%00%(objectname)%00%(upstream:track)%00%(upstream:remotename)%00%(upstream:remoteref) refs/heads/master refs/remotes/master [1ms]
2023-04-19 22:34:58.498 [info] > git status -z -uall [9ms]
2023-04-19 22:34:58.777 [info] > git show --textconv :src/App.js [3ms]
2023-04-19 22:34:58.778 [info] > git ls-files --stage -- /home/devinlclarke/converter_project/converter_walkthrough/exchange-rate-site/src/App.js [1ms]
2023-04-19 22:34:58.977 [info] > git check-ignore -v -z --stdin [1ms]
2023-04-19 22:35:05.953 [info] > git rev-parse --show-toplevel [1ms]
2023-04-19 22:35:37.543 [info] > git add -A -- . [48ms]
2023-04-19 22:35:37.557 [info] > git -c user.useConfigOnly=true commit --quiet --allow-empty-message --file - [10ms]
2023-04-19 22:35:37.561 [info] > git config --get commit.template [0ms]
2023-04-19 22:35:37.568 [info] > git config --get commit.template [1ms]
2023-04-19 22:35:37.572 [info] No remotes found in the git config file.
2023-04-19 22:35:37.574 [info] > git for-each-ref --format=%(refname)%00%(upstream:short)%00%(objectname)%00%(upstream:track)%00%(upstream:remotename)%00%(upstream:remoteref) refs/heads/master refs/remotes/master [3ms]
2023-04-19 22:35:37.578 [info] > git status -z -uall [1ms]
2023-04-19 22:35:37.775 [info] No remotes found in the git config file.
2023-04-19 22:35:37.783 [info] > git config --get commit.template [9ms]
2023-04-19 22:35:37.784 [info] > git for-each-ref --format=%(refname)%00%(upstream:short)%00%(objectname)%00%(upstream:track)%00%(upstream:remotename)%00%(upstream:remoteref) refs/heads/master refs/remotes/master [2ms]
2023-04-19 22:35:37.788 [info] > git status -z -uall [2ms]
2023-04-19 22:35:38.879 [info] > git ls-files --stage -- /home/devinlclarke/converter_project/converter_walkthrough/exchange-rate-site/src/App.js [1ms]
2023-04-19 22:35:38.883 [info] > git cat-file -s 37845757234ccb68531c10cf7a2ffc589c47e342 [1ms]
2023-04-19 22:35:38.894 [info] > git show --textconv :src/App.js [1ms]
2023-04-19 22:35:52.326 [info] > git remote add origin https://github.com/JamoDevy/exchange-rate-site.git [6ms]
2023-04-19 22:35:52.334 [info] > git config --get commit.template [1ms]
2023-04-19 22:35:52.339 [info] > git for-each-ref --format=%(refname)%00%(upstream:short)%00%(objectname)%00%(upstream:track)%00%(upstream:remotename)%00%(upstream:remoteref) refs/heads/master refs/remotes/master [0ms]
2023-04-19 22:35:52.344 [info] > git status -z -uall [1ms]
2023-04-19 22:35:53.344 [info] > git push -u origin master [995ms]
2023-04-19 22:35:53.344 [info] To https://github.com/JamoDevy/exchange-rate-site.git
 * [new branch]      master -> master
2023-04-19 22:35:53.352 [info] > git config --get commit.template [4ms]
2023-04-19 22:35:53.352 [info] > git for-each-ref --format=%(refname)%00%(upstream:short)%00%(objectname)%00%(upstream:track)%00%(upstream:remotename)%00%(upstream:remoteref) refs/heads/master refs/remotes/master [1ms]
2023-04-19 22:35:53.356 [info] > git status -z -uall [1ms]
2023-04-19 22:35:54.415 [info] > git config --get commit.template [1ms]
2023-04-19 22:35:54.419 [info] > git for-each-ref --format=%(refname)%00%(upstream:short)%00%(objectname)%00%(upstream:track)%00%(upstream:remotename)%00%(upstream:remoteref) refs/heads/master refs/remotes/master [1ms]
2023-04-19 22:35:54.423 [info] > git status -z -uall [1ms]
2023-04-19 22:35:54.520 [info] > git ls-files --stage -- /home/devinlclarke/converter_project/converter_walkthrough/exchange-rate-site/src/App.js [1ms]
2023-04-19 22:35:54.524 [info] > git cat-file -s 37845757234ccb68531c10cf7a2ffc589c47e342 [0ms]
2023-04-19 22:35:54.534 [info] > git show --textconv :src/App.js [1ms]
2023-04-19 22:41:01.389 [info] > git config --get commit.template [1ms]
2023-04-19 22:41:01.396 [info] > git for-each-ref --format=%(refname)%00%(upstream:short)%00%(objectname)%00%(upstream:track)%00%(upstream:remotename)%00%(upstream:remoteref) refs/heads/gh-pages refs/remotes/gh-pages [1ms]
2023-04-19 22:41:01.399 [info] > git status -z -uall [1ms]
2023-04-19 22:41:01.496 [info] > git ls-files --stage -- /home/devinlclarke/converter_project/converter_walkthrough/exchange-rate-site/src/App.js [1ms]
2023-04-19 22:41:01.502 [info] > git cat-file -s 37845757234ccb68531c10cf7a2ffc589c47e342 [1ms]
2023-04-19 22:41:01.518 [info] > git show --textconv :src/App.js [1ms]
2023-04-19 22:41:33.140 [info] > git config --get commit.template [2ms]
2023-04-19 22:41:33.147 [info] > git for-each-ref --format=%(refname)%00%(upstream:short)%00%(objectname)%00%(upstream:track)%00%(upstream:remotename)%00%(upstream:remoteref) refs/heads/gh-pages refs/remotes/gh-pages [1ms]
2023-04-19 22:41:33.152 [info] > git status -z -uall [1ms]
2023-04-19 22:41:33.247 [info] > git ls-files --stage -- /home/devinlclarke/converter_project/converter_walkthrough/exchange-rate-site/src/App.js [1ms]
2023-04-19 22:41:33.253 [info] > git cat-file -s 37845757234ccb68531c10cf7a2ffc589c47e342 [1ms]
2023-04-19 22:41:33.314 [info] > git show --textconv :src/App.js [2ms]
2023-04-19 22:42:06.106 [info] > git config --get commit.template [1ms]
2023-04-19 22:42:06.111 [info] > git for-each-ref --format=%(refname)%00%(upstream:short)%00%(objectname)%00%(upstream:track)%00%(upstream:remotename)%00%(upstream:remoteref) refs/heads/gh-pages refs/remotes/gh-pages [1ms]
2023-04-19 22:42:06.116 [info] > git status -z -uall [0ms]
2023-04-19 22:42:06.211 [info] > git ls-files --stage -- /home/devinlclarke/converter_project/converter_walkthrough/exchange-rate-site/src/App.js [1ms]
2023-04-19 22:42:06.215 [info] > git cat-file -s 37845757234ccb68531c10cf7a2ffc589c47e342 [1ms]
2023-04-19 22:42:06.224 [info] > git show --textconv :src/App.js [0ms]
2023-04-19 23:35:31.272 [info] > git ls-files --stage -- /home/devinlclarke/converter_project/converter_walkthrough/exchange-rate-site/package-lock.json [1ms]
2023-04-19 23:35:31.277 [info] > git cat-file -s bfa0bc3a365bc47bb0276dbe067c23fae5c3c88d [1ms]
2023-04-19 23:35:31.280 [info] > git show --textconv :package-lock.json [17ms]
2023-04-19 23:35:33.626 [info] > git show --textconv :package.json [4ms]
2023-04-19 23:35:33.626 [info] > git ls-files --stage -- /home/devinlclarke/converter_project/converter_walkthrough/exchange-rate-site/package.json [1ms]
2023-04-19 23:35:33.632 [info] > git cat-file -s 1832eea48ca534c26aef4f81249b90f9486d1a7f [2ms]
2023-04-19 23:35:51.911 [info] > git config --get commit.template [1ms]
2023-04-19 23:35:51.916 [info] > git for-each-ref --format=%(refname)%00%(upstream:short)%00%(objectname)%00%(upstream:track)%00%(upstream:remotename)%00%(upstream:remoteref) refs/heads/gh-pages refs/remotes/gh-pages [1ms]
2023-04-19 23:35:51.920 [info] > git status -z -uall [1ms]
2023-04-19 23:35:56.942 [info] > git config --get commit.template [7ms]
2023-04-19 23:35:56.942 [info] > git for-each-ref --format=%(refname)%00%(upstream:short)%00%(objectname)%00%(upstream:track)%00%(upstream:remotename)%00%(upstream:remoteref) refs/heads/gh-pages refs/remotes/gh-pages [2ms]
2023-04-19 23:35:56.948 [info] > git status -z -uall [1ms]
2023-04-19 23:36:01.956 [info] > git config --get commit.template [0ms]
2023-04-19 23:36:01.961 [info] > git for-each-ref --format=%(refname)%00%(upstream:short)%00%(objectname)%00%(upstream:track)%00%(upstream:remotename)%00%(upstream:remoteref) refs/heads/gh-pages refs/remotes/gh-pages [1ms]
2023-04-19 23:36:01.966 [info] > git status -z -uall [1ms]
2023-04-19 23:36:17.218 [info] > git config --get commit.template [1ms]
2023-04-19 23:36:17.226 [info] > git for-each-ref --format=%(refname)%00%(upstream:short)%00%(objectname)%00%(upstream:track)%00%(upstream:remotename)%00%(upstream:remoteref) refs/heads/gh-pages refs/remotes/gh-pages [2ms]
2023-04-19 23:36:17.232 [info] > git status -z -uall [2ms]
2023-04-19 23:37:13.224 [info] > git config --get commit.template [1ms]
2023-04-19 23:37:13.229 [info] > git for-each-ref --format=%(refname)%00%(upstream:short)%00%(objectname)%00%(upstream:track)%00%(upstream:remotename)%00%(upstream:remoteref) refs/heads/gh-pages refs/remotes/gh-pages [1ms]
2023-04-19 23:37:13.233 [info] > git status -z -uall [1ms]
2023-04-19 23:37:36.808 [info] > git config --get commit.template [6ms]
2023-04-19 23:37:36.808 [info] > git for-each-ref --format=%(refname)%00%(upstream:short)%00%(objectname)%00%(upstream:track)%00%(upstream:remotename)%00%(upstream:remoteref) refs/heads/gh-pages refs/remotes/gh-pages [1ms]
2023-04-19 23:37:36.813 [info] > git status -z -uall [1ms]
2023-04-19 23:38:57.180 [info] > git config --get commit.template [1ms]
2023-04-19 23:38:57.187 [info] > git for-each-ref --format=%(refname)%00%(upstream:short)%00%(objectname)%00%(upstream:track)%00%(upstream:remotename)%00%(upstream:remoteref) refs/heads/gh-pages refs/remotes/gh-pages [1ms]
2023-04-19 23:38:57.194 [info] > git status -z -uall [0ms]
2023-04-19 23:39:00.974 [info] > git show --textconv :src/App.js [10ms]
2023-04-19 23:39:00.974 [info] > git ls-files --stage -- /home/devinlclarke/converter_project/converter_walkthrough/exchange-rate-site/src/App.js [1ms]
2023-04-19 23:39:00.981 [info] > git cat-file -s 37845757234ccb68531c10cf7a2ffc589c47e342 [1ms]
2023-04-20 00:41:01.391 [info] > git config --get commit.template [0ms]
2023-04-20 00:41:01.398 [info] > git for-each-ref --format=%(refname)%00%(upstream:short)%00%(objectname)%00%(upstream:track)%00%(upstream:remotename)%00%(upstream:remoteref) refs/heads/gh-pages refs/remotes/gh-pages [1ms]
2023-04-20 00:41:01.403 [info] > git status -z -uall [1ms]
2023-04-20 00:41:01.426 [info] > git check-ignore -v -z --stdin [2ms]
2023-04-20 00:41:06.413 [info] > git config --get commit.template [1ms]
2023-04-20 00:41:06.417 [info] > git for-each-ref --format=%(refname)%00%(upstream:short)%00%(objectname)%00%(upstream:track)%00%(upstream:remotename)%00%(upstream:remoteref) refs/heads/gh-pages refs/remotes/gh-pages [1ms]
2023-04-20 00:41:06.422 [info] > git status -z -uall [1ms]
2023-04-20 00:43:15.046 [info] > git add -A -- . [27ms]
2023-04-20 00:43:15.057 [info] > git -c user.useConfigOnly=true commit --quiet --allow-empty-message --file - [7ms]
2023-04-20 00:43:15.062 [info] > git config --get commit.template [0ms]
2023-04-20 00:43:15.075 [info] > git config --get commit.template [6ms]
2023-04-20 00:43:15.075 [info] > git for-each-ref --format=%(refname)%00%(upstream:short)%00%(objectname)%00%(upstream:track)%00%(upstream:remotename)%00%(upstream:remoteref) refs/heads/gh-pages refs/remotes/gh-pages [1ms]
2023-04-20 00:43:15.080 [info] > git status -z -uall [1ms]
2023-04-20 00:43:15.184 [info] > git config --get commit.template [1ms]
2023-04-20 00:43:15.193 [info] > git for-each-ref --format=%(refname)%00%(upstream:short)%00%(objectname)%00%(upstream:track)%00%(upstream:remotename)%00%(upstream:remoteref) refs/heads/gh-pages refs/remotes/gh-pages [1ms]
2023-04-20 00:43:15.201 [info] > git status -z -uall [3ms]
2023-04-20 00:43:16.216 [info] > git config --get commit.template [1ms]
2023-04-20 00:43:16.221 [info] > git for-each-ref --format=%(refname)%00%(upstream:short)%00%(objectname)%00%(upstream:track)%00%(upstream:remotename)%00%(upstream:remoteref) refs/heads/gh-pages refs/remotes/gh-pages [1ms]
2023-04-20 00:43:16.227 [info] > git status -z -uall [1ms]
2023-04-20 00:43:16.327 [info] > git ls-files --stage -- /home/devinlclarke/converter_project/converter_walkthrough/exchange-rate-site/package.json [6ms]
2023-04-20 00:43:16.331 [info] > git ls-files --stage -- /home/devinlclarke/converter_project/converter_walkthrough/exchange-rate-site/src/App.js [5ms]
2023-04-20 00:43:16.335 [info] > git cat-file -s a204b56ec6433dcc54308c06d0d5ce16b3a64b41 [4ms]
2023-04-20 00:43:16.336 [info] > git cat-file -s 37845757234ccb68531c10cf7a2ffc589c47e342 [1ms]
2023-04-20 00:43:16.351 [info] > git show --textconv :package.json [4ms]
2023-04-20 00:43:16.352 [info] > git show --textconv :src/App.js [1ms]
2023-04-20 00:43:16.800 [info] > git log --oneline --cherry gh-pages...gh-pages@{upstream} -- [1ms]
2023-04-20 00:43:17.181 [info] > git pull --tags origin gh-pages [375ms]
2023-04-20 00:43:17.181 [info] From https://github.com/JamoDevy/exchange-rate-site
 * branch            gh-pages   -> FETCH_HEAD
   9e761df..d7dcf75  gh-pages   -> origin/gh-pages
2023-04-20 00:43:17.186 [info] > git for-each-ref --format=%(refname)%00%(upstream:short)%00%(objectname)%00%(upstream:track)%00%(upstream:remotename)%00%(upstream:remoteref) refs/heads/gh-pages refs/remotes/gh-pages [1ms]
2023-04-20 00:43:17.281 [info] > git status -z -uall [89ms] (cancelled)
2023-04-20 00:43:17.282 [info] > git check-ignore -v -z --stdin [2ms]
2023-04-20 00:43:18.476 [info] > git ls-files --stage -- /home/devinlclarke/converter_project/converter_walkthrough/exchange-rate-site/package.json [7ms]
2023-04-20 00:43:18.481 [info] > git ls-files --stage -- /home/devinlclarke/converter_project/converter_walkthrough/exchange-rate-site/src/App.js [7ms]
2023-04-20 00:43:18.482 [info] > git cat-file -s 1832eea48ca534c26aef4f81249b90f9486d1a7f [1ms]
2023-04-20 00:43:18.499 [info] > git show --textconv :src/App.js [4ms]
2023-04-20 00:43:18.499 [info] > git show --textconv :package.json [1ms]
2023-04-20 00:43:34.341 [info] > git check-ignore -v -z --stdin [2ms]
2023-04-20 00:43:51.430 [info] > git check-ignore -v -z --stdin [1ms]
2023-04-20 00:43:52.796 [info] > git check-ignore -v -z --stdin [1ms]
2023-04-20 00:43:57.173 [info] > git show -s --format=%H%n%aN%n%aE%n%at%n%ct%n%P%n%D%n%B -z HEAD [6ms]
2023-04-20 00:43:57.175 [info] > git show -s --format=%H%n%aN%n%aE%n%at%n%ct%n%P%n%D%n%B -z MERGE_HEAD [3ms]
2023-04-20 00:43:57.263 [info] > git show --textconv :1:package.json [29ms]
2023-04-20 00:43:57.263 [info] > git show --textconv d7dcf75f870e38a4074afa222eb20b34b5da7026:package.json [24ms]
2023-04-20 00:43:57.263 [info] > git show --textconv cf998d8328a866af026e347c314ba542efb382a5:package.json [16ms]
2023-04-20 00:43:57.263 [info] > git ls-tree -l cf998d8328a866af026e347c314ba542efb382a5 -- /home/devinlclarke/converter_project/converter_walkthrough/exchange-rate-site/package.json [1ms]
2023-04-20 00:43:57.266 [info] > git ls-tree -l d7dcf75f870e38a4074afa222eb20b34b5da7026 -- /home/devinlclarke/converter_project/converter_walkthrough/exchange-rate-site/package.json [9ms]
2023-04-20 00:43:57.266 [info] > git ls-tree -l :1 -- /home/devinlclarke/converter_project/converter_walkthrough/exchange-rate-site/package.json [14ms]
2023-04-20 00:43:57.266 [info] fatal: Not a valid object name :1
2023-04-20 00:44:00.229 [info] > git add -A -- /home/devinlclarke/converter_project/converter_walkthrough/exchange-rate-site/package.json [6ms]
2023-04-20 00:44:00.250 [info] > git for-each-ref --format=%(refname)%00%(upstream:short)%00%(objectname)%00%(upstream:track)%00%(upstream:remotename)%00%(upstream:remoteref) refs/heads/gh-pages refs/remotes/gh-pages [2ms]
2023-04-20 00:44:01.161 [info] > git status -z -uall [904ms] (cancelled)
2023-04-20 00:44:02.283 [info] > git ls-files --stage -- /home/devinlclarke/converter_project/converter_walkthrough/exchange-rate-site/package.json [1ms]
2023-04-20 00:44:02.291 [info] > git cat-file -s a204b56ec6433dcc54308c06d0d5ce16b3a64b41 [1ms]
2023-04-20 00:44:02.313 [info] > git show --textconv :package.json [1ms]
2023-04-20 00:44:08.218 [info] > git -c user.useConfigOnly=true commit --quiet --allow-empty-message --file - [3ms]
2023-04-20 00:44:08.218 [info] error: Committing is not possible because you have unmerged files.
hint: Fix them up in the work tree, and then use 'git add/rm <file>'
hint: as appropriate to mark resolution and make a commit.
fatal: Exiting because of an unresolved conflict.
2023-04-20 00:44:08.229 [info] > git for-each-ref --format=%(refname)%00%(upstream:short)%00%(objectname)%00%(upstream:track)%00%(upstream:remotename)%00%(upstream:remoteref) refs/heads/gh-pages refs/remotes/gh-pages [2ms]
2023-04-20 00:44:08.381 [info] > git status -z -uall [146ms] (cancelled)
2023-04-20 00:45:00.793 [info] > git check-ignore -v -z --stdin [1ms]
2023-04-20 00:45:12.994 [info] > git -c user.useConfigOnly=true commit --quiet [2ms]
2023-04-20 00:45:12.994 [info] error: Committing is not possible because you have unmerged files.
hint: Fix them up in the work tree, and then use 'git add/rm <file>'
hint: as appropriate to mark resolution and make a commit.
fatal: Exiting because of an unresolved conflict.
2023-04-20 00:45:13.001 [info] > git for-each-ref --format=%(refname)%00%(upstream:short)%00%(objectname)%00%(upstream:track)%00%(upstream:remotename)%00%(upstream:remoteref) refs/heads/gh-pages refs/remotes/gh-pages [1ms]
2023-04-20 00:45:13.199 [info] > git status -z -uall [193ms] (cancelled)
2023-04-20 00:45:48.987 [info] > git check-ignore -v -z --stdin [1ms]
2023-04-20 00:45:50.069 [info] > git check-ignore -v -z --stdin [1ms]
